{"total": {"lines":{"total":348,"covered":345,"skipped":0,"pct":99.13},"statements":{"total":348,"covered":345,"skipped":0,"pct":99.13},"functions":{"total":11,"covered":10,"skipped":0,"pct":90.9},"branches":{"total":26,"covered":26,"skipped":0,"pct":100},"branchesTrue":{"total":0,"covered":0,"skipped":0,"pct":"Unknown"}}
,"/Users/colinnielsen/code/tevm-monorepo/packages/common-effect/src/CommonFromConfig.js": {"lines":{"total":105,"covered":105,"skipped":0,"pct":100},"functions":{"total":4,"covered":4,"skipped":0,"pct":100},"statements":{"total":105,"covered":105,"skipped":0,"pct":100},"branches":{"total":13,"covered":13,"skipped":0,"pct":100}}
,"/Users/colinnielsen/code/tevm-monorepo/packages/common-effect/src/CommonFromFork.js": {"lines":{"total":100,"covered":100,"skipped":0,"pct":100},"functions":{"total":4,"covered":4,"skipped":0,"pct":100},"statements":{"total":100,"covered":100,"skipped":0,"pct":100},"branches":{"total":11,"covered":11,"skipped":0,"pct":100}}
,"/Users/colinnielsen/code/tevm-monorepo/packages/common-effect/src/CommonLocal.js": {"lines":{"total":76,"covered":73,"skipped":0,"pct":96.05},"functions":{"total":3,"covered":2,"skipped":0,"pct":66.66},"statements":{"total":76,"covered":73,"skipped":0,"pct":96.05},"branches":{"total":2,"covered":2,"skipped":0,"pct":100}}
,"/Users/colinnielsen/code/tevm-monorepo/packages/common-effect/src/CommonService.js": {"lines":{"total":67,"covered":67,"skipped":0,"pct":100},"functions":{"total":0,"covered":0,"skipped":0,"pct":100},"statements":{"total":67,"covered":67,"skipped":0,"pct":100},"branches":{"total":0,"covered":0,"skipped":0,"pct":100}}
}
