{"/Users/colinnielsen/code/tevm-monorepo/packages/memory-client-effect/src/MemoryClientLive.js": {"path":"/Users/colinnielsen/code/tevm-monorepo/packages/memory-client-effect/src/MemoryClientLive.js","all":false,"statementMap":{"0":{"start":{"line":1,"column":0},"end":{"line":1,"column":3}},"1":{"start":{"line":2,"column":0},"end":{"line":2,"column":54}},"2":{"start":{"line":3,"column":0},"end":{"line":3,"column":58}},"3":{"start":{"line":4,"column":0},"end":{"line":4,"column":3}},"5":{"start":{"line":6,"column":0},"end":{"line":6,"column":43}},"6":{"start":{"line":7,"column":0},"end":{"line":7,"column":62}},"7":{"start":{"line":8,"column":0},"end":{"line":8,"column":81}},"8":{"start":{"line":9,"column":0},"end":{"line":9,"column":43}},"9":{"start":{"line":10,"column":0},"end":{"line":10,"column":51}},"10":{"start":{"line":11,"column":0},"end":{"line":11,"column":82}},"11":{"start":{"line":12,"column":0},"end":{"line":12,"column":79}},"12":{"start":{"line":13,"column":0},"end":{"line":13,"column":62}},"13":{"start":{"line":14,"column":0},"end":{"line":14,"column":51}},"14":{"start":{"line":15,"column":0},"end":{"line":15,"column":71}},"16":{"start":{"line":17,"column":0},"end":{"line":17,"column":3}},"17":{"start":{"line":18,"column":0},"end":{"line":18,"column":44}},"18":{"start":{"line":19,"column":0},"end":{"line":19,"column":47}},"19":{"start":{"line":20,"column":0},"end":{"line":20,"column":57}},"20":{"start":{"line":21,"column":0},"end":{"line":21,"column":3}},"21":{"start":{"line":22,"column":0},"end":{"line":22,"column":47}},"22":{"start":{"line":23,"column":0},"end":{"line":23,"column":64}},"23":{"start":{"line":24,"column":0},"end":{"line":24,"column":40}},"24":{"start":{"line":25,"column":0},"end":{"line":25,"column":1}},"26":{"start":{"line":27,"column":0},"end":{"line":27,"column":3}},"27":{"start":{"line":28,"column":0},"end":{"line":28,"column":78}},"28":{"start":{"line":29,"column":0},"end":{"line":29,"column":80}},"29":{"start":{"line":30,"column":0},"end":{"line":30,"column":74}},"30":{"start":{"line":31,"column":0},"end":{"line":31,"column":2}},"31":{"start":{"line":32,"column":0},"end":{"line":32,"column":26}},"32":{"start":{"line":33,"column":0},"end":{"line":33,"column":21}},"33":{"start":{"line":34,"column":0},"end":{"line":34,"column":3}},"34":{"start":{"line":35,"column":0},"end":{"line":35,"column":43}},"35":{"start":{"line":36,"column":0},"end":{"line":36,"column":43}},"36":{"start":{"line":37,"column":0},"end":{"line":37,"column":1}},"38":{"start":{"line":39,"column":0},"end":{"line":39,"column":3}},"39":{"start":{"line":40,"column":0},"end":{"line":40,"column":67}},"40":{"start":{"line":41,"column":0},"end":{"line":41,"column":69}},"41":{"start":{"line":42,"column":0},"end":{"line":42,"column":69}},"42":{"start":{"line":43,"column":0},"end":{"line":43,"column":57}},"43":{"start":{"line":44,"column":0},"end":{"line":44,"column":2}},"44":{"start":{"line":45,"column":0},"end":{"line":45,"column":52}},"45":{"start":{"line":46,"column":0},"end":{"line":46,"column":81}},"46":{"start":{"line":47,"column":0},"end":{"line":47,"column":3}},"47":{"start":{"line":48,"column":0},"end":{"line":48,"column":56}},"48":{"start":{"line":49,"column":0},"end":{"line":49,"column":28}},"49":{"start":{"line":50,"column":0},"end":{"line":50,"column":38}},"50":{"start":{"line":51,"column":0},"end":{"line":51,"column":70}},"51":{"start":{"line":52,"column":0},"end":{"line":52,"column":2}},"53":{"start":{"line":54,"column":0},"end":{"line":54,"column":6}},"54":{"start":{"line":55,"column":0},"end":{"line":55,"column":63}},"55":{"start":{"line":56,"column":0},"end":{"line":56,"column":45}},"56":{"start":{"line":57,"column":0},"end":{"line":57,"column":78}},"57":{"start":{"line":58,"column":0},"end":{"line":58,"column":53}},"58":{"start":{"line":59,"column":0},"end":{"line":59,"column":45}},"59":{"start":{"line":60,"column":0},"end":{"line":60,"column":41}},"60":{"start":{"line":61,"column":0},"end":{"line":61,"column":14}},"61":{"start":{"line":62,"column":0},"end":{"line":62,"column":10}},"62":{"start":{"line":63,"column":0},"end":{"line":63,"column":16}},"63":{"start":{"line":64,"column":0},"end":{"line":64,"column":82}},"64":{"start":{"line":65,"column":0},"end":{"line":65,"column":3}},"65":{"start":{"line":66,"column":0},"end":{"line":66,"column":2}},"66":{"start":{"line":67,"column":0},"end":{"line":67,"column":1}},"68":{"start":{"line":69,"column":0},"end":{"line":69,"column":3}},"69":{"start":{"line":70,"column":0},"end":{"line":70,"column":53}},"70":{"start":{"line":71,"column":0},"end":{"line":71,"column":43}},"71":{"start":{"line":72,"column":0},"end":{"line":72,"column":66}},"72":{"start":{"line":73,"column":0},"end":{"line":73,"column":26}},"73":{"start":{"line":74,"column":0},"end":{"line":74,"column":21}},"74":{"start":{"line":75,"column":0},"end":{"line":75,"column":3}},"75":{"start":{"line":76,"column":0},"end":{"line":76,"column":37}},"76":{"start":{"line":77,"column":0},"end":{"line":77,"column":37}},"77":{"start":{"line":78,"column":0},"end":{"line":78,"column":1}},"79":{"start":{"line":80,"column":0},"end":{"line":80,"column":3}},"80":{"start":{"line":81,"column":0},"end":{"line":81,"column":70}},"81":{"start":{"line":82,"column":0},"end":{"line":82,"column":67}},"82":{"start":{"line":83,"column":0},"end":{"line":83,"column":56}},"83":{"start":{"line":84,"column":0},"end":{"line":84,"column":3}},"84":{"start":{"line":85,"column":0},"end":{"line":85,"column":54}},"86":{"start":{"line":87,"column":0},"end":{"line":87,"column":3}},"87":{"start":{"line":88,"column":0},"end":{"line":88,"column":67}},"88":{"start":{"line":89,"column":0},"end":{"line":89,"column":28}},"89":{"start":{"line":90,"column":0},"end":{"line":90,"column":38}},"90":{"start":{"line":91,"column":0},"end":{"line":91,"column":3}},"91":{"start":{"line":92,"column":0},"end":{"line":92,"column":31}},"92":{"start":{"line":93,"column":0},"end":{"line":93,"column":116}},"93":{"start":{"line":94,"column":0},"end":{"line":94,"column":15}},"94":{"start":{"line":95,"column":0},"end":{"line":95,"column":41}},"95":{"start":{"line":96,"column":0},"end":{"line":96,"column":71}},"96":{"start":{"line":97,"column":0},"end":{"line":97,"column":2}},"97":{"start":{"line":98,"column":0},"end":{"line":98,"column":53}},"98":{"start":{"line":99,"column":0},"end":{"line":99,"column":1}},"100":{"start":{"line":101,"column":0},"end":{"line":101,"column":3}},"101":{"start":{"line":102,"column":0},"end":{"line":102,"column":35}},"102":{"start":{"line":103,"column":0},"end":{"line":103,"column":263}},"103":{"start":{"line":104,"column":0},"end":{"line":104,"column":263}},"104":{"start":{"line":105,"column":0},"end":{"line":105,"column":221}},"105":{"start":{"line":106,"column":0},"end":{"line":106,"column":233}},"106":{"start":{"line":107,"column":0},"end":{"line":107,"column":243}},"107":{"start":{"line":108,"column":0},"end":{"line":108,"column":3}},"109":{"start":{"line":110,"column":0},"end":{"line":110,"column":3}},"110":{"start":{"line":111,"column":0},"end":{"line":111,"column":73}},"111":{"start":{"line":112,"column":0},"end":{"line":112,"column":76}},"112":{"start":{"line":113,"column":0},"end":{"line":113,"column":2}},"113":{"start":{"line":114,"column":0},"end":{"line":114,"column":71}},"114":{"start":{"line":115,"column":0},"end":{"line":115,"column":59}},"115":{"start":{"line":116,"column":0},"end":{"line":116,"column":3}},"116":{"start":{"line":117,"column":0},"end":{"line":117,"column":48}},"117":{"start":{"line":118,"column":0},"end":{"line":118,"column":9}},"118":{"start":{"line":119,"column":0},"end":{"line":119,"column":5}},"119":{"start":{"line":120,"column":0},"end":{"line":120,"column":63}},"120":{"start":{"line":121,"column":0},"end":{"line":121,"column":68}},"121":{"start":{"line":122,"column":0},"end":{"line":122,"column":192}},"122":{"start":{"line":123,"column":0},"end":{"line":123,"column":5}},"123":{"start":{"line":124,"column":0},"end":{"line":124,"column":25}},"124":{"start":{"line":125,"column":0},"end":{"line":125,"column":28}},"125":{"start":{"line":126,"column":0},"end":{"line":126,"column":69}},"126":{"start":{"line":127,"column":0},"end":{"line":127,"column":26}},"127":{"start":{"line":128,"column":0},"end":{"line":128,"column":31}},"128":{"start":{"line":129,"column":0},"end":{"line":129,"column":30}},"129":{"start":{"line":130,"column":0},"end":{"line":130,"column":28}},"130":{"start":{"line":131,"column":0},"end":{"line":131,"column":14}},"131":{"start":{"line":132,"column":0},"end":{"line":132,"column":44}},"132":{"start":{"line":133,"column":0},"end":{"line":133,"column":8}},"133":{"start":{"line":134,"column":0},"end":{"line":134,"column":6}},"134":{"start":{"line":135,"column":0},"end":{"line":135,"column":5}},"136":{"start":{"line":137,"column":0},"end":{"line":137,"column":56}},"137":{"start":{"line":138,"column":0},"end":{"line":138,"column":56}},"138":{"start":{"line":139,"column":0},"end":{"line":139,"column":60}},"139":{"start":{"line":140,"column":0},"end":{"line":140,"column":18}},"140":{"start":{"line":141,"column":0},"end":{"line":141,"column":25}},"141":{"start":{"line":142,"column":0},"end":{"line":142,"column":139}},"142":{"start":{"line":143,"column":0},"end":{"line":143,"column":97}},"143":{"start":{"line":144,"column":0},"end":{"line":144,"column":9}},"144":{"start":{"line":145,"column":0},"end":{"line":145,"column":6}},"146":{"start":{"line":147,"column":0},"end":{"line":147,"column":35}},"147":{"start":{"line":148,"column":0},"end":{"line":148,"column":31}},"148":{"start":{"line":149,"column":0},"end":{"line":149,"column":30}},"149":{"start":{"line":150,"column":0},"end":{"line":150,"column":28}},"150":{"start":{"line":151,"column":0},"end":{"line":151,"column":14}},"151":{"start":{"line":152,"column":0},"end":{"line":152,"column":80}},"152":{"start":{"line":153,"column":0},"end":{"line":153,"column":8}},"153":{"start":{"line":154,"column":0},"end":{"line":154,"column":6}},"154":{"start":{"line":155,"column":0},"end":{"line":155,"column":5}},"156":{"start":{"line":157,"column":0},"end":{"line":157,"column":58}},"157":{"start":{"line":158,"column":0},"end":{"line":158,"column":81}},"158":{"start":{"line":159,"column":0},"end":{"line":159,"column":51}},"159":{"start":{"line":160,"column":0},"end":{"line":160,"column":68}},"160":{"start":{"line":161,"column":0},"end":{"line":161,"column":18}},"161":{"start":{"line":162,"column":0},"end":{"line":162,"column":25}},"162":{"start":{"line":163,"column":0},"end":{"line":163,"column":138}},"163":{"start":{"line":164,"column":0},"end":{"line":164,"column":97}},"164":{"start":{"line":165,"column":0},"end":{"line":165,"column":9}},"165":{"start":{"line":166,"column":0},"end":{"line":166,"column":6}},"167":{"start":{"line":168,"column":0},"end":{"line":168,"column":70}},"168":{"start":{"line":169,"column":0},"end":{"line":169,"column":21}},"169":{"start":{"line":170,"column":0},"end":{"line":170,"column":12}},"170":{"start":{"line":171,"column":0},"end":{"line":171,"column":26}},"171":{"start":{"line":172,"column":0},"end":{"line":172,"column":136}},"172":{"start":{"line":173,"column":0},"end":{"line":173,"column":98}},"173":{"start":{"line":174,"column":0},"end":{"line":174,"column":9}},"174":{"start":{"line":175,"column":0},"end":{"line":175,"column":6}},"175":{"start":{"line":176,"column":0},"end":{"line":176,"column":5}},"177":{"start":{"line":178,"column":0},"end":{"line":178,"column":64}},"178":{"start":{"line":179,"column":0},"end":{"line":179,"column":21}},"179":{"start":{"line":180,"column":0},"end":{"line":180,"column":12}},"180":{"start":{"line":181,"column":0},"end":{"line":181,"column":26}},"181":{"start":{"line":182,"column":0},"end":{"line":182,"column":133}},"182":{"start":{"line":183,"column":0},"end":{"line":183,"column":98}},"183":{"start":{"line":184,"column":0},"end":{"line":184,"column":9}},"184":{"start":{"line":185,"column":0},"end":{"line":185,"column":6}},"185":{"start":{"line":186,"column":0},"end":{"line":186,"column":5}},"187":{"start":{"line":188,"column":0},"end":{"line":188,"column":38}},"188":{"start":{"line":189,"column":0},"end":{"line":189,"column":42}},"189":{"start":{"line":190,"column":0},"end":{"line":190,"column":136}},"190":{"start":{"line":191,"column":0},"end":{"line":191,"column":130}},"192":{"start":{"line":193,"column":0},"end":{"line":193,"column":12}},"193":{"start":{"line":194,"column":0},"end":{"line":194,"column":58}},"194":{"start":{"line":195,"column":0},"end":{"line":195,"column":78}},"195":{"start":{"line":196,"column":0},"end":{"line":196,"column":11}},"196":{"start":{"line":197,"column":0},"end":{"line":197,"column":13}},"197":{"start":{"line":198,"column":0},"end":{"line":198,"column":40}},"198":{"start":{"line":199,"column":0},"end":{"line":199,"column":72}},"199":{"start":{"line":200,"column":0},"end":{"line":200,"column":66}},"200":{"start":{"line":201,"column":0},"end":{"line":201,"column":33}},"201":{"start":{"line":202,"column":0},"end":{"line":202,"column":66}},"202":{"start":{"line":203,"column":0},"end":{"line":203,"column":5}},"203":{"start":{"line":204,"column":0},"end":{"line":204,"column":6}},"205":{"start":{"line":206,"column":0},"end":{"line":206,"column":5}},"206":{"start":{"line":207,"column":0},"end":{"line":207,"column":63}},"207":{"start":{"line":208,"column":0},"end":{"line":208,"column":68}},"208":{"start":{"line":209,"column":0},"end":{"line":209,"column":192}},"209":{"start":{"line":210,"column":0},"end":{"line":210,"column":5}},"210":{"start":{"line":211,"column":0},"end":{"line":211,"column":25}},"211":{"start":{"line":212,"column":0},"end":{"line":212,"column":28}},"212":{"start":{"line":213,"column":0},"end":{"line":213,"column":69}},"213":{"start":{"line":214,"column":0},"end":{"line":214,"column":26}},"214":{"start":{"line":215,"column":0},"end":{"line":215,"column":31}},"215":{"start":{"line":216,"column":0},"end":{"line":216,"column":30}},"216":{"start":{"line":217,"column":0},"end":{"line":217,"column":28}},"217":{"start":{"line":218,"column":0},"end":{"line":218,"column":14}},"218":{"start":{"line":219,"column":0},"end":{"line":219,"column":44}},"219":{"start":{"line":220,"column":0},"end":{"line":220,"column":8}},"220":{"start":{"line":221,"column":0},"end":{"line":221,"column":6}},"221":{"start":{"line":222,"column":0},"end":{"line":222,"column":5}},"223":{"start":{"line":224,"column":0},"end":{"line":224,"column":56}},"224":{"start":{"line":225,"column":0},"end":{"line":225,"column":56}},"225":{"start":{"line":226,"column":0},"end":{"line":226,"column":60}},"226":{"start":{"line":227,"column":0},"end":{"line":227,"column":18}},"227":{"start":{"line":228,"column":0},"end":{"line":228,"column":25}},"228":{"start":{"line":229,"column":0},"end":{"line":229,"column":139}},"229":{"start":{"line":230,"column":0},"end":{"line":230,"column":97}},"230":{"start":{"line":231,"column":0},"end":{"line":231,"column":9}},"231":{"start":{"line":232,"column":0},"end":{"line":232,"column":6}},"233":{"start":{"line":234,"column":0},"end":{"line":234,"column":35}},"234":{"start":{"line":235,"column":0},"end":{"line":235,"column":31}},"235":{"start":{"line":236,"column":0},"end":{"line":236,"column":30}},"236":{"start":{"line":237,"column":0},"end":{"line":237,"column":28}},"237":{"start":{"line":238,"column":0},"end":{"line":238,"column":14}},"238":{"start":{"line":239,"column":0},"end":{"line":239,"column":80}},"239":{"start":{"line":240,"column":0},"end":{"line":240,"column":8}},"240":{"start":{"line":241,"column":0},"end":{"line":241,"column":6}},"241":{"start":{"line":242,"column":0},"end":{"line":242,"column":5}},"243":{"start":{"line":244,"column":0},"end":{"line":244,"column":58}},"244":{"start":{"line":245,"column":0},"end":{"line":245,"column":81}},"245":{"start":{"line":246,"column":0},"end":{"line":246,"column":51}},"246":{"start":{"line":247,"column":0},"end":{"line":247,"column":68}},"247":{"start":{"line":248,"column":0},"end":{"line":248,"column":18}},"248":{"start":{"line":249,"column":0},"end":{"line":249,"column":25}},"249":{"start":{"line":250,"column":0},"end":{"line":250,"column":138}},"250":{"start":{"line":251,"column":0},"end":{"line":251,"column":97}},"251":{"start":{"line":252,"column":0},"end":{"line":252,"column":9}},"252":{"start":{"line":253,"column":0},"end":{"line":253,"column":6}},"253":{"start":{"line":254,"column":0},"end":{"line":254,"column":50}},"254":{"start":{"line":255,"column":0},"end":{"line":255,"column":43}},"255":{"start":{"line":256,"column":0},"end":{"line":256,"column":18}},"256":{"start":{"line":257,"column":0},"end":{"line":257,"column":25}},"257":{"start":{"line":258,"column":0},"end":{"line":258,"column":147}},"258":{"start":{"line":259,"column":0},"end":{"line":259,"column":97}},"259":{"start":{"line":260,"column":0},"end":{"line":260,"column":9}},"260":{"start":{"line":261,"column":0},"end":{"line":261,"column":6}},"262":{"start":{"line":263,"column":0},"end":{"line":263,"column":56}},"263":{"start":{"line":264,"column":0},"end":{"line":264,"column":42}},"264":{"start":{"line":265,"column":0},"end":{"line":265,"column":21}},"265":{"start":{"line":266,"column":0},"end":{"line":266,"column":12}},"266":{"start":{"line":267,"column":0},"end":{"line":267,"column":26}},"267":{"start":{"line":268,"column":0},"end":{"line":268,"column":135}},"268":{"start":{"line":269,"column":0},"end":{"line":269,"column":98}},"269":{"start":{"line":270,"column":0},"end":{"line":270,"column":9}},"270":{"start":{"line":271,"column":0},"end":{"line":271,"column":6}},"271":{"start":{"line":272,"column":0},"end":{"line":272,"column":5}},"273":{"start":{"line":274,"column":0},"end":{"line":274,"column":78}},"274":{"start":{"line":275,"column":0},"end":{"line":275,"column":83}},"275":{"start":{"line":276,"column":0},"end":{"line":276,"column":52}},"276":{"start":{"line":277,"column":0},"end":{"line":277,"column":105}},"277":{"start":{"line":278,"column":0},"end":{"line":278,"column":95}},"278":{"start":{"line":279,"column":0},"end":{"line":279,"column":64}},"279":{"start":{"line":280,"column":0},"end":{"line":280,"column":22}},"280":{"start":{"line":281,"column":0},"end":{"line":281,"column":13}},"281":{"start":{"line":282,"column":0},"end":{"line":282,"column":27}},"282":{"start":{"line":283,"column":0},"end":{"line":283,"column":137}},"283":{"start":{"line":284,"column":0},"end":{"line":284,"column":99}},"284":{"start":{"line":285,"column":0},"end":{"line":285,"column":10}},"285":{"start":{"line":286,"column":0},"end":{"line":286,"column":7}},"286":{"start":{"line":287,"column":0},"end":{"line":287,"column":6}},"288":{"start":{"line":289,"column":0},"end":{"line":289,"column":28}},"289":{"start":{"line":290,"column":0},"end":{"line":290,"column":35}},"290":{"start":{"line":291,"column":0},"end":{"line":291,"column":62}},"291":{"start":{"line":292,"column":0},"end":{"line":292,"column":41}},"292":{"start":{"line":293,"column":0},"end":{"line":293,"column":32}},"293":{"start":{"line":294,"column":0},"end":{"line":294,"column":98}},"305":{"start":{"line":306,"column":0},"end":{"line":306,"column":78}},"306":{"start":{"line":307,"column":0},"end":{"line":307,"column":64}},"307":{"start":{"line":308,"column":0},"end":{"line":308,"column":50}},"308":{"start":{"line":309,"column":0},"end":{"line":309,"column":77}},"309":{"start":{"line":310,"column":0},"end":{"line":310,"column":7}},"310":{"start":{"line":311,"column":0},"end":{"line":311,"column":64}},"311":{"start":{"line":312,"column":0},"end":{"line":312,"column":23}},"312":{"start":{"line":313,"column":0},"end":{"line":313,"column":14}},"313":{"start":{"line":314,"column":0},"end":{"line":314,"column":28}},"314":{"start":{"line":315,"column":0},"end":{"line":315,"column":135}},"315":{"start":{"line":316,"column":0},"end":{"line":316,"column":100}},"316":{"start":{"line":317,"column":0},"end":{"line":317,"column":11}},"317":{"start":{"line":318,"column":0},"end":{"line":318,"column":8}},"318":{"start":{"line":319,"column":0},"end":{"line":319,"column":7}},"319":{"start":{"line":320,"column":0},"end":{"line":320,"column":6}},"321":{"start":{"line":322,"column":0},"end":{"line":322,"column":31}},"322":{"start":{"line":323,"column":0},"end":{"line":323,"column":24}},"323":{"start":{"line":324,"column":0},"end":{"line":324,"column":64}},"324":{"start":{"line":325,"column":0},"end":{"line":325,"column":63}},"325":{"start":{"line":326,"column":0},"end":{"line":326,"column":71}},"326":{"start":{"line":327,"column":0},"end":{"line":327,"column":99}},"347":{"start":{"line":348,"column":0},"end":{"line":348,"column":42}},"348":{"start":{"line":349,"column":0},"end":{"line":349,"column":44}},"350":{"start":{"line":351,"column":0},"end":{"line":351,"column":53}},"351":{"start":{"line":352,"column":0},"end":{"line":352,"column":57}},"353":{"start":{"line":354,"column":0},"end":{"line":354,"column":37}},"354":{"start":{"line":355,"column":0},"end":{"line":355,"column":77}},"355":{"start":{"line":356,"column":0},"end":{"line":356,"column":81}},"356":{"start":{"line":357,"column":0},"end":{"line":357,"column":8}},"358":{"start":{"line":359,"column":0},"end":{"line":359,"column":79}},"359":{"start":{"line":360,"column":0},"end":{"line":360,"column":24}},"360":{"start":{"line":361,"column":0},"end":{"line":361,"column":15}},"361":{"start":{"line":362,"column":0},"end":{"line":362,"column":29}},"362":{"start":{"line":363,"column":0},"end":{"line":363,"column":139}},"363":{"start":{"line":364,"column":0},"end":{"line":364,"column":101}},"364":{"start":{"line":365,"column":0},"end":{"line":365,"column":12}},"365":{"start":{"line":366,"column":0},"end":{"line":366,"column":9}},"366":{"start":{"line":367,"column":0},"end":{"line":367,"column":8}},"367":{"start":{"line":368,"column":0},"end":{"line":368,"column":7}},"368":{"start":{"line":369,"column":0},"end":{"line":369,"column":6}},"370":{"start":{"line":371,"column":0},"end":{"line":371,"column":25}},"371":{"start":{"line":372,"column":0},"end":{"line":372,"column":39}},"372":{"start":{"line":373,"column":0},"end":{"line":373,"column":22}},"373":{"start":{"line":374,"column":0},"end":{"line":374,"column":13}},"374":{"start":{"line":375,"column":0},"end":{"line":375,"column":27}},"375":{"start":{"line":376,"column":0},"end":{"line":376,"column":132}},"376":{"start":{"line":377,"column":0},"end":{"line":377,"column":99}},"377":{"start":{"line":378,"column":0},"end":{"line":378,"column":10}},"378":{"start":{"line":379,"column":0},"end":{"line":379,"column":7}},"379":{"start":{"line":380,"column":0},"end":{"line":380,"column":6}},"381":{"start":{"line":382,"column":0},"end":{"line":382,"column":13}},"382":{"start":{"line":383,"column":0},"end":{"line":383,"column":59}},"383":{"start":{"line":384,"column":0},"end":{"line":384,"column":79}},"384":{"start":{"line":385,"column":0},"end":{"line":385,"column":6}},"385":{"start":{"line":386,"column":0},"end":{"line":386,"column":6}},"387":{"start":{"line":388,"column":0},"end":{"line":388,"column":79}},"388":{"start":{"line":389,"column":0},"end":{"line":389,"column":38}},"389":{"start":{"line":390,"column":0},"end":{"line":390,"column":26}},"390":{"start":{"line":391,"column":0},"end":{"line":391,"column":69}},"391":{"start":{"line":392,"column":0},"end":{"line":392,"column":68}},"392":{"start":{"line":393,"column":0},"end":{"line":393,"column":6}},"393":{"start":{"line":394,"column":0},"end":{"line":394,"column":5}},"394":{"start":{"line":395,"column":0},"end":{"line":395,"column":6}},"396":{"start":{"line":397,"column":0},"end":{"line":397,"column":5}},"397":{"start":{"line":398,"column":0},"end":{"line":398,"column":63}},"398":{"start":{"line":399,"column":0},"end":{"line":399,"column":68}},"399":{"start":{"line":400,"column":0},"end":{"line":400,"column":150}},"400":{"start":{"line":401,"column":0},"end":{"line":401,"column":5}},"401":{"start":{"line":402,"column":0},"end":{"line":402,"column":25}},"402":{"start":{"line":403,"column":0},"end":{"line":403,"column":28}},"403":{"start":{"line":404,"column":0},"end":{"line":404,"column":69}},"404":{"start":{"line":405,"column":0},"end":{"line":405,"column":26}},"405":{"start":{"line":406,"column":0},"end":{"line":406,"column":31}},"406":{"start":{"line":407,"column":0},"end":{"line":407,"column":30}},"407":{"start":{"line":408,"column":0},"end":{"line":408,"column":28}},"408":{"start":{"line":409,"column":0},"end":{"line":409,"column":14}},"409":{"start":{"line":410,"column":0},"end":{"line":410,"column":44}},"410":{"start":{"line":411,"column":0},"end":{"line":411,"column":8}},"411":{"start":{"line":412,"column":0},"end":{"line":412,"column":6}},"412":{"start":{"line":413,"column":0},"end":{"line":413,"column":5}},"414":{"start":{"line":415,"column":0},"end":{"line":415,"column":56}},"415":{"start":{"line":416,"column":0},"end":{"line":416,"column":56}},"416":{"start":{"line":417,"column":0},"end":{"line":417,"column":60}},"417":{"start":{"line":418,"column":0},"end":{"line":418,"column":18}},"418":{"start":{"line":419,"column":0},"end":{"line":419,"column":25}},"419":{"start":{"line":420,"column":0},"end":{"line":420,"column":139}},"420":{"start":{"line":421,"column":0},"end":{"line":421,"column":97}},"421":{"start":{"line":422,"column":0},"end":{"line":422,"column":9}},"422":{"start":{"line":423,"column":0},"end":{"line":423,"column":6}},"424":{"start":{"line":425,"column":0},"end":{"line":425,"column":35}},"425":{"start":{"line":426,"column":0},"end":{"line":426,"column":31}},"426":{"start":{"line":427,"column":0},"end":{"line":427,"column":30}},"427":{"start":{"line":428,"column":0},"end":{"line":428,"column":28}},"428":{"start":{"line":429,"column":0},"end":{"line":429,"column":14}},"429":{"start":{"line":430,"column":0},"end":{"line":430,"column":80}},"430":{"start":{"line":431,"column":0},"end":{"line":431,"column":8}},"431":{"start":{"line":432,"column":0},"end":{"line":432,"column":6}},"432":{"start":{"line":433,"column":0},"end":{"line":433,"column":5}},"434":{"start":{"line":435,"column":0},"end":{"line":435,"column":58}},"435":{"start":{"line":436,"column":0},"end":{"line":436,"column":81}},"436":{"start":{"line":437,"column":0},"end":{"line":437,"column":51}},"437":{"start":{"line":438,"column":0},"end":{"line":438,"column":68}},"438":{"start":{"line":439,"column":0},"end":{"line":439,"column":18}},"439":{"start":{"line":440,"column":0},"end":{"line":440,"column":25}},"440":{"start":{"line":441,"column":0},"end":{"line":441,"column":138}},"441":{"start":{"line":442,"column":0},"end":{"line":442,"column":97}},"442":{"start":{"line":443,"column":0},"end":{"line":443,"column":9}},"443":{"start":{"line":444,"column":0},"end":{"line":444,"column":6}},"445":{"start":{"line":446,"column":0},"end":{"line":446,"column":70}},"446":{"start":{"line":447,"column":0},"end":{"line":447,"column":21}},"447":{"start":{"line":448,"column":0},"end":{"line":448,"column":12}},"448":{"start":{"line":449,"column":0},"end":{"line":449,"column":26}},"449":{"start":{"line":450,"column":0},"end":{"line":450,"column":136}},"450":{"start":{"line":451,"column":0},"end":{"line":451,"column":98}},"451":{"start":{"line":452,"column":0},"end":{"line":452,"column":9}},"452":{"start":{"line":453,"column":0},"end":{"line":453,"column":6}},"453":{"start":{"line":454,"column":0},"end":{"line":454,"column":5}},"455":{"start":{"line":456,"column":0},"end":{"line":456,"column":33}},"456":{"start":{"line":457,"column":0},"end":{"line":457,"column":6}},"458":{"start":{"line":459,"column":0},"end":{"line":459,"column":5}},"459":{"start":{"line":460,"column":0},"end":{"line":460,"column":60}},"460":{"start":{"line":461,"column":0},"end":{"line":461,"column":65}},"461":{"start":{"line":462,"column":0},"end":{"line":462,"column":168}},"462":{"start":{"line":463,"column":0},"end":{"line":463,"column":5}},"463":{"start":{"line":464,"column":0},"end":{"line":464,"column":22}},"464":{"start":{"line":465,"column":0},"end":{"line":465,"column":28}},"465":{"start":{"line":466,"column":0},"end":{"line":466,"column":69}},"466":{"start":{"line":467,"column":0},"end":{"line":467,"column":26}},"467":{"start":{"line":468,"column":0},"end":{"line":468,"column":31}},"468":{"start":{"line":469,"column":0},"end":{"line":469,"column":30}},"469":{"start":{"line":470,"column":0},"end":{"line":470,"column":25}},"470":{"start":{"line":471,"column":0},"end":{"line":471,"column":14}},"471":{"start":{"line":472,"column":0},"end":{"line":472,"column":44}},"472":{"start":{"line":473,"column":0},"end":{"line":473,"column":8}},"473":{"start":{"line":474,"column":0},"end":{"line":474,"column":6}},"474":{"start":{"line":475,"column":0},"end":{"line":475,"column":5}},"476":{"start":{"line":477,"column":0},"end":{"line":477,"column":56}},"477":{"start":{"line":478,"column":0},"end":{"line":478,"column":56}},"478":{"start":{"line":479,"column":0},"end":{"line":479,"column":60}},"479":{"start":{"line":480,"column":0},"end":{"line":480,"column":18}},"480":{"start":{"line":481,"column":0},"end":{"line":481,"column":25}},"481":{"start":{"line":482,"column":0},"end":{"line":482,"column":139}},"482":{"start":{"line":483,"column":0},"end":{"line":483,"column":97}},"483":{"start":{"line":484,"column":0},"end":{"line":484,"column":9}},"484":{"start":{"line":485,"column":0},"end":{"line":485,"column":6}},"486":{"start":{"line":487,"column":0},"end":{"line":487,"column":35}},"487":{"start":{"line":488,"column":0},"end":{"line":488,"column":31}},"488":{"start":{"line":489,"column":0},"end":{"line":489,"column":30}},"489":{"start":{"line":490,"column":0},"end":{"line":490,"column":25}},"490":{"start":{"line":491,"column":0},"end":{"line":491,"column":14}},"491":{"start":{"line":492,"column":0},"end":{"line":492,"column":80}},"492":{"start":{"line":493,"column":0},"end":{"line":493,"column":8}},"493":{"start":{"line":494,"column":0},"end":{"line":494,"column":6}},"494":{"start":{"line":495,"column":0},"end":{"line":495,"column":5}},"496":{"start":{"line":497,"column":0},"end":{"line":497,"column":58}},"497":{"start":{"line":498,"column":0},"end":{"line":498,"column":81}},"498":{"start":{"line":499,"column":0},"end":{"line":499,"column":51}},"499":{"start":{"line":500,"column":0},"end":{"line":500,"column":68}},"500":{"start":{"line":501,"column":0},"end":{"line":501,"column":18}},"501":{"start":{"line":502,"column":0},"end":{"line":502,"column":25}},"502":{"start":{"line":503,"column":0},"end":{"line":503,"column":138}},"503":{"start":{"line":504,"column":0},"end":{"line":504,"column":97}},"504":{"start":{"line":505,"column":0},"end":{"line":505,"column":9}},"505":{"start":{"line":506,"column":0},"end":{"line":506,"column":6}},"507":{"start":{"line":508,"column":0},"end":{"line":508,"column":64}},"508":{"start":{"line":509,"column":0},"end":{"line":509,"column":21}},"509":{"start":{"line":510,"column":0},"end":{"line":510,"column":12}},"510":{"start":{"line":511,"column":0},"end":{"line":511,"column":26}},"511":{"start":{"line":512,"column":0},"end":{"line":512,"column":133}},"512":{"start":{"line":513,"column":0},"end":{"line":513,"column":98}},"513":{"start":{"line":514,"column":0},"end":{"line":514,"column":9}},"514":{"start":{"line":515,"column":0},"end":{"line":515,"column":6}},"515":{"start":{"line":516,"column":0},"end":{"line":516,"column":5}},"517":{"start":{"line":518,"column":0},"end":{"line":518,"column":27}},"518":{"start":{"line":519,"column":0},"end":{"line":519,"column":6}},"520":{"start":{"line":521,"column":0},"end":{"line":521,"column":5}},"521":{"start":{"line":522,"column":0},"end":{"line":522,"column":66}},"522":{"start":{"line":523,"column":0},"end":{"line":523,"column":70}},"523":{"start":{"line":524,"column":0},"end":{"line":524,"column":168}},"524":{"start":{"line":525,"column":0},"end":{"line":525,"column":5}},"525":{"start":{"line":526,"column":0},"end":{"line":526,"column":27}},"526":{"start":{"line":527,"column":0},"end":{"line":527,"column":28}},"527":{"start":{"line":528,"column":0},"end":{"line":528,"column":69}},"528":{"start":{"line":529,"column":0},"end":{"line":529,"column":26}},"529":{"start":{"line":530,"column":0},"end":{"line":530,"column":31}},"530":{"start":{"line":531,"column":0},"end":{"line":531,"column":30}},"531":{"start":{"line":532,"column":0},"end":{"line":532,"column":30}},"532":{"start":{"line":533,"column":0},"end":{"line":533,"column":14}},"533":{"start":{"line":534,"column":0},"end":{"line":534,"column":44}},"534":{"start":{"line":535,"column":0},"end":{"line":535,"column":8}},"535":{"start":{"line":536,"column":0},"end":{"line":536,"column":6}},"536":{"start":{"line":537,"column":0},"end":{"line":537,"column":5}},"538":{"start":{"line":539,"column":0},"end":{"line":539,"column":56}},"539":{"start":{"line":540,"column":0},"end":{"line":540,"column":56}},"540":{"start":{"line":541,"column":0},"end":{"line":541,"column":60}},"541":{"start":{"line":542,"column":0},"end":{"line":542,"column":18}},"542":{"start":{"line":543,"column":0},"end":{"line":543,"column":25}},"543":{"start":{"line":544,"column":0},"end":{"line":544,"column":139}},"544":{"start":{"line":545,"column":0},"end":{"line":545,"column":97}},"545":{"start":{"line":546,"column":0},"end":{"line":546,"column":9}},"546":{"start":{"line":547,"column":0},"end":{"line":547,"column":6}},"548":{"start":{"line":549,"column":0},"end":{"line":549,"column":35}},"549":{"start":{"line":550,"column":0},"end":{"line":550,"column":31}},"550":{"start":{"line":551,"column":0},"end":{"line":551,"column":30}},"551":{"start":{"line":552,"column":0},"end":{"line":552,"column":30}},"552":{"start":{"line":553,"column":0},"end":{"line":553,"column":14}},"553":{"start":{"line":554,"column":0},"end":{"line":554,"column":80}},"554":{"start":{"line":555,"column":0},"end":{"line":555,"column":8}},"555":{"start":{"line":556,"column":0},"end":{"line":556,"column":6}},"556":{"start":{"line":557,"column":0},"end":{"line":557,"column":5}},"558":{"start":{"line":559,"column":0},"end":{"line":559,"column":44}},"559":{"start":{"line":560,"column":0},"end":{"line":560,"column":79}},"560":{"start":{"line":561,"column":0},"end":{"line":561,"column":31}},"561":{"start":{"line":562,"column":0},"end":{"line":562,"column":30}},"562":{"start":{"line":563,"column":0},"end":{"line":563,"column":30}},"563":{"start":{"line":564,"column":0},"end":{"line":564,"column":14}},"564":{"start":{"line":565,"column":0},"end":{"line":565,"column":45}},"565":{"start":{"line":566,"column":0},"end":{"line":566,"column":44}},"566":{"start":{"line":567,"column":0},"end":{"line":567,"column":81}},"567":{"start":{"line":568,"column":0},"end":{"line":568,"column":8}},"568":{"start":{"line":569,"column":0},"end":{"line":569,"column":6}},"569":{"start":{"line":570,"column":0},"end":{"line":570,"column":5}},"571":{"start":{"line":572,"column":0},"end":{"line":572,"column":58}},"572":{"start":{"line":573,"column":0},"end":{"line":573,"column":81}},"573":{"start":{"line":574,"column":0},"end":{"line":574,"column":51}},"574":{"start":{"line":575,"column":0},"end":{"line":575,"column":68}},"575":{"start":{"line":576,"column":0},"end":{"line":576,"column":18}},"576":{"start":{"line":577,"column":0},"end":{"line":577,"column":25}},"577":{"start":{"line":578,"column":0},"end":{"line":578,"column":138}},"578":{"start":{"line":579,"column":0},"end":{"line":579,"column":97}},"579":{"start":{"line":580,"column":0},"end":{"line":580,"column":9}},"580":{"start":{"line":581,"column":0},"end":{"line":581,"column":6}},"582":{"start":{"line":583,"column":0},"end":{"line":583,"column":32}},"583":{"start":{"line":584,"column":0},"end":{"line":584,"column":56}},"584":{"start":{"line":585,"column":0},"end":{"line":585,"column":31}},"585":{"start":{"line":586,"column":0},"end":{"line":586,"column":22}},"586":{"start":{"line":587,"column":0},"end":{"line":587,"column":96}},"598":{"start":{"line":599,"column":0},"end":{"line":599,"column":88}},"599":{"start":{"line":600,"column":0},"end":{"line":600,"column":44}},"600":{"start":{"line":601,"column":0},"end":{"line":601,"column":53}},"601":{"start":{"line":602,"column":0},"end":{"line":602,"column":34}},"602":{"start":{"line":603,"column":0},"end":{"line":603,"column":75}},"603":{"start":{"line":604,"column":0},"end":{"line":604,"column":5}},"605":{"start":{"line":606,"column":0},"end":{"line":606,"column":85}},"606":{"start":{"line":607,"column":0},"end":{"line":607,"column":21}},"607":{"start":{"line":608,"column":0},"end":{"line":608,"column":12}},"608":{"start":{"line":609,"column":0},"end":{"line":609,"column":26}},"609":{"start":{"line":610,"column":0},"end":{"line":610,"column":136}},"610":{"start":{"line":611,"column":0},"end":{"line":611,"column":98}},"611":{"start":{"line":612,"column":0},"end":{"line":612,"column":9}},"612":{"start":{"line":613,"column":0},"end":{"line":613,"column":6}},"613":{"start":{"line":614,"column":0},"end":{"line":614,"column":5}},"615":{"start":{"line":616,"column":0},"end":{"line":616,"column":68}},"616":{"start":{"line":617,"column":0},"end":{"line":617,"column":96}},"617":{"start":{"line":618,"column":0},"end":{"line":618,"column":30}},"618":{"start":{"line":619,"column":0},"end":{"line":619,"column":31}},"619":{"start":{"line":620,"column":0},"end":{"line":620,"column":25}},"620":{"start":{"line":621,"column":0},"end":{"line":621,"column":117}},"621":{"start":{"line":622,"column":0},"end":{"line":622,"column":8}},"622":{"start":{"line":623,"column":0},"end":{"line":623,"column":6}},"623":{"start":{"line":624,"column":0},"end":{"line":624,"column":5}},"625":{"start":{"line":626,"column":0},"end":{"line":626,"column":52}},"626":{"start":{"line":627,"column":0},"end":{"line":627,"column":44}},"627":{"start":{"line":628,"column":0},"end":{"line":628,"column":51}},"628":{"start":{"line":629,"column":0},"end":{"line":629,"column":36}},"629":{"start":{"line":630,"column":0},"end":{"line":630,"column":6}},"630":{"start":{"line":631,"column":0},"end":{"line":631,"column":2}},"631":{"start":{"line":632,"column":0},"end":{"line":632,"column":1}},"633":{"start":{"line":634,"column":0},"end":{"line":634,"column":3}},"634":{"start":{"line":635,"column":0},"end":{"line":635,"column":49}},"635":{"start":{"line":636,"column":0},"end":{"line":636,"column":38}},"636":{"start":{"line":637,"column":0},"end":{"line":637,"column":76}},"637":{"start":{"line":638,"column":0},"end":{"line":638,"column":53}},"638":{"start":{"line":639,"column":0},"end":{"line":639,"column":65}},"639":{"start":{"line":640,"column":0},"end":{"line":640,"column":77}},"640":{"start":{"line":641,"column":0},"end":{"line":641,"column":74}},"641":{"start":{"line":642,"column":0},"end":{"line":642,"column":42}},"642":{"start":{"line":643,"column":0},"end":{"line":643,"column":52}},"643":{"start":{"line":644,"column":0},"end":{"line":644,"column":3}},"644":{"start":{"line":645,"column":0},"end":{"line":645,"column":43}},"645":{"start":{"line":646,"column":0},"end":{"line":646,"column":8}},"646":{"start":{"line":647,"column":0},"end":{"line":647,"column":15}},"647":{"start":{"line":648,"column":0},"end":{"line":648,"column":5}},"648":{"start":{"line":649,"column":0},"end":{"line":649,"column":9}},"649":{"start":{"line":650,"column":0},"end":{"line":650,"column":13}},"650":{"start":{"line":651,"column":0},"end":{"line":651,"column":18}},"651":{"start":{"line":652,"column":0},"end":{"line":652,"column":11}},"652":{"start":{"line":653,"column":0},"end":{"line":653,"column":9}},"654":{"start":{"line":655,"column":0},"end":{"line":655,"column":62}},"655":{"start":{"line":656,"column":0},"end":{"line":656,"column":75}},"656":{"start":{"line":657,"column":0},"end":{"line":657,"column":58}},"658":{"start":{"line":659,"column":0},"end":{"line":659,"column":9}},"659":{"start":{"line":660,"column":0},"end":{"line":660,"column":27}},"661":{"start":{"line":662,"column":0},"end":{"line":662,"column":43}},"662":{"start":{"line":663,"column":0},"end":{"line":663,"column":88}},"663":{"start":{"line":664,"column":0},"end":{"line":664,"column":58}},"664":{"start":{"line":665,"column":0},"end":{"line":665,"column":29}},"665":{"start":{"line":666,"column":0},"end":{"line":666,"column":5}},"667":{"start":{"line":668,"column":0},"end":{"line":668,"column":53}},"669":{"start":{"line":670,"column":0},"end":{"line":670,"column":60}},"671":{"start":{"line":672,"column":0},"end":{"line":672,"column":60}},"673":{"start":{"line":674,"column":0},"end":{"line":674,"column":60}},"675":{"start":{"line":676,"column":0},"end":{"line":676,"column":54}},"677":{"start":{"line":678,"column":0},"end":{"line":678,"column":64}},"679":{"start":{"line":680,"column":0},"end":{"line":680,"column":53}},"681":{"start":{"line":682,"column":0},"end":{"line":682,"column":81}},"683":{"start":{"line":684,"column":0},"end":{"line":684,"column":5}},"684":{"start":{"line":685,"column":0},"end":{"line":685,"column":45}},"685":{"start":{"line":686,"column":0},"end":{"line":686,"column":4}},"686":{"start":{"line":687,"column":0},"end":{"line":687,"column":64}},"687":{"start":{"line":688,"column":0},"end":{"line":688,"column":85}},"688":{"start":{"line":689,"column":0},"end":{"line":689,"column":75}},"689":{"start":{"line":690,"column":0},"end":{"line":690,"column":89}},"690":{"start":{"line":691,"column":0},"end":{"line":691,"column":41}},"691":{"start":{"line":692,"column":0},"end":{"line":692,"column":4}},"692":{"start":{"line":693,"column":0},"end":{"line":693,"column":52}},"693":{"start":{"line":694,"column":0},"end":{"line":694,"column":67}},"694":{"start":{"line":695,"column":0},"end":{"line":695,"column":50}},"695":{"start":{"line":696,"column":0},"end":{"line":696,"column":61}},"696":{"start":{"line":697,"column":0},"end":{"line":697,"column":4}},"697":{"start":{"line":698,"column":0},"end":{"line":698,"column":83}},"698":{"start":{"line":699,"column":0},"end":{"line":699,"column":82}},"699":{"start":{"line":700,"column":0},"end":{"line":700,"column":60}},"700":{"start":{"line":701,"column":0},"end":{"line":701,"column":5}},"701":{"start":{"line":702,"column":0},"end":{"line":702,"column":17}},"702":{"start":{"line":703,"column":0},"end":{"line":703,"column":28}},"703":{"start":{"line":704,"column":0},"end":{"line":704,"column":62}},"704":{"start":{"line":705,"column":0},"end":{"line":705,"column":70}},"705":{"start":{"line":706,"column":0},"end":{"line":706,"column":76}},"706":{"start":{"line":707,"column":0},"end":{"line":707,"column":71}},"707":{"start":{"line":708,"column":0},"end":{"line":708,"column":39}},"709":{"start":{"line":710,"column":0},"end":{"line":710,"column":82}},"710":{"start":{"line":711,"column":0},"end":{"line":711,"column":77}},"711":{"start":{"line":712,"column":0},"end":{"line":712,"column":33}},"712":{"start":{"line":713,"column":0},"end":{"line":713,"column":35}},"713":{"start":{"line":714,"column":0},"end":{"line":714,"column":31}},"714":{"start":{"line":715,"column":0},"end":{"line":715,"column":25}},"715":{"start":{"line":716,"column":0},"end":{"line":716,"column":96}},"716":{"start":{"line":717,"column":0},"end":{"line":717,"column":8}},"717":{"start":{"line":718,"column":0},"end":{"line":718,"column":6}},"718":{"start":{"line":719,"column":0},"end":{"line":719,"column":5}},"720":{"start":{"line":721,"column":0},"end":{"line":721,"column":85}},"721":{"start":{"line":722,"column":0},"end":{"line":722,"column":84}},"722":{"start":{"line":723,"column":0},"end":{"line":723,"column":86}},"723":{"start":{"line":724,"column":0},"end":{"line":724,"column":53}},"724":{"start":{"line":725,"column":0},"end":{"line":725,"column":79}},"725":{"start":{"line":726,"column":0},"end":{"line":726,"column":5}},"727":{"start":{"line":728,"column":0},"end":{"line":728,"column":83}},"728":{"start":{"line":729,"column":0},"end":{"line":729,"column":88}},"729":{"start":{"line":730,"column":0},"end":{"line":730,"column":61}},"730":{"start":{"line":731,"column":0},"end":{"line":731,"column":74}},"732":{"start":{"line":733,"column":0},"end":{"line":733,"column":91}},"733":{"start":{"line":734,"column":0},"end":{"line":734,"column":93}},"734":{"start":{"line":735,"column":0},"end":{"line":735,"column":88}},"735":{"start":{"line":736,"column":0},"end":{"line":736,"column":88}},"736":{"start":{"line":737,"column":0},"end":{"line":737,"column":50}},"737":{"start":{"line":738,"column":0},"end":{"line":738,"column":49}},"738":{"start":{"line":739,"column":0},"end":{"line":739,"column":75}},"739":{"start":{"line":740,"column":0},"end":{"line":740,"column":5}},"741":{"start":{"line":742,"column":0},"end":{"line":742,"column":49}},"742":{"start":{"line":743,"column":0},"end":{"line":743,"column":53}},"744":{"start":{"line":745,"column":0},"end":{"line":745,"column":66}},"745":{"start":{"line":746,"column":0},"end":{"line":746,"column":71}},"746":{"start":{"line":747,"column":0},"end":{"line":747,"column":83}},"747":{"start":{"line":748,"column":0},"end":{"line":748,"column":24}},"748":{"start":{"line":749,"column":0},"end":{"line":749,"column":27}},"749":{"start":{"line":750,"column":0},"end":{"line":750,"column":29}},"750":{"start":{"line":751,"column":0},"end":{"line":751,"column":31}},"751":{"start":{"line":752,"column":0},"end":{"line":752,"column":94}},"752":{"start":{"line":753,"column":0},"end":{"line":753,"column":67}},"753":{"start":{"line":754,"column":0},"end":{"line":754,"column":75}},"754":{"start":{"line":755,"column":0},"end":{"line":755,"column":42}},"755":{"start":{"line":756,"column":0},"end":{"line":756,"column":5}},"757":{"start":{"line":758,"column":0},"end":{"line":758,"column":41}},"758":{"start":{"line":759,"column":0},"end":{"line":759,"column":66}},"759":{"start":{"line":760,"column":0},"end":{"line":760,"column":59}},"760":{"start":{"line":761,"column":0},"end":{"line":761,"column":36}},"761":{"start":{"line":762,"column":0},"end":{"line":762,"column":36}},"762":{"start":{"line":763,"column":0},"end":{"line":763,"column":16}},"763":{"start":{"line":764,"column":0},"end":{"line":764,"column":24}},"764":{"start":{"line":765,"column":0},"end":{"line":765,"column":32}},"765":{"start":{"line":766,"column":0},"end":{"line":766,"column":35}},"766":{"start":{"line":767,"column":0},"end":{"line":767,"column":27}},"767":{"start":{"line":768,"column":0},"end":{"line":768,"column":6}},"768":{"start":{"line":769,"column":0},"end":{"line":769,"column":6}},"770":{"start":{"line":771,"column":0},"end":{"line":771,"column":30}},"771":{"start":{"line":772,"column":0},"end":{"line":772,"column":33}},"772":{"start":{"line":773,"column":0},"end":{"line":773,"column":5}},"773":{"start":{"line":774,"column":0},"end":{"line":774,"column":2}},"774":{"start":{"line":775,"column":0},"end":{"line":775,"column":1}},"776":{"start":{"line":777,"column":0},"end":{"line":777,"column":3}},"777":{"start":{"line":778,"column":0},"end":{"line":778,"column":52}},"778":{"start":{"line":779,"column":0},"end":{"line":779,"column":2}},"779":{"start":{"line":780,"column":0},"end":{"line":780,"column":59}},"780":{"start":{"line":781,"column":0},"end":{"line":781,"column":50}},"781":{"start":{"line":782,"column":0},"end":{"line":782,"column":29}},"782":{"start":{"line":783,"column":0},"end":{"line":783,"column":39}},"783":{"start":{"line":784,"column":0},"end":{"line":784,"column":44}},"784":{"start":{"line":785,"column":0},"end":{"line":785,"column":2}},"785":{"start":{"line":786,"column":0},"end":{"line":786,"column":82}},"786":{"start":{"line":787,"column":0},"end":{"line":787,"column":83}},"787":{"start":{"line":788,"column":0},"end":{"line":788,"column":54}},"788":{"start":{"line":789,"column":0},"end":{"line":789,"column":2}},"789":{"start":{"line":790,"column":0},"end":{"line":790,"column":11}},"790":{"start":{"line":791,"column":0},"end":{"line":791,"column":16}},"791":{"start":{"line":792,"column":0},"end":{"line":792,"column":41}},"792":{"start":{"line":793,"column":0},"end":{"line":793,"column":85}},"793":{"start":{"line":794,"column":0},"end":{"line":794,"column":57}},"794":{"start":{"line":795,"column":0},"end":{"line":795,"column":43}},"795":{"start":{"line":796,"column":0},"end":{"line":796,"column":57}},"796":{"start":{"line":797,"column":0},"end":{"line":797,"column":60}},"797":{"start":{"line":798,"column":0},"end":{"line":798,"column":45}},"798":{"start":{"line":799,"column":0},"end":{"line":799,"column":2}},"799":{"start":{"line":800,"column":0},"end":{"line":800,"column":104}},"800":{"start":{"line":801,"column":0},"end":{"line":801,"column":75}},"801":{"start":{"line":802,"column":0},"end":{"line":802,"column":69}},"802":{"start":{"line":803,"column":0},"end":{"line":803,"column":72}},"803":{"start":{"line":804,"column":0},"end":{"line":804,"column":102}},"804":{"start":{"line":805,"column":0},"end":{"line":805,"column":110}},"805":{"start":{"line":806,"column":0},"end":{"line":806,"column":34}},"806":{"start":{"line":807,"column":0},"end":{"line":807,"column":2}},"807":{"start":{"line":808,"column":0},"end":{"line":808,"column":44}},"808":{"start":{"line":809,"column":0},"end":{"line":809,"column":46}},"809":{"start":{"line":810,"column":0},"end":{"line":810,"column":24}},"810":{"start":{"line":811,"column":0},"end":{"line":811,"column":40}},"811":{"start":{"line":812,"column":0},"end":{"line":812,"column":5}},"812":{"start":{"line":813,"column":0},"end":{"line":813,"column":2}},"813":{"start":{"line":814,"column":0},"end":{"line":814,"column":67}},"814":{"start":{"line":815,"column":0},"end":{"line":815,"column":6}},"815":{"start":{"line":816,"column":0},"end":{"line":816,"column":2}},"816":{"start":{"line":817,"column":0},"end":{"line":817,"column":25}},"817":{"start":{"line":818,"column":0},"end":{"line":818,"column":25}},"818":{"start":{"line":819,"column":0},"end":{"line":819,"column":11}},"819":{"start":{"line":820,"column":0},"end":{"line":820,"column":90}},"820":{"start":{"line":821,"column":0},"end":{"line":821,"column":5}},"821":{"start":{"line":822,"column":0},"end":{"line":822,"column":3}},"822":{"start":{"line":823,"column":0},"end":{"line":823,"column":45}},"823":{"start":{"line":824,"column":0},"end":{"line":824,"column":21}},"824":{"start":{"line":825,"column":0},"end":{"line":825,"column":26}},"825":{"start":{"line":826,"column":0},"end":{"line":826,"column":30}},"826":{"start":{"line":827,"column":0},"end":{"line":827,"column":49}},"827":{"start":{"line":828,"column":0},"end":{"line":828,"column":29}},"828":{"start":{"line":829,"column":0},"end":{"line":829,"column":37}},"829":{"start":{"line":830,"column":0},"end":{"line":830,"column":45}},"830":{"start":{"line":831,"column":0},"end":{"line":831,"column":48}},"832":{"start":{"line":833,"column":0},"end":{"line":833,"column":27}},"833":{"start":{"line":834,"column":0},"end":{"line":834,"column":40}},"835":{"start":{"line":836,"column":0},"end":{"line":836,"column":39}},"836":{"start":{"line":837,"column":0},"end":{"line":837,"column":66}},"837":{"start":{"line":838,"column":0},"end":{"line":838,"column":34}},"838":{"start":{"line":839,"column":0},"end":{"line":839,"column":16}},"839":{"start":{"line":840,"column":0},"end":{"line":840,"column":6}},"840":{"start":{"line":841,"column":0},"end":{"line":841,"column":10}},"841":{"start":{"line":842,"column":0},"end":{"line":842,"column":14}},"842":{"start":{"line":843,"column":0},"end":{"line":843,"column":19}},"843":{"start":{"line":844,"column":0},"end":{"line":844,"column":12}},"844":{"start":{"line":845,"column":0},"end":{"line":845,"column":4}},"845":{"start":{"line":846,"column":0},"end":{"line":846,"column":3}},"846":{"start":{"line":847,"column":0},"end":{"line":847,"column":1}}},"s":{"0":1,"1":1,"2":1,"3":1,"5":1,"6":1,"7":1,"8":1,"9":1,"10":1,"11":1,"12":1,"13":1,"14":1,"16":1,"17":1,"18":1,"19":1,"20":1,"21":1,"22":5,"23":5,"24":5,"26":1,"27":1,"28":1,"29":1,"30":1,"31":1,"32":1,"33":1,"34":1,"35":7,"36":7,"38":1,"39":1,"40":1,"41":1,"42":1,"43":1,"44":1,"45":1,"46":1,"47":1,"48":7,"49":7,"50":2,"51":2,"53":5,"54":5,"55":5,"56":5,"57":5,"58":5,"59":5,"60":7,"61":0,"62":0,"63":0,"64":0,"65":0,"66":7,"68":1,"69":1,"70":1,"71":1,"72":1,"73":1,"74":1,"75":1,"76":0,"77":0,"79":1,"80":1,"81":1,"82":1,"83":1,"84":1,"86":1,"87":1,"88":1,"89":1,"90":1,"91":1,"92":5,"93":5,"94":5,"95":104,"96":104,"97":5,"98":5,"100":1,"101":1,"102":1,"103":1,"104":1,"105":1,"106":1,"107":1,"109":1,"110":1,"111":1,"112":1,"113":1,"114":1,"115":1,"116":1,"117":14,"118":14,"119":14,"120":14,"121":14,"122":14,"123":14,"124":2,"125":2,"126":2,"127":0,"128":0,"129":0,"130":0,"131":0,"132":0,"133":0,"134":0,"136":2,"137":2,"138":2,"139":2,"140":0,"141":0,"142":0,"143":2,"144":2,"146":2,"147":1,"148":1,"149":1,"150":1,"151":1,"152":1,"153":1,"154":1,"156":1,"157":2,"158":2,"159":2,"160":2,"161":0,"162":0,"163":0,"164":2,"165":2,"167":1,"168":1,"169":1,"170":0,"171":0,"172":0,"173":0,"174":1,"175":1,"177":1,"178":1,"179":1,"180":0,"181":0,"182":0,"183":0,"184":1,"185":1,"187":2,"188":2,"189":2,"190":2,"192":2,"193":2,"194":2,"195":2,"196":2,"197":2,"198":2,"199":2,"200":2,"201":2,"202":2,"203":14,"205":14,"206":14,"207":14,"208":14,"209":14,"210":14,"211":2,"212":2,"213":2,"214":0,"215":0,"216":0,"217":0,"218":0,"219":0,"220":0,"221":0,"223":2,"224":2,"225":2,"226":2,"227":0,"228":0,"229":0,"230":2,"231":2,"233":2,"234":1,"235":1,"236":1,"237":1,"238":1,"239":1,"240":1,"241":1,"243":1,"244":2,"245":2,"246":2,"247":2,"248":0,"249":0,"250":0,"251":2,"252":2,"253":1,"254":1,"255":1,"256":0,"257":0,"258":0,"259":1,"260":1,"262":1,"263":1,"264":1,"265":1,"266":0,"267":0,"268":0,"269":0,"270":1,"271":1,"273":1,"274":1,"275":1,"276":1,"277":1,"278":1,"279":1,"280":1,"281":0,"282":0,"283":0,"284":0,"285":1,"286":1,"288":1,"289":1,"290":0,"291":0,"292":0,"293":0,"305":0,"306":0,"307":0,"308":0,"309":0,"310":0,"311":0,"312":0,"313":0,"314":0,"315":0,"316":0,"317":0,"318":0,"319":0,"321":1,"322":1,"323":0,"324":0,"325":0,"326":0,"347":0,"348":0,"350":0,"351":0,"353":0,"354":0,"355":0,"356":0,"358":0,"359":0,"360":0,"361":0,"362":0,"363":0,"364":0,"365":0,"366":0,"367":0,"368":0,"370":1,"371":1,"372":1,"373":1,"374":0,"375":0,"376":0,"377":0,"378":1,"379":1,"381":1,"382":1,"383":1,"384":1,"385":1,"387":1,"388":1,"389":1,"390":0,"391":0,"392":1,"393":1,"394":14,"396":14,"397":14,"398":14,"399":14,"400":14,"401":14,"402":1,"403":1,"404":1,"405":0,"406":0,"407":0,"408":0,"409":0,"410":0,"411":0,"412":0,"414":1,"415":1,"416":1,"417":1,"418":0,"419":0,"420":0,"421":1,"422":1,"424":1,"425":0,"426":0,"427":0,"428":0,"429":0,"430":0,"431":0,"432":0,"434":1,"435":1,"436":1,"437":1,"438":1,"439":0,"440":0,"441":0,"442":1,"443":1,"445":1,"446":1,"447":1,"448":0,"449":0,"450":0,"451":0,"452":1,"453":1,"455":1,"456":14,"458":14,"459":14,"460":14,"461":14,"462":14,"463":14,"464":1,"465":1,"466":1,"467":0,"468":0,"469":0,"470":0,"471":0,"472":0,"473":0,"474":0,"476":1,"477":1,"478":1,"479":1,"480":0,"481":0,"482":0,"483":1,"484":1,"486":1,"487":0,"488":0,"489":0,"490":0,"491":0,"492":0,"493":0,"494":0,"496":1,"497":1,"498":1,"499":1,"500":1,"501":0,"502":0,"503":0,"504":1,"505":1,"507":1,"508":1,"509":1,"510":0,"511":0,"512":0,"513":0,"514":1,"515":1,"517":1,"518":14,"520":14,"521":14,"522":14,"523":14,"524":14,"525":14,"526":1,"527":1,"528":1,"529":0,"530":0,"531":0,"532":0,"533":0,"534":0,"535":0,"536":0,"538":1,"539":1,"540":1,"541":1,"542":0,"543":0,"544":0,"545":1,"546":1,"548":1,"549":0,"550":0,"551":0,"552":0,"553":0,"554":0,"555":0,"556":0,"558":1,"559":1,"560":0,"561":0,"562":0,"563":0,"564":0,"565":0,"566":0,"567":0,"568":0,"569":0,"571":1,"572":1,"573":1,"574":1,"575":1,"576":0,"577":0,"578":0,"579":1,"580":1,"582":1,"583":1,"584":1,"585":1,"586":1,"598":1,"599":1,"600":1,"601":1,"602":32,"603":32,"605":1,"606":1,"607":1,"608":0,"609":0,"610":0,"611":0,"612":1,"613":1,"615":1,"616":1,"617":1,"618":0,"619":0,"620":0,"621":0,"622":0,"623":0,"625":1,"626":1,"627":1,"628":1,"629":14,"630":14,"631":14,"633":1,"634":1,"635":1,"636":1,"637":1,"638":1,"639":1,"640":1,"641":1,"642":1,"643":1,"644":1,"645":14,"646":14,"647":14,"648":14,"649":14,"650":14,"651":14,"652":14,"654":14,"655":14,"656":14,"658":14,"659":14,"661":14,"662":1,"663":1,"664":1,"665":14,"667":14,"669":14,"671":14,"673":14,"675":14,"677":14,"679":14,"681":14,"683":14,"684":14,"685":14,"686":14,"687":14,"688":14,"689":14,"690":14,"691":14,"692":14,"693":14,"694":14,"695":14,"696":14,"697":14,"698":14,"699":14,"700":14,"701":14,"702":1,"703":1,"704":1,"705":1,"706":1,"707":1,"709":1,"710":1,"711":1,"712":1,"713":0,"714":0,"715":0,"716":0,"717":0,"718":0,"720":1,"721":1,"722":1,"723":1,"724":1,"725":1,"727":1,"728":1,"729":1,"730":1,"732":1,"733":1,"734":1,"735":1,"736":1,"737":1,"738":1,"739":1,"741":1,"742":1,"744":1,"745":1,"746":1,"747":1,"748":1,"749":1,"750":1,"751":1,"752":1,"753":1,"754":1,"755":1,"757":1,"758":1,"759":1,"760":1,"761":1,"762":1,"763":1,"764":1,"765":1,"766":1,"767":1,"768":14,"770":14,"771":0,"772":14,"773":14,"774":14,"776":1,"777":1,"778":1,"779":1,"780":1,"781":1,"782":1,"783":1,"784":1,"785":1,"786":1,"787":1,"788":1,"789":1,"790":1,"791":1,"792":1,"793":1,"794":1,"795":1,"796":1,"797":1,"798":1,"799":1,"800":1,"801":1,"802":1,"803":1,"804":1,"805":1,"806":1,"807":1,"808":1,"809":1,"810":1,"811":1,"812":1,"813":1,"814":1,"815":1,"816":1,"817":1,"818":1,"819":1,"820":1,"821":1,"822":1,"823":1,"824":1,"825":13,"826":13,"827":13,"828":13,"829":13,"830":13,"832":13,"833":13,"835":13,"836":13,"837":13,"838":13,"839":13,"840":13,"841":13,"842":13,"843":13,"844":13,"845":1,"846":1},"branchMap":{"0":{"type":"branch","line":22,"loc":{"start":{"line":22,"column":27},"end":{"line":25,"column":1}},"locations":[{"start":{"line":22,"column":27},"end":{"line":25,"column":1}}]},"1":{"type":"branch","line":35,"loc":{"start":{"line":35,"column":29},"end":{"line":37,"column":1}},"locations":[{"start":{"line":35,"column":29},"end":{"line":37,"column":1}}]},"2":{"type":"branch","line":48,"loc":{"start":{"line":48,"column":36},"end":{"line":67,"column":1}},"locations":[{"start":{"line":48,"column":36},"end":{"line":67,"column":1}}]},"3":{"type":"branch","line":50,"loc":{"start":{"line":50,"column":37},"end":{"line":52,"column":2}},"locations":[{"start":{"line":50,"column":37},"end":{"line":52,"column":2}}]},"4":{"type":"branch","line":52,"loc":{"start":{"line":52,"column":1},"end":{"line":61,"column":3}},"locations":[{"start":{"line":52,"column":1},"end":{"line":61,"column":3}}]},"5":{"type":"branch","line":61,"loc":{"start":{"line":61,"column":3},"end":{"line":66,"column":2}},"locations":[{"start":{"line":61,"column":3},"end":{"line":66,"column":2}}]},"6":{"type":"branch","line":85,"loc":{"start":{"line":85,"column":19},"end":{"line":85,"column":54}},"locations":[{"start":{"line":85,"column":19},"end":{"line":85,"column":54}}]},"7":{"type":"branch","line":92,"loc":{"start":{"line":92,"column":19},"end":{"line":99,"column":1}},"locations":[{"start":{"line":92,"column":19},"end":{"line":99,"column":1}}]},"8":{"type":"branch","line":93,"loc":{"start":{"line":93,"column":63},"end":{"line":93,"column":116}},"locations":[{"start":{"line":93,"column":63},"end":{"line":93,"column":116}}]},"9":{"type":"branch","line":95,"loc":{"start":{"line":95,"column":40},"end":{"line":97,"column":2}},"locations":[{"start":{"line":95,"column":40},"end":{"line":97,"column":2}}]},"10":{"type":"branch","line":117,"loc":{"start":{"line":117,"column":29},"end":{"line":632,"column":1}},"locations":[{"start":{"line":117,"column":29},"end":{"line":632,"column":1}}]},"11":{"type":"branch","line":124,"loc":{"start":{"line":124,"column":14},"end":{"line":204,"column":5}},"locations":[{"start":{"line":124,"column":14},"end":{"line":204,"column":5}}]},"12":{"type":"branch","line":125,"loc":{"start":{"line":125,"column":14},"end":{"line":204,"column":4}},"locations":[{"start":{"line":125,"column":14},"end":{"line":204,"column":4}}]},"13":{"type":"branch","line":127,"loc":{"start":{"line":127,"column":25},"end":{"line":135,"column":5}},"locations":[{"start":{"line":127,"column":25},"end":{"line":135,"column":5}}]},"14":{"type":"branch","line":147,"loc":{"start":{"line":147,"column":34},"end":{"line":158,"column":64}},"locations":[{"start":{"line":147,"column":34},"end":{"line":158,"column":64}}]},"15":{"type":"branch","line":152,"loc":{"start":{"line":152,"column":40},"end":{"line":152,"column":79}},"locations":[{"start":{"line":152,"column":40},"end":{"line":152,"column":79}}]},"16":{"type":"branch","line":158,"loc":{"start":{"line":158,"column":64},"end":{"line":158,"column":81}},"locations":[{"start":{"line":158,"column":64},"end":{"line":158,"column":81}}]},"17":{"type":"branch","line":166,"loc":{"start":{"line":166,"column":5},"end":{"line":188,"column":32}},"locations":[{"start":{"line":166,"column":5},"end":{"line":188,"column":32}}]},"18":{"type":"branch","line":188,"loc":{"start":{"line":188,"column":33},"end":{"line":188,"column":38}},"locations":[{"start":{"line":188,"column":33},"end":{"line":188,"column":38}}]},"19":{"type":"branch","line":189,"loc":{"start":{"line":189,"column":27},"end":{"line":189,"column":36}},"locations":[{"start":{"line":189,"column":27},"end":{"line":189,"column":36}}]},"20":{"type":"branch","line":189,"loc":{"start":{"line":189,"column":37},"end":{"line":189,"column":42}},"locations":[{"start":{"line":189,"column":37},"end":{"line":189,"column":42}}]},"21":{"type":"branch","line":190,"loc":{"start":{"line":190,"column":32},"end":{"line":190,"column":65}},"locations":[{"start":{"line":190,"column":32},"end":{"line":190,"column":65}}]},"22":{"type":"branch","line":190,"loc":{"start":{"line":190,"column":66},"end":{"line":190,"column":136}},"locations":[{"start":{"line":190,"column":66},"end":{"line":190,"column":136}}]},"23":{"type":"branch","line":191,"loc":{"start":{"line":191,"column":29},"end":{"line":191,"column":59}},"locations":[{"start":{"line":191,"column":29},"end":{"line":191,"column":59}}]},"24":{"type":"branch","line":191,"loc":{"start":{"line":191,"column":60},"end":{"line":191,"column":130}},"locations":[{"start":{"line":191,"column":60},"end":{"line":191,"column":130}}]},"25":{"type":"branch","line":202,"loc":{"start":{"line":202,"column":27},"end":{"line":202,"column":44}},"locations":[{"start":{"line":202,"column":27},"end":{"line":202,"column":44}}]},"26":{"type":"branch","line":202,"loc":{"start":{"line":202,"column":45},"end":{"line":202,"column":65}},"locations":[{"start":{"line":202,"column":45},"end":{"line":202,"column":65}}]},"27":{"type":"branch","line":139,"loc":{"start":{"line":139,"column":10},"end":{"line":139,"column":59}},"locations":[{"start":{"line":139,"column":10},"end":{"line":139,"column":59}}]},"28":{"type":"branch","line":160,"loc":{"start":{"line":160,"column":10},"end":{"line":160,"column":67}},"locations":[{"start":{"line":160,"column":10},"end":{"line":160,"column":67}}]},"29":{"type":"branch","line":211,"loc":{"start":{"line":211,"column":14},"end":{"line":395,"column":5}},"locations":[{"start":{"line":211,"column":14},"end":{"line":395,"column":5}}]},"30":{"type":"branch","line":212,"loc":{"start":{"line":212,"column":14},"end":{"line":395,"column":4}},"locations":[{"start":{"line":212,"column":14},"end":{"line":395,"column":4}}]},"31":{"type":"branch","line":214,"loc":{"start":{"line":214,"column":25},"end":{"line":222,"column":5}},"locations":[{"start":{"line":214,"column":25},"end":{"line":222,"column":5}}]},"32":{"type":"branch","line":234,"loc":{"start":{"line":234,"column":34},"end":{"line":245,"column":64}},"locations":[{"start":{"line":234,"column":34},"end":{"line":245,"column":64}}]},"33":{"type":"branch","line":239,"loc":{"start":{"line":239,"column":40},"end":{"line":239,"column":79}},"locations":[{"start":{"line":239,"column":40},"end":{"line":239,"column":79}}]},"34":{"type":"branch","line":245,"loc":{"start":{"line":245,"column":64},"end":{"line":245,"column":81}},"locations":[{"start":{"line":245,"column":64},"end":{"line":245,"column":81}}]},"35":{"type":"branch","line":253,"loc":{"start":{"line":253,"column":5},"end":{"line":395,"column":3}},"locations":[{"start":{"line":253,"column":5},"end":{"line":395,"column":3}}]},"36":{"type":"branch","line":226,"loc":{"start":{"line":226,"column":10},"end":{"line":226,"column":59}},"locations":[{"start":{"line":226,"column":10},"end":{"line":226,"column":59}}]},"37":{"type":"branch","line":247,"loc":{"start":{"line":247,"column":10},"end":{"line":247,"column":67}},"locations":[{"start":{"line":247,"column":10},"end":{"line":247,"column":67}}]},"38":{"type":"branch","line":255,"loc":{"start":{"line":255,"column":10},"end":{"line":255,"column":42}},"locations":[{"start":{"line":255,"column":10},"end":{"line":255,"column":42}}]},"39":{"type":"branch","line":276,"loc":{"start":{"line":276,"column":38},"end":{"line":386,"column":5}},"locations":[{"start":{"line":276,"column":38},"end":{"line":386,"column":5}}]},"40":{"type":"branch","line":278,"loc":{"start":{"line":278,"column":88},"end":{"line":278,"column":93}},"locations":[{"start":{"line":278,"column":88},"end":{"line":278,"column":93}}]},"41":{"type":"branch","line":290,"loc":{"start":{"line":290,"column":34},"end":{"line":320,"column":6}},"locations":[{"start":{"line":290,"column":34},"end":{"line":320,"column":6}}]},"42":{"type":"branch","line":323,"loc":{"start":{"line":323,"column":23},"end":{"line":369,"column":6}},"locations":[{"start":{"line":323,"column":23},"end":{"line":369,"column":6}}]},"43":{"type":"branch","line":402,"loc":{"start":{"line":402,"column":14},"end":{"line":457,"column":5}},"locations":[{"start":{"line":402,"column":14},"end":{"line":457,"column":5}}]},"44":{"type":"branch","line":403,"loc":{"start":{"line":403,"column":14},"end":{"line":457,"column":4}},"locations":[{"start":{"line":403,"column":14},"end":{"line":457,"column":4}}]},"45":{"type":"branch","line":405,"loc":{"start":{"line":405,"column":25},"end":{"line":413,"column":5}},"locations":[{"start":{"line":405,"column":25},"end":{"line":413,"column":5}}]},"46":{"type":"branch","line":425,"loc":{"start":{"line":425,"column":34},"end":{"line":433,"column":5}},"locations":[{"start":{"line":425,"column":34},"end":{"line":433,"column":5}}]},"47":{"type":"branch","line":436,"loc":{"start":{"line":436,"column":64},"end":{"line":436,"column":81}},"locations":[{"start":{"line":436,"column":64},"end":{"line":436,"column":81}}]},"48":{"type":"branch","line":456,"loc":{"start":{"line":456,"column":28},"end":{"line":456,"column":33}},"locations":[{"start":{"line":456,"column":28},"end":{"line":456,"column":33}}]},"49":{"type":"branch","line":417,"loc":{"start":{"line":417,"column":10},"end":{"line":417,"column":59}},"locations":[{"start":{"line":417,"column":10},"end":{"line":417,"column":59}}]},"50":{"type":"branch","line":438,"loc":{"start":{"line":438,"column":10},"end":{"line":438,"column":67}},"locations":[{"start":{"line":438,"column":10},"end":{"line":438,"column":67}}]},"51":{"type":"branch","line":464,"loc":{"start":{"line":464,"column":11},"end":{"line":519,"column":5}},"locations":[{"start":{"line":464,"column":11},"end":{"line":519,"column":5}}]},"52":{"type":"branch","line":465,"loc":{"start":{"line":465,"column":14},"end":{"line":519,"column":4}},"locations":[{"start":{"line":465,"column":14},"end":{"line":519,"column":4}}]},"53":{"type":"branch","line":467,"loc":{"start":{"line":467,"column":25},"end":{"line":475,"column":5}},"locations":[{"start":{"line":467,"column":25},"end":{"line":475,"column":5}}]},"54":{"type":"branch","line":487,"loc":{"start":{"line":487,"column":34},"end":{"line":495,"column":5}},"locations":[{"start":{"line":487,"column":34},"end":{"line":495,"column":5}}]},"55":{"type":"branch","line":498,"loc":{"start":{"line":498,"column":64},"end":{"line":498,"column":81}},"locations":[{"start":{"line":498,"column":64},"end":{"line":498,"column":81}}]},"56":{"type":"branch","line":479,"loc":{"start":{"line":479,"column":10},"end":{"line":479,"column":59}},"locations":[{"start":{"line":479,"column":10},"end":{"line":479,"column":59}}]},"57":{"type":"branch","line":500,"loc":{"start":{"line":500,"column":10},"end":{"line":500,"column":67}},"locations":[{"start":{"line":500,"column":10},"end":{"line":500,"column":67}}]},"58":{"type":"branch","line":526,"loc":{"start":{"line":526,"column":16},"end":{"line":630,"column":5}},"locations":[{"start":{"line":526,"column":16},"end":{"line":630,"column":5}}]},"59":{"type":"branch","line":527,"loc":{"start":{"line":527,"column":14},"end":{"line":630,"column":4}},"locations":[{"start":{"line":527,"column":14},"end":{"line":630,"column":4}}]},"60":{"type":"branch","line":529,"loc":{"start":{"line":529,"column":25},"end":{"line":537,"column":5}},"locations":[{"start":{"line":529,"column":25},"end":{"line":537,"column":5}}]},"61":{"type":"branch","line":549,"loc":{"start":{"line":549,"column":34},"end":{"line":557,"column":5}},"locations":[{"start":{"line":549,"column":34},"end":{"line":557,"column":5}}]},"62":{"type":"branch","line":560,"loc":{"start":{"line":560,"column":78},"end":{"line":570,"column":5}},"locations":[{"start":{"line":560,"column":78},"end":{"line":570,"column":5}}]},"63":{"type":"branch","line":573,"loc":{"start":{"line":573,"column":64},"end":{"line":573,"column":81}},"locations":[{"start":{"line":573,"column":64},"end":{"line":573,"column":81}}]},"64":{"type":"branch","line":586,"loc":{"start":{"line":586,"column":5},"end":{"line":586,"column":22}},"locations":[{"start":{"line":586,"column":5},"end":{"line":586,"column":22}}]},"65":{"type":"branch","line":589,"loc":{"start":{"line":589,"column":34},"end":{"line":597,"column":5}},"locations":[{"start":{"line":589,"column":34},"end":{"line":597,"column":5}}]},"66":{"type":"branch","line":599,"loc":{"start":{"line":599,"column":75},"end":{"line":599,"column":88}},"locations":[{"start":{"line":599,"column":75},"end":{"line":599,"column":88}}]},"67":{"type":"branch","line":602,"loc":{"start":{"line":602,"column":33},"end":{"line":604,"column":5}},"locations":[{"start":{"line":602,"column":33},"end":{"line":604,"column":5}}]},"68":{"type":"branch","line":618,"loc":{"start":{"line":618,"column":29},"end":{"line":624,"column":5}},"locations":[{"start":{"line":618,"column":29},"end":{"line":624,"column":5}}]},"69":{"type":"branch","line":541,"loc":{"start":{"line":541,"column":10},"end":{"line":541,"column":59}},"locations":[{"start":{"line":541,"column":10},"end":{"line":541,"column":59}}]},"70":{"type":"branch","line":575,"loc":{"start":{"line":575,"column":10},"end":{"line":575,"column":67}},"locations":[{"start":{"line":575,"column":10},"end":{"line":575,"column":67}}]},"71":{"type":"branch","line":645,"loc":{"start":{"line":645,"column":32},"end":{"line":775,"column":1}},"locations":[{"start":{"line":645,"column":32},"end":{"line":775,"column":1}}]},"72":{"type":"branch","line":662,"loc":{"start":{"line":662,"column":29},"end":{"line":666,"column":3}},"locations":[{"start":{"line":662,"column":29},"end":{"line":666,"column":3}}]},"73":{"type":"branch","line":670,"loc":{"start":{"line":670,"column":14},"end":{"line":670,"column":59}},"locations":[{"start":{"line":670,"column":14},"end":{"line":670,"column":59}}]},"74":{"type":"branch","line":672,"loc":{"start":{"line":672,"column":14},"end":{"line":672,"column":59}},"locations":[{"start":{"line":672,"column":14},"end":{"line":672,"column":59}}]},"75":{"type":"branch","line":674,"loc":{"start":{"line":674,"column":14},"end":{"line":674,"column":59}},"locations":[{"start":{"line":674,"column":14},"end":{"line":674,"column":59}}]},"76":{"type":"branch","line":676,"loc":{"start":{"line":676,"column":11},"end":{"line":676,"column":53}},"locations":[{"start":{"line":676,"column":11},"end":{"line":676,"column":53}}]},"77":{"type":"branch","line":678,"loc":{"start":{"line":678,"column":16},"end":{"line":678,"column":63}},"locations":[{"start":{"line":678,"column":16},"end":{"line":678,"column":63}}]},"78":{"type":"branch","line":680,"loc":{"start":{"line":680,"column":16},"end":{"line":680,"column":52}},"locations":[{"start":{"line":680,"column":16},"end":{"line":680,"column":52}}]},"79":{"type":"branch","line":682,"loc":{"start":{"line":682,"column":20},"end":{"line":682,"column":80}},"locations":[{"start":{"line":682,"column":20},"end":{"line":682,"column":80}}]},"80":{"type":"branch","line":702,"loc":{"start":{"line":702,"column":12},"end":{"line":769,"column":5}},"locations":[{"start":{"line":702,"column":12},"end":{"line":769,"column":5}}]},"81":{"type":"branch","line":703,"loc":{"start":{"line":703,"column":14},"end":{"line":769,"column":4}},"locations":[{"start":{"line":703,"column":14},"end":{"line":769,"column":4}}]},"82":{"type":"branch","line":713,"loc":{"start":{"line":713,"column":34},"end":{"line":719,"column":5}},"locations":[{"start":{"line":713,"column":34},"end":{"line":719,"column":5}}]},"83":{"type":"branch","line":825,"loc":{"start":{"line":825,"column":12},"end":{"line":846,"column":2}},"locations":[{"start":{"line":825,"column":12},"end":{"line":846,"column":2}}]}},"b":{"0":[5],"1":[7],"2":[7],"3":[2],"4":[5],"5":[0],"6":[1],"7":[5],"8":[0],"9":[104],"10":[14],"11":[2],"12":[2],"13":[0],"14":[1],"15":[0],"16":[0],"17":[1],"18":[0],"19":[1],"20":[0],"21":[1],"22":[0],"23":[1],"24":[0],"25":[0],"26":[0],"27":[2],"28":[1],"29":[2],"30":[2],"31":[0],"32":[1],"33":[0],"34":[0],"35":[1],"36":[2],"37":[1],"38":[1],"39":[1],"40":[0],"41":[0],"42":[0],"43":[1],"44":[1],"45":[0],"46":[0],"47":[0],"48":[0],"49":[1],"50":[1],"51":[1],"52":[1],"53":[0],"54":[0],"55":[0],"56":[1],"57":[1],"58":[1],"59":[1],"60":[0],"61":[0],"62":[0],"63":[0],"64":[0],"65":[1],"66":[0],"67":[32],"68":[0],"69":[1],"70":[1],"71":[14],"72":[1],"73":[2],"74":[2],"75":[1],"76":[1],"77":[1],"78":[1],"79":[1],"80":[1],"81":[1],"82":[0],"83":[13]},"fnMap":{"0":{"name":"createEthjsAddress","decl":{"start":{"line":22,"column":27},"end":{"line":25,"column":1}},"loc":{"start":{"line":22,"column":27},"end":{"line":25,"column":1}},"line":22},"1":{"name":"isValidAddressFormat","decl":{"start":{"line":35,"column":29},"end":{"line":37,"column":1}},"loc":{"start":{"line":35,"column":29},"end":{"line":37,"column":1}},"line":35},"2":{"name":"validateAddressWithChecksum","decl":{"start":{"line":48,"column":36},"end":{"line":67,"column":1}},"loc":{"start":{"line":48,"column":36},"end":{"line":67,"column":1}},"line":48},"3":{"name":"isValidAddress","decl":{"start":{"line":76,"column":23},"end":{"line":78,"column":1}},"loc":{"start":{"line":76,"column":23},"end":{"line":78,"column":1}},"line":76},"4":{"name":"isValidHex","decl":{"start":{"line":85,"column":19},"end":{"line":85,"column":54}},"loc":{"start":{"line":85,"column":19},"end":{"line":85,"column":54}},"line":85},"5":{"name":"bytesToHex","decl":{"start":{"line":92,"column":19},"end":{"line":99,"column":1}},"loc":{"start":{"line":92,"column":19},"end":{"line":99,"column":1}},"line":92},"6":{"name":"createActionServices","decl":{"start":{"line":117,"column":29},"end":{"line":632,"column":1}},"loc":{"start":{"line":117,"column":29},"end":{"line":632,"column":1}},"line":117},"7":{"name":"getAccount","decl":{"start":{"line":124,"column":14},"end":{"line":204,"column":5}},"loc":{"start":{"line":124,"column":14},"end":{"line":204,"column":5}},"line":124},"8":{"name":"try","decl":{"start":{"line":139,"column":10},"end":{"line":139,"column":59}},"loc":{"start":{"line":139,"column":10},"end":{"line":139,"column":59}},"line":139},"9":{"name":"catch","decl":{"start":{"line":140,"column":12},"end":{"line":144,"column":8}},"loc":{"start":{"line":140,"column":12},"end":{"line":144,"column":8}},"line":140},"10":{"name":"try","decl":{"start":{"line":160,"column":10},"end":{"line":160,"column":67}},"loc":{"start":{"line":160,"column":10},"end":{"line":160,"column":67}},"line":160},"11":{"name":"catch","decl":{"start":{"line":161,"column":12},"end":{"line":165,"column":8}},"loc":{"start":{"line":161,"column":12},"end":{"line":165,"column":8}},"line":161},"12":{"name":"setAccount","decl":{"start":{"line":211,"column":14},"end":{"line":395,"column":5}},"loc":{"start":{"line":211,"column":14},"end":{"line":395,"column":5}},"line":211},"13":{"name":"try","decl":{"start":{"line":226,"column":10},"end":{"line":226,"column":59}},"loc":{"start":{"line":226,"column":10},"end":{"line":226,"column":59}},"line":226},"14":{"name":"catch","decl":{"start":{"line":227,"column":12},"end":{"line":231,"column":8}},"loc":{"start":{"line":227,"column":12},"end":{"line":231,"column":8}},"line":227},"15":{"name":"try","decl":{"start":{"line":247,"column":10},"end":{"line":247,"column":67}},"loc":{"start":{"line":247,"column":10},"end":{"line":247,"column":67}},"line":247},"16":{"name":"catch","decl":{"start":{"line":248,"column":12},"end":{"line":252,"column":8}},"loc":{"start":{"line":248,"column":12},"end":{"line":252,"column":8}},"line":248},"17":{"name":"try","decl":{"start":{"line":255,"column":10},"end":{"line":255,"column":42}},"loc":{"start":{"line":255,"column":10},"end":{"line":255,"column":42}},"line":255},"18":{"name":"catch","decl":{"start":{"line":256,"column":12},"end":{"line":260,"column":8}},"loc":{"start":{"line":256,"column":12},"end":{"line":260,"column":8}},"line":256},"19":{"name":"getBalance","decl":{"start":{"line":402,"column":14},"end":{"line":457,"column":5}},"loc":{"start":{"line":402,"column":14},"end":{"line":457,"column":5}},"line":402},"20":{"name":"try","decl":{"start":{"line":417,"column":10},"end":{"line":417,"column":59}},"loc":{"start":{"line":417,"column":10},"end":{"line":417,"column":59}},"line":417},"21":{"name":"catch","decl":{"start":{"line":418,"column":12},"end":{"line":422,"column":8}},"loc":{"start":{"line":418,"column":12},"end":{"line":422,"column":8}},"line":418},"22":{"name":"try","decl":{"start":{"line":438,"column":10},"end":{"line":438,"column":67}},"loc":{"start":{"line":438,"column":10},"end":{"line":438,"column":67}},"line":438},"23":{"name":"catch","decl":{"start":{"line":439,"column":12},"end":{"line":443,"column":8}},"loc":{"start":{"line":439,"column":12},"end":{"line":443,"column":8}},"line":439},"24":{"name":"getCode","decl":{"start":{"line":464,"column":11},"end":{"line":519,"column":5}},"loc":{"start":{"line":464,"column":11},"end":{"line":519,"column":5}},"line":464},"25":{"name":"try","decl":{"start":{"line":479,"column":10},"end":{"line":479,"column":59}},"loc":{"start":{"line":479,"column":10},"end":{"line":479,"column":59}},"line":479},"26":{"name":"catch","decl":{"start":{"line":480,"column":12},"end":{"line":484,"column":8}},"loc":{"start":{"line":480,"column":12},"end":{"line":484,"column":8}},"line":480},"27":{"name":"try","decl":{"start":{"line":500,"column":10},"end":{"line":500,"column":67}},"loc":{"start":{"line":500,"column":10},"end":{"line":500,"column":67}},"line":500},"28":{"name":"catch","decl":{"start":{"line":501,"column":12},"end":{"line":505,"column":8}},"loc":{"start":{"line":501,"column":12},"end":{"line":505,"column":8}},"line":501},"29":{"name":"getStorageAt","decl":{"start":{"line":526,"column":16},"end":{"line":630,"column":5}},"loc":{"start":{"line":526,"column":16},"end":{"line":630,"column":5}},"line":526},"30":{"name":"try","decl":{"start":{"line":541,"column":10},"end":{"line":541,"column":59}},"loc":{"start":{"line":541,"column":10},"end":{"line":541,"column":59}},"line":541},"31":{"name":"catch","decl":{"start":{"line":542,"column":12},"end":{"line":546,"column":8}},"loc":{"start":{"line":542,"column":12},"end":{"line":546,"column":8}},"line":542},"32":{"name":"try","decl":{"start":{"line":575,"column":10},"end":{"line":575,"column":67}},"loc":{"start":{"line":575,"column":10},"end":{"line":575,"column":67}},"line":575},"33":{"name":"catch","decl":{"start":{"line":576,"column":12},"end":{"line":580,"column":8}},"loc":{"start":{"line":576,"column":12},"end":{"line":580,"column":8}},"line":576},"34":{"name":"createMemoryClientShape","decl":{"start":{"line":645,"column":32},"end":{"line":775,"column":1}},"loc":{"start":{"line":645,"column":32},"end":{"line":775,"column":1}},"line":645},"35":{"name":"getAccount","decl":{"start":{"line":670,"column":14},"end":{"line":670,"column":59}},
[...]
n":0},"end":{"line":111,"column":65}},"111":{"start":{"line":112,"column":0},"end":{"line":112,"column":2}},"113":{"start":{"line":114,"column":0},"end":{"line":114,"column":71}},"114":{"start":{"line":115,"column":0},"end":{"line":115,"column":31}},"115":{"start":{"line":116,"column":0},"end":{"line":116,"column":11}},"116":{"start":{"line":117,"column":0},"end":{"line":117,"column":75}},"117":{"start":{"line":118,"column":0},"end":{"line":118,"column":2}},"119":{"start":{"line":120,"column":0},"end":{"line":120,"column":62}},"120":{"start":{"line":121,"column":0},"end":{"line":121,"column":73}},"122":{"start":{"line":123,"column":0},"end":{"line":123,"column":66}},"123":{"start":{"line":124,"column":0},"end":{"line":124,"column":37}},"124":{"start":{"line":125,"column":0},"end":{"line":125,"column":78}},"126":{"start":{"line":127,"column":0},"end":{"line":127,"column":37}},"127":{"start":{"line":128,"column":0},"end":{"line":128,"column":38}},"128":{"start":{"line":129,"column":0},"end":{"line":129,"column":14}},"129":{"start":{"line":130,"column":0},"end":{"line":130,"column":20}},"130":{"start":{"line":131,"column":0},"end":{"line":131,"column":18}},"131":{"start":{"line":132,"column":0},"end":{"line":132,"column":11}},"132":{"start":{"line":133,"column":0},"end":{"line":133,"column":10}},"133":{"start":{"line":134,"column":0},"end":{"line":134,"column":23}},"134":{"start":{"line":135,"column":0},"end":{"line":135,"column":2}},"136":{"start":{"line":137,"column":0},"end":{"line":137,"column":39}},"137":{"start":{"line":138,"column":0},"end":{"line":138,"column":81}},"139":{"start":{"line":140,"column":0},"end":{"line":140,"column":97}},"140":{"start":{"line":141,"column":0},"end":{"line":141,"column":1}},"142":{"start":{"line":143,"column":0},"end":{"line":143,"column":3}},"143":{"start":{"line":144,"column":0},"end":{"line":144,"column":73}},"144":{"start":{"line":145,"column":0},"end":{"line":145,"column":58}},"145":{"start":{"line":146,"column":0},"end":{"line":146,"column":2}},"146":{"start":{"line":147,"column":0},"end":{"line":147,"column":77}},"147":{"start":{"line":148,"column":0},"end":{"line":148,"column":30}},"148":{"start":{"line":149,"column":0},"end":{"line":149,"column":3}},"149":{"start":{"line":150,"column":0},"end":{"line":150,"column":43}},"150":{"start":{"line":151,"column":0},"end":{"line":151,"column":4}},"151":{"start":{"line":152,"column":0},"end":{"line":152,"column":60}},"152":{"start":{"line":153,"column":0},"end":{"line":153,"column":15}},"153":{"start":{"line":154,"column":0},"end":{"line":154,"column":15}},"154":{"start":{"line":155,"column":0},"end":{"line":155,"column":60}},"155":{"start":{"line":156,"column":0},"end":{"line":156,"column":25}},"156":{"start":{"line":157,"column":0},"end":{"line":157,"column":4}},"157":{"start":{"line":158,"column":0},"end":{"line":158,"column":63}},"159":{"start":{"line":160,"column":0},"end":{"line":160,"column":4}},"160":{"start":{"line":161,"column":0},"end":{"line":161,"column":64}},"161":{"start":{"line":162,"column":0},"end":{"line":162,"column":15}},"162":{"start":{"line":163,"column":0},"end":{"line":163,"column":15}},"163":{"start":{"line":164,"column":0},"end":{"line":164,"column":94}},"164":{"start":{"line":165,"column":0},"end":{"line":165,"column":55}},"165":{"start":{"line":166,"column":0},"end":{"line":166,"column":4}},"166":{"start":{"line":167,"column":0},"end":{"line":167,"column":27}},"167":{"start":{"line":168,"column":0},"end":{"line":168,"column":27}},"168":{"start":{"line":169,"column":0},"end":{"line":169,"column":44}},"169":{"start":{"line":170,"column":0},"end":{"line":170,"column":27}},"170":{"start":{"line":171,"column":0},"end":{"line":171,"column":4}},"172":{"start":{"line":173,"column":0},"end":{"line":173,"column":9}},"173":{"start":{"line":174,"column":0},"end":{"line":174,"column":107}},"174":{"start":{"line":175,"column":0},"end":{"line":175,"column":125}},"175":{"start":{"line":176,"column":0},"end":{"line":176,"column":117}},"176":{"start":{"line":177,"column":0},"end":{"line":177,"column":198}},"177":{"start":{"line":178,"column":0},"end":{"line":178,"column":198}},"178":{"start":{"line":179,"column":0},"end":{"line":179,"column":194}},"179":{"start":{"line":180,"column":0},"end":{"line":180,"column":185}},"180":{"start":{"line":181,"column":0},"end":{"line":181,"column":200}},"181":{"start":{"line":182,"column":0},"end":{"line":182,"column":123}},"182":{"start":{"line":183,"column":0},"end":{"line":183,"column":191}},"183":{"start":{"line":184,"column":0},"end":{"line":184,"column":30}},"184":{"start":{"line":185,"column":0},"end":{"line":185,"column":125}},"185":{"start":{"line":186,"column":0},"end":{"line":186,"column":64}},"186":{"start":{"line":187,"column":0},"end":{"line":187,"column":64}},"187":{"start":{"line":188,"column":0},"end":{"line":188,"column":73}},"188":{"start":{"line":189,"column":0},"end":{"line":189,"column":57}},"189":{"start":{"line":190,"column":0},"end":{"line":190,"column":8}},"190":{"start":{"line":191,"column":0},"end":{"line":191,"column":46}},"191":{"start":{"line":192,"column":0},"end":{"line":192,"column":16}},"192":{"start":{"line":193,"column":0},"end":{"line":193,"column":58}},"193":{"start":{"line":194,"column":0},"end":{"line":194,"column":82}},"194":{"start":{"line":195,"column":0},"end":{"line":195,"column":76}},"195":{"start":{"line":196,"column":0},"end":{"line":196,"column":105}},"196":{"start":{"line":197,"column":0},"end":{"line":197,"column":6}},"197":{"start":{"line":198,"column":0},"end":{"line":198,"column":11}},"198":{"start":{"line":199,"column":0},"end":{"line":199,"column":4}},"199":{"start":{"line":200,"column":0},"end":{"line":200,"column":4}},"200":{"start":{"line":201,"column":0},"end":{"line":201,"column":35}},"201":{"start":{"line":202,"column":0},"end":{"line":202,"column":11}},"202":{"start":{"line":203,"column":0},"end":{"line":203,"column":11}},"203":{"start":{"line":204,"column":0},"end":{"line":204,"column":80}},"204":{"start":{"line":205,"column":0},"end":{"line":205,"column":82}},"205":{"start":{"line":206,"column":0},"end":{"line":206,"column":66}},"206":{"start":{"line":207,"column":0},"end":{"line":207,"column":64}},"207":{"start":{"line":208,"column":0},"end":{"line":208,"column":16}},"208":{"start":{"line":209,"column":0},"end":{"line":209,"column":166}},"209":{"start":{"line":210,"column":0},"end":{"line":210,"column":5}},"210":{"start":{"line":211,"column":0},"end":{"line":211,"column":4}},"211":{"start":{"line":212,"column":0},"end":{"line":212,"column":2}},"212":{"start":{"line":213,"column":0},"end":{"line":213,"column":1}},"214":{"start":{"line":215,"column":0},"end":{"line":215,"column":3}},"215":{"start":{"line":216,"column":0},"end":{"line":216,"column":60}},"216":{"start":{"line":217,"column":0},"end":{"line":217,"column":2}},"217":{"start":{"line":218,"column":0},"end":{"line":218,"column":80}},"218":{"start":{"line":219,"column":0},"end":{"line":219,"column":79}},"219":{"start":{"line":220,"column":0},"end":{"line":220,"column":14}},"220":{"start":{"line":221,"column":0},"end":{"line":221,"column":2}},"221":{"start":{"line":222,"column":0},"end":{"line":222,"column":22}},"222":{"start":{"line":223,"column":0},"end":{"line":223,"column":80}},"223":{"start":{"line":224,"column":0},"end":{"line":224,"column":79}},"224":{"start":{"line":225,"column":0},"end":{"line":225,"column":82}},"225":{"start":{"line":226,"column":0},"end":{"line":226,"column":53}},"226":{"start":{"line":227,"column":0},"end":{"line":227,"column":2}},"227":{"start":{"line":228,"column":0},"end":{"line":228,"column":11}},"228":{"start":{"line":229,"column":0},"end":{"line":229,"column":16}},"229":{"start":{"line":230,"column":0},"end":{"line":230,"column":66}},"230":{"start":{"line":231,"column":0},"end":{"line":231,"column":2}},"231":{"start":{"line":232,"column":0},"end":{"line":232,"column":40}},"232":{"start":{"line":233,"column":0},"end":{"line":233,"column":38}},"233":{"start":{"line":234,"column":0},"end":{"line":234,"column":2}},"234":{"start":{"line":235,"column":0},"end":{"line":235,"column":20}},"235":{"start":{"line":236,"column":0},"end":{"line":236,"column":23}},"236":{"start":{"line":237,"column":0},"end":{"line":237,"column":2}},"237":{"start":{"line":238,"column":0},"end":{"line":238,"column":29}},"238":{"start":{"line":239,"column":0},"end":{"line":239,"column":52}},"239":{"start":{"line":240,"column":0},"end":{"line":240,"column":44}},"240":{"start":{"line":241,"column":0},"end":{"line":241,"column":58}},"241":{"start":{"line":242,"column":0},"end":{"line":242,"column":5}},"242":{"start":{"line":243,"column":0},"end":{"line":243,"column":2}},"243":{"start":{"line":244,"column":0},"end":{"line":244,"column":30}},"244":{"start":{"line":245,"column":0},"end":{"line":245,"column":32}},"245":{"start":{"line":246,"column":0},"end":{"line":246,"column":59}},"246":{"start":{"line":247,"column":0},"end":{"line":247,"column":34}},"247":{"start":{"line":248,"column":0},"end":{"line":248,"column":5}},"248":{"start":{"line":249,"column":0},"end":{"line":249,"column":2}},"249":{"start":{"line":250,"column":0},"end":{"line":250,"column":22}},"250":{"start":{"line":251,"column":0},"end":{"line":251,"column":49}},"251":{"start":{"line":252,"column":0},"end":{"line":252,"column":26}},"252":{"start":{"line":253,"column":0},"end":{"line":253,"column":44}},"253":{"start":{"line":254,"column":0},"end":{"line":254,"column":2}},"254":{"start":{"line":255,"column":0},"end":{"line":255,"column":46}},"255":{"start":{"line":256,"column":0},"end":{"line":256,"column":57}},"256":{"start":{"line":257,"column":0},"end":{"line":257,"column":30}},"257":{"start":{"line":258,"column":0},"end":{"line":258,"column":51}},"258":{"start":{"line":259,"column":0},"end":{"line":259,"column":45}},"259":{"start":{"line":260,"column":0},"end":{"line":260,"column":7}},"260":{"start":{"line":261,"column":0},"end":{"line":261,"column":4}},"261":{"start":{"line":262,"column":0},"end":{"line":262,"column":2}},"262":{"start":{"line":263,"column":0},"end":{"line":263,"column":24}},"263":{"start":{"line":264,"column":0},"end":{"line":264,"column":25}},"264":{"start":{"line":265,"column":0},"end":{"line":265,"column":6}},"265":{"start":{"line":266,"column":0},"end":{"line":266,"column":2}},"266":{"start":{"line":267,"column":0},"end":{"line":267,"column":11}},"267":{"start":{"line":268,"column":0},"end":{"line":268,"column":16}},"268":{"start":{"line":269,"column":0},"end":{"line":269,"column":29}},"269":{"start":{"line":270,"column":0},"end":{"line":270,"column":38}},"270":{"start":{"line":271,"column":0},"end":{"line":271,"column":12}},"271":{"start":{"line":272,"column":0},"end":{"line":272,"column":52}},"272":{"start":{"line":273,"column":0},"end":{"line":273,"column":29}},"273":{"start":{"line":274,"column":0},"end":{"line":274,"column":6}},"274":{"start":{"line":275,"column":0},"end":{"line":275,"column":5}},"275":{"start":{"line":276,"column":0},"end":{"line":276,"column":6}},"276":{"start":{"line":277,"column":0},"end":{"line":277,"column":2}},"277":{"start":{"line":278,"column":0},"end":{"line":278,"column":85}},"278":{"start":{"line":279,"column":0},"end":{"line":279,"column":30}},"279":{"start":{"line":280,"column":0},"end":{"line":280,"column":3}},"280":{"start":{"line":281,"column":0},"end":{"line":281,"column":53}},"281":{"start":{"line":282,"column":0},"end":{"line":282,"column":34}},"282":{"start":{"line":283,"column":0},"end":{"line":283,"column":39}},"284":{"start":{"line":285,"column":0},"end":{"line":285,"column":51}},"285":{"start":{"line":286,"column":0},"end":{"line":286,"column":50}},"287":{"start":{"line":288,"column":0},"end":{"line":288,"column":4}},"288":{"start":{"line":289,"column":0},"end":{"line":289,"column":60}},"289":{"start":{"line":290,"column":0},"end":{"line":290,"column":15}},"290":{"start":{"line":291,"column":0},"end":{"line":291,"column":15}},"291":{"start":{"line":292,"column":0},"end":{"line":292,"column":60}},"292":{"start":{"line":293,"column":0},"end":{"line":293,"column":25}},"293":{"start":{"line":294,"column":0},"end":{"line":294,"column":4}},"294":{"start":{"line":295,"column":0},"end":{"line":295,"column":38}},"295":{"start":{"line":296,"column":0},"end":{"line":296,"column":42}},"296":{"start":{"line":297,"column":0},"end":{"line":297,"column":2}},"298":{"start":{"line":299,"column":0},"end":{"line":299,"column":4}},"299":{"start":{"line":300,"column":0},"end":{"line":300,"column":64}},"300":{"start":{"line":301,"column":0},"end":{"line":301,"column":15}},"301":{"start":{"line":302,"column":0},"end":{"line":302,"column":15}},"302":{"start":{"line":303,"column":0},"end":{"line":303,"column":94}},"303":{"start":{"line":304,"column":0},"end":{"line":304,"column":55}},"304":{"start":{"line":305,"column":0},"end":{"line":305,"column":4}},"305":{"start":{"line":306,"column":0},"end":{"line":306,"column":27}},"306":{"start":{"line":307,"column":0},"end":{"line":307,"column":27}},"307":{"start":{"line":308,"column":0},"end":{"line":308,"column":44}},"308":{"start":{"line":309,"column":0},"end":{"line":309,"column":27}},"309":{"start":{"line":310,"column":0},"end":{"line":310,"column":4}},"311":{"start":{"line":312,"column":0},"end":{"line":312,"column":9}},"312":{"start":{"line":313,"column":0},"end":{"line":313,"column":53}},"314":{"start":{"line":315,"column":0},"end":{"line":315,"column":71}},"316":{"start":{"line":317,"column":0},"end":{"line":317,"column":63}},"318":{"start":{"line":319,"column":0},"end":{"line":319,"column":29}},"319":{"start":{"line":320,"column":0},"end":{"line":320,"column":54}},"321":{"start":{"line":322,"column":0},"end":{"line":322,"column":29}},"322":{"start":{"line":323,"column":0},"end":{"line":323,"column":54}},"324":{"start":{"line":325,"column":0},"end":{"line":325,"column":25}},"325":{"start":{"line":326,"column":0},"end":{"line":326,"column":54}},"327":{"start":{"line":328,"column":0},"end":{"line":328,"column":22}},"328":{"start":{"line":329,"column":0},"end":{"line":329,"column":51}},"330":{"start":{"line":331,"column":0},"end":{"line":331,"column":27}},"331":{"start":{"line":332,"column":0},"end":{"line":332,"column":56}},"333":{"start":{"line":334,"column":0},"end":{"line":334,"column":21}},"334":{"start":{"line":335,"column":0},"end":{"line":335,"column":50}},"336":{"start":{"line":337,"column":0},"end":{"line":337,"column":35}},"337":{"start":{"line":338,"column":0},"end":{"line":338,"column":64}},"339":{"start":{"line":340,"column":0},"end":{"line":340,"column":25}},"340":{"start":{"line":341,"column":0},"end":{"line":341,"column":62}},"341":{"start":{"line":342,"column":0},"end":{"line":342,"column":39}},"342":{"start":{"line":343,"column":0},"end":{"line":343,"column":35}},"343":{"start":{"line":344,"column":0},"end":{"line":344,"column":4}},"345":{"start":{"line":346,"column":0},"end":{"line":346,"column":64}},"346":{"start":{"line":347,"column":0},"end":{"line":347,"column":64}},"348":{"start":{"line":349,"column":0},"end":{"line":349,"column":67}},"349":{"start":{"line":350,"column":0},"end":{"line":350,"column":73}},"351":{"start":{"line":352,"column":0},"end":{"line":352,"column":56}},"352":{"start":{"line":353,"column":0},"end":{"line":353,"column":57}},"354":{"start":{"line":355,"column":0},"end":{"line":355,"column":62}},"355":{"start":{"line":356,"column":0},"end":{"line":356,"column":8}},"356":{"start":{"line":357,"column":0},"end":{"line":357,"column":46}},"357":{"start":{"line":358,"column":0},"end":{"line":358,"column":16}},"358":{"start":{"line":359,"column":0},"end":{"line":359,"column":58}},"359":{"start":{"line":360,"column":0},"end":{"line":360,"column":82}},"360":{"start":{"line":361,"column":0},"end":{"line":361,"column":53}},"361":{"start":{"line":362,"column":0},"end":{"line":362,"column":105}},"362":{"start":{"line":363,"column":0},"end":{"line":363,"column":6}},"363":{"start":{"line":364,"column":0},"end":{"line":364,"column":11}},"364":{"start":{"line":365,"column":0},"end":{"line":365,"column":4}},"365":{"start":{"line":366,"column":0},"end":{"line":366,"column":4}},"367":{"start":{"line":368,"column":0},"end":{"line":368,"column":42}},"369":{"start":{"line":370,"column":0},"end":{"line":370,"column":11}},"370":{"start":{"line":371,"column":0},"end":{"line":371,"column":27}},"371":{"start":{"line":372,"column":0},"end":{"line":372,"column":9}},"372":{"start":{"line":373,"column":0},"end":{"line":373,"column":4}},"373":{"start":{"line":374,"column":0},"end":{"line":374,"column":2}},"374":{"start":{"line":375,"column":0},"end":{"line":375,"column":1}}},"s":{"0":1,"1":1,"2":1,"3":1,"5":1,"6":1,"7":1,"8":1,"9":1,"10":1,"11":1,"12":1,"13":1,"14":1,"15":1,"17":1,"18":1,"19":1,"20":1,"21":1,"22":1,"23":1,"24":1,"25":1,"26":1,"27":1,"28":1,"29":1,"30":1,"31":1,"32":1,"33":1,"34":1,"35":1,"37":1,"38":1,"39":1,"40":1,"41":1,"42":1,"43":1,"44":0,"45":0,"46":0,"48":0,"49":0,"50":0,"52":0,"53":0,"54":0,"55":0,"56":0,"58":0,"59":0,"61":1,"62":1,"63":1,"64":1,"65":1,"66":1,"67":1,"68":1,"69":1,"70":1,"71":1,"72":1,"73":1,"74":1,"75":1,"76":1,"77":1,"78":1,"80":1,"81":1,"82":1,"83":1,"84":1,"85":1,"86":1,"87":1,"88":1,"89":1,"90":1,"91":1,"92":1,"93":1,"94":0,"95":0,"96":0,"97":0,"98":0,"99":0,"101":0,"102":0,"104":0,"105":0,"107":0,"108":0,"109":0,"110":0,"111":0,"113":0,"114":0,"115":0,"116":0,"117":0,"119":0,"120":0,"122":0,"123":0,"124":0,"126":0,"127":0,"128":0,"129":0,"130":0,"131":0,"132":0,"133":0,"134":0,"136":0,"137":0,"139":0,"140":0,"142":1,"143":1,"144":1,"145":1,"146":1,"147":1,"148":1,"149":1,"150":0,"151":0,"152":0,"153":0,"154":0,"155":0,"156":0,"157":0,"159":0,"160":0,"161":0,"162":0,"163":0,"164":0,"165":0,"166":0,"167":0,"168":0,"169":0,"170":0,"172":0,"173":0,"174":0,"175":0,"176":0,"177":0,"178":0,"179":0,"180":0,"181":0,"182":0,"183":0,"184":0,"185":0,"186":0,"187":0,"188":0,"189":0,"190":0,"191":0,"192":0,"193":0,"194":0,"195":0,"196":0,"197":0,"198":0,"199":0,"200":0,"201":0,"202":0,"203":0,"204":0,"205":0,"206":0,"207":0,"208":0,"209":0,"210":0,"211":0,"212":0,"214":1,"215":1,"216":1,"217":1,"218":1,"219":1,"220":1,"221":1,"222":1,"223":1,"224":1,"225":1,"226":1,"227":1,"228":1,"229":1,"230":1,"231":1,"232":1,"233":1,"234":1,"235":1,"236":1,"237":1,"238":1,"239":1,"240":1,"241":1,"242":1,"243":1,"244":1,"245":1,"246":1,"247":1,"248":1,"249":1,"250":1,"251":1,"252":1,"253":1,"254":1,"255":1,"256":1,"257":1,"258":1,"259":1,"260":1,"261":1,"262":1,"263":1,"264":1,"265":1,"266":1,"267":1,"268":1,"269":1,"270":1,"271":1,"272":1,"273":1,"274":1,"275":1,"276":1,"277":1,"278":1,"279":1,"280":1,"281":0,"282":0,"284":0,"285":0,"287":0,"288":0,"289":0,"290":0,"291":0,"292":0,"293":0,"294":0,"295":0,"296":0,"298":0,"299":0,"300":0,"301":0,"302":0,"303":0,"304":0,"305":0,"306":0,"307":0,"308":0,"309":0,"311":0,"312":0,"314":0,"316":0,"318":0,"319":0,"321":0,"322":0,"324":0,"325":0,"327":0,"328":0,"330":0,"331":0,"333":0,"334":0,"336":0,"337":0,"339":0,"340":0,"341":0,"342":0,"343":0,"345":0,"346":0,"348":0,"349":0,"351":0,"352":0,"354":0,"355":0,"356":0,"357":0,"358":0,"359":0,"360":0,"361":0,"362":0,"363":0,"364":0,"365":0,"367":0,"369":0,"370":0,"371":0,"372":0,"373":0,"374":0},"branchMap":{},"b":{},"fnMap":{"0":{"name":"validateMemoryClientShape","decl":{"start":{"line":44,"column":34},"end":{"line":60,"column":1}},"loc":{"start":{"line":44,"column":34},"end":{"line":60,"column":1}},"line":44},"1":{"name":"createFullLayer","decl":{"start":{"line":94,"column":24},"end":{"line":141,"column":1}},"loc":{"start":{"line":94,"column":24},"end":{"line":141,"column":1}},"line":94},"2":{"name":"createDeepCopyClient","decl":{"start":{"line":150,"column":29},"end":{"line":213,"column":1}},"loc":{"start":{"line":150,"column":29},"end":{"line":213,"column":1}},"line":150},"3":{"name":"createMemoryClient","decl":{"start":{"line":281,"column":34},"end":{"line":375,"column":1}},"loc":{"start":{"line":281,"column":34},"end":{"line":375,"column":1}},"line":281}},"f":{"0":0,"1":0,"2":0,"3":0}}
}
