{"/Users/colinnielsen/code/tevm-monorepo/packages/decorators-effect/src/EthActionsLive.js": {"path":"/Users/colinnielsen/code/tevm-monorepo/packages/decorators-effect/src/EthActionsLive.js","all":false,"statementMap":{"0":{"start":{"line":1,"column":0},"end":{"line":1,"column":3}},"1":{"start":{"line":2,"column":0},"end":{"line":2,"column":49}},"2":{"start":{"line":3,"column":0},"end":{"line":3,"column":48}},"3":{"start":{"line":4,"column":0},"end":{"line":4,"column":3}},"5":{"start":{"line":6,"column":0},"end":{"line":6,"column":38}},"6":{"start":{"line":7,"column":0},"end":{"line":7,"column":58}},"7":{"start":{"line":8,"column":0},"end":{"line":8,"column":43}},"8":{"start":{"line":9,"column":0},"end":{"line":9,"column":45}},"9":{"start":{"line":10,"column":0},"end":{"line":10,"column":51}},"10":{"start":{"line":11,"column":0},"end":{"line":11,"column":59}},"11":{"start":{"line":12,"column":0},"end":{"line":12,"column":8}},"16":{"start":{"line":17,"column":0},"end":{"line":17,"column":56}},"17":{"start":{"line":18,"column":0},"end":{"line":18,"column":119}},"19":{"start":{"line":20,"column":0},"end":{"line":20,"column":3}},"20":{"start":{"line":21,"column":0},"end":{"line":21,"column":44}},"21":{"start":{"line":22,"column":0},"end":{"line":22,"column":2}},"22":{"start":{"line":23,"column":0},"end":{"line":23,"column":76}},"23":{"start":{"line":24,"column":0},"end":{"line":24,"column":25}},"24":{"start":{"line":25,"column":0},"end":{"line":25,"column":50}},"25":{"start":{"line":26,"column":0},"end":{"line":26,"column":28}},"26":{"start":{"line":27,"column":0},"end":{"line":27,"column":42}},"27":{"start":{"line":28,"column":0},"end":{"line":28,"column":44}},"28":{"start":{"line":29,"column":0},"end":{"line":29,"column":2}},"29":{"start":{"line":30,"column":0},"end":{"line":30,"column":11}},"30":{"start":{"line":31,"column":0},"end":{"line":31,"column":16}},"31":{"start":{"line":32,"column":0},"end":{"line":32,"column":41}},"32":{"start":{"line":33,"column":0},"end":{"line":33,"column":78}},"33":{"start":{"line":34,"column":0},"end":{"line":34,"column":57}},"34":{"start":{"line":35,"column":0},"end":{"line":35,"column":43}},"35":{"start":{"line":36,"column":0},"end":{"line":36,"column":57}},"36":{"start":{"line":37,"column":0},"end":{"line":37,"column":60}},"37":{"start":{"line":38,"column":0},"end":{"line":38,"column":45}},"38":{"start":{"line":39,"column":0},"end":{"line":39,"column":2}},"39":{"start":{"line":40,"column":0},"end":{"line":40,"column":113}},"40":{"start":{"line":41,"column":0},"end":{"line":41,"column":75}},"41":{"start":{"line":42,"column":0},"end":{"line":42,"column":69}},"42":{"start":{"line":43,"column":0},"end":{"line":43,"column":72}},"43":{"start":{"line":44,"column":0},"end":{"line":44,"column":102}},"44":{"start":{"line":45,"column":0},"end":{"line":45,"column":110}},"45":{"start":{"line":46,"column":0},"end":{"line":46,"column":2}},"46":{"start":{"line":47,"column":0},"end":{"line":47,"column":55}},"47":{"start":{"line":48,"column":0},"end":{"line":48,"column":100}},"48":{"start":{"line":49,"column":0},"end":{"line":49,"column":2}},"49":{"start":{"line":50,"column":0},"end":{"line":50,"column":44}},"50":{"start":{"line":51,"column":0},"end":{"line":51,"column":48}},"51":{"start":{"line":52,"column":0},"end":{"line":52,"column":43}},"52":{"start":{"line":53,"column":0},"end":{"line":53,"column":5}},"53":{"start":{"line":54,"column":0},"end":{"line":54,"column":2}},"54":{"start":{"line":55,"column":0},"end":{"line":55,"column":67}},"55":{"start":{"line":56,"column":0},"end":{"line":56,"column":6}},"56":{"start":{"line":57,"column":0},"end":{"line":57,"column":2}},"57":{"start":{"line":58,"column":0},"end":{"line":58,"column":3}},"58":{"start":{"line":59,"column":0},"end":{"line":59,"column":512}},"59":{"start":{"line":60,"column":0},"end":{"line":60,"column":19}},"60":{"start":{"line":61,"column":0},"end":{"line":61,"column":26}},"61":{"start":{"line":62,"column":0},"end":{"line":62,"column":29}},"62":{"start":{"line":63,"column":0},"end":{"line":63,"column":31}},"63":{"start":{"line":64,"column":0},"end":{"line":64,"column":37}},"64":{"start":{"line":65,"column":0},"end":{"line":65,"column":45}},"65":{"start":{"line":66,"column":0},"end":{"line":66,"column":52}},"66":{"start":{"line":67,"column":0},"end":{"line":67,"column":46}},"67":{"start":{"line":68,"column":0},"end":{"line":68,"column":56}},"68":{"start":{"line":69,"column":0},"end":{"line":69,"column":49}},"70":{"start":{"line":71,"column":0},"end":{"line":71,"column":63}},"71":{"start":{"line":72,"column":0},"end":{"line":72,"column":21}},"72":{"start":{"line":73,"column":0},"end":{"line":73,"column":29}},"73":{"start":{"line":74,"column":0},"end":{"line":74,"column":71}},"74":{"start":{"line":75,"column":0},"end":{"line":75,"column":66}},"75":{"start":{"line":76,"column":0},"end":{"line":76,"column":22}},"76":{"start":{"line":77,"column":0},"end":{"line":77,"column":13}},"77":{"start":{"line":78,"column":0},"end":{"line":78,"column":27}},"78":{"start":{"line":79,"column":0},"end":{"line":79,"column":87}},"79":{"start":{"line":80,"column":0},"end":{"line":80,"column":51}},"80":{"start":{"line":81,"column":0},"end":{"line":81,"column":10}},"81":{"start":{"line":82,"column":0},"end":{"line":82,"column":7}},"82":{"start":{"line":83,"column":0},"end":{"line":83,"column":6}},"83":{"start":{"line":84,"column":0},"end":{"line":84,"column":31}},"84":{"start":{"line":85,"column":0},"end":{"line":85,"column":7}},"86":{"start":{"line":87,"column":0},"end":{"line":87,"column":20}},"87":{"start":{"line":88,"column":0},"end":{"line":88,"column":29}},"88":{"start":{"line":89,"column":0},"end":{"line":89,"column":64}},"89":{"start":{"line":90,"column":0},"end":{"line":90,"column":73}},"90":{"start":{"line":91,"column":0},"end":{"line":91,"column":8}},"91":{"start":{"line":92,"column":0},"end":{"line":92,"column":52}},"92":{"start":{"line":93,"column":0},"end":{"line":93,"column":65}},"93":{"start":{"line":94,"column":0},"end":{"line":94,"column":8}},"94":{"start":{"line":95,"column":0},"end":{"line":95,"column":68}},"95":{"start":{"line":96,"column":0},"end":{"line":96,"column":55}},"96":{"start":{"line":97,"column":0},"end":{"line":97,"column":64}},"97":{"start":{"line":98,"column":0},"end":{"line":98,"column":66}},"98":{"start":{"line":99,"column":0},"end":{"line":99,"column":45}},"99":{"start":{"line":100,"column":0},"end":{"line":100,"column":85}},"100":{"start":{"line":101,"column":0},"end":{"line":101,"column":7}},"101":{"start":{"line":102,"column":0},"end":{"line":102,"column":81}},"102":{"start":{"line":103,"column":0},"end":{"line":103,"column":60}},"103":{"start":{"line":104,"column":0},"end":{"line":104,"column":46}},"104":{"start":{"line":105,"column":0},"end":{"line":105,"column":73}},"105":{"start":{"line":106,"column":0},"end":{"line":106,"column":7}},"106":{"start":{"line":107,"column":0},"end":{"line":107,"column":18}},"107":{"start":{"line":108,"column":0},"end":{"line":108,"column":6}},"109":{"start":{"line":110,"column":0},"end":{"line":110,"column":57}},"110":{"start":{"line":111,"column":0},"end":{"line":111,"column":41}},"111":{"start":{"line":112,"column":0},"end":{"line":112,"column":19}},"112":{"start":{"line":113,"column":0},"end":{"line":113,"column":26}},"113":{"start":{"line":114,"column":0},"end":{"line":114,"column":97}},"114":{"start":{"line":115,"column":0},"end":{"line":115,"column":50}},"115":{"start":{"line":116,"column":0},"end":{"line":116,"column":10}},"116":{"start":{"line":117,"column":0},"end":{"line":117,"column":7}},"118":{"start":{"line":119,"column":0},"end":{"line":119,"column":89}},"119":{"start":{"line":120,"column":0},"end":{"line":120,"column":42}},"120":{"start":{"line":121,"column":0},"end":{"line":121,"column":41}},"121":{"start":{"line":122,"column":0},"end":{"line":122,"column":19}},"122":{"start":{"line":123,"column":0},"end":{"line":123,"column":31}},"123":{"start":{"line":124,"column":0},"end":{"line":124,"column":91}},"124":{"start":{"line":125,"column":0},"end":{"line":125,"column":27}},"125":{"start":{"line":126,"column":0},"end":{"line":126,"column":50}},"126":{"start":{"line":127,"column":0},"end":{"line":127,"column":10}},"127":{"start":{"line":128,"column":0},"end":{"line":128,"column":7}},"129":{"start":{"line":130,"column":0},"end":{"line":130,"column":44}},"130":{"start":{"line":131,"column":0},"end":{"line":131,"column":43}},"131":{"start":{"line":132,"column":0},"end":{"line":132,"column":23}},"132":{"start":{"line":133,"column":0},"end":{"line":133,"column":22}},"133":{"start":{"line":134,"column":0},"end":{"line":134,"column":40}},"134":{"start":{"line":135,"column":0},"end":{"line":135,"column":38}},"135":{"start":{"line":136,"column":0},"end":{"line":136,"column":32}},"136":{"start":{"line":137,"column":0},"end":{"line":137,"column":6}},"137":{"start":{"line":138,"column":0},"end":{"line":138,"column":88}},"138":{"start":{"line":139,"column":0},"end":{"line":139,"column":21}},"139":{"start":{"line":140,"column":0},"end":{"line":140,"column":42}},"140":{"start":{"line":141,"column":0},"end":{"line":141,"column":43}},"141":{"start":{"line":142,"column":0},"end":{"line":142,"column":20}},"142":{"start":{"line":143,"column":0},"end":{"line":143,"column":32}},"143":{"start":{"line":144,"column":0},"end":{"line":144,"column":88}},"144":{"start":{"line":145,"column":0},"end":{"line":145,"column":28}},"145":{"start":{"line":146,"column":0},"end":{"line":146,"column":51}},"146":{"start":{"line":147,"column":0},"end":{"line":147,"column":11}},"147":{"start":{"line":148,"column":0},"end":{"line":148,"column":8}},"148":{"start":{"line":149,"column":0},"end":{"line":149,"column":6}},"149":{"start":{"line":150,"column":0},"end":{"line":150,"column":23}},"150":{"start":{"line":151,"column":0},"end":{"line":151,"column":45}},"151":{"start":{"line":152,"column":0},"end":{"line":152,"column":45}},"152":{"start":{"line":153,"column":0},"end":{"line":153,"column":20}},"153":{"start":{"line":154,"column":0},"end":{"line":154,"column":32}},"154":{"start":{"line":155,"column":0},"end":{"line":155,"column":90}},"155":{"start":{"line":156,"column":0},"end":{"line":156,"column":28}},"156":{"start":{"line":157,"column":0},"end":{"line":157,"column":51}},"157":{"start":{"line":158,"column":0},"end":{"line":158,"column":11}},"158":{"start":{"line":159,"column":0},"end":{"line":159,"column":8}},"159":{"start":{"line":160,"column":0},"end":{"line":160,"column":38}},"160":{"start":{"line":161,"column":0},"end":{"line":161,"column":38}},"161":{"start":{"line":162,"column":0},"end":{"line":162,"column":6}},"163":{"start":{"line":164,"column":0},"end":{"line":164,"column":75}},"164":{"start":{"line":165,"column":0},"end":{"line":165,"column":28}},"165":{"start":{"line":166,"column":0},"end":{"line":166,"column":26}},"166":{"start":{"line":167,"column":0},"end":{"line":167,"column":82}},"167":{"start":{"line":168,"column":0},"end":{"line":168,"column":50}},"168":{"start":{"line":169,"column":0},"end":{"line":169,"column":9}},"169":{"start":{"line":170,"column":0},"end":{"line":170,"column":7}},"170":{"start":{"line":171,"column":0},"end":{"line":171,"column":6}},"172":{"start":{"line":173,"column":0},"end":{"line":173,"column":72}},"173":{"start":{"line":174,"column":0},"end":{"line":174,"column":62}},"174":{"start":{"line":175,"column":0},"end":{"line":175,"column":51}},"175":{"start":{"line":176,"column":0},"end":{"line":176,"column":20}},"176":{"start":{"line":177,"column":0},"end":{"line":177,"column":46}},"177":{"start":{"line":178,"column":0},"end":{"line":178,"column":28}},"178":{"start":{"line":179,"column":0},"end":{"line":179,"column":32}},"179":{"start":{"line":180,"column":0},"end":{"line":180,"column":49}},"180":{"start":{"line":181,"column":0},"end":{"line":181,"column":8}},"181":{"start":{"line":182,"column":0},"end":{"line":182,"column":7}},"182":{"start":{"line":183,"column":0},"end":{"line":183,"column":16}},"183":{"start":{"line":184,"column":0},"end":{"line":184,"column":6}},"185":{"start":{"line":186,"column":0},"end":{"line":186,"column":41}},"187":{"start":{"line":188,"column":0},"end":{"line":188,"column":54}},"188":{"start":{"line":189,"column":0},"end":{"line":189,"column":71}},"189":{"start":{"line":190,"column":0},"end":{"line":190,"column":38}},"190":{"start":{"line":191,"column":0},"end":{"line":191,"column":45}},"191":{"start":{"line":192,"column":0},"end":{"line":192,"column":48}},"192":{"start":{"line":193,"column":0},"end":{"line":193,"column":79}},"194":{"start":{"line":195,"column":0},"end":{"line":195,"column":76}},"195":{"start":{"line":196,"column":0},"end":{"line":196,"column":35}},"196":{"start":{"line":197,"column":0},"end":{"line":197,"column":33}},"197":{"start":{"line":198,"column":0},"end":{"line":198,"column":25}},"198":{"start":{"line":199,"column":0},"end":{"line":199,"column":90}},"199":{"start":{"line":200,"column":0},"end":{"line":200,"column":31}},"200":{"start":{"line":201,"column":0},"end":{"line":201,"column":56}},"201":{"start":{"line":202,"column":0},"end":{"line":202,"column":11}},"202":{"start":{"line":203,"column":0},"end":{"line":203,"column":8}},"203":{"start":{"line":204,"column":0},"end":{"line":204,"column":46}},"204":{"start":{"line":205,"column":0},"end":{"line":205,"column":33}},"205":{"start":{"line":206,"column":0},"end":{"line":206,"column":27}},"206":{"start":{"line":207,"column":0},"end":{"line":207,"column":48}},"207":{"start":{"line":208,"column":0},"end":{"line":208,"column":11}},"208":{"start":{"line":209,"column":0},"end":{"line":209,"column":8}},"209":{"start":{"line":210,"column":0},"end":{"line":210,"column":50}},"210":{"start":{"line":211,"column":0},"end":{"line":211,"column":33}},"211":{"start":{"line":212,"column":0},"end":{"line":212,"column":32}},"212":{"start":{"line":213,"column":0},"end":{"line":213,"column":19}},"213":{"start":{"line":214,"column":0},"end":{"line":214,"column":52}},"214":{"start":{"line":215,"column":0},"end":{"line":215,"column":11}},"215":{"start":{"line":216,"column":0},"end":{"line":216,"column":8}},"216":{"start":{"line":217,"column":0},"end":{"line":217,"column":14}},"217":{"start":{"line":218,"column":0},"end":{"line":218,"column":39}},"218":{"start":{"line":219,"column":0},"end":{"line":219,"column":33}},"219":{"start":{"line":220,"column":0},"end":{"line":220,"column":27}},"220":{"start":{"line":221,"column":0},"end":{"line":221,"column":72}},"221":{"start":{"line":222,"column":0},"end":{"line":222,"column":22}},"222":{"start":{"line":223,"column":0},"end":{"line":223,"column":11}},"223":{"start":{"line":224,"column":0},"end":{"line":224,"column":8}},"224":{"start":{"line":225,"column":0},"end":{"line":225,"column":7}},"225":{"start":{"line":226,"column":0},"end":{"line":226,"column":6}},"227":{"start":{"line":228,"column":0},"end":{"line":228,"column":67}},"228":{"start":{"line":229,"column":0},"end":{"line":229,"column":7}},"230":{"start":{"line":231,"column":0},"end":{"line":231,"column":57}},"232":{"start":{"line":233,"column":0},"end":{"line":233,"column":18}},"233":{"start":{"line":234,"column":0},"end":{"line":234,"column":29}},"234":{"start":{"line":235,"column":0},"end":{"line":235,"column":59}},"235":{"start":{"line":236,"column":0},"end":{"line":236,"column":72}},"236":{"start":{"line":237,"column":0},"end":{"line":237,"column":78}},"237":{"start":{"line":238,"column":0},"end":{"line":238,"column":79}},"238":{"start":{"line":239,"column":0},"end":{"line":239,"column":23}},"239":{"start":{"line":240,"column":0},"end":{"line":240,"column":7}},"241":{"start":{"line":242,"column":0},"end":{"line":242,"column":64}},"243":{"start":{"line":244,"column":0},"end":{"line":244,"column":55}},"245":{"start":{"line":246,"column":0},"end":{"line":246,"column":70}},"247":{"start":{"line":248,"column":0},"end":{"line":248,"column":27}},"248":{"start":{"line":249,"column":0},"end":{"line":249,"column":29}},"249":{"start":{"line":250,"column":0},"end":{"line":250,"column":56}},"250":{"start":{"line":251,"column":0},"end":{"line":251,"column":65}},"251":{"start":{"line":252,"column":0},"end":{"line":252,"column":8}},"252":{"start":{"line":253,"column":0},"end":{"line":253,"column":52}},"253":{"start":{"line":254,"column":0},"end":{"line":254,"column":65}},"254":{"start":{"line":255,"column":0},"end":{"line":255,"column":8}},"255":{"start":{"line":256,"column":0},"end":{"line":256,"column":68}},"256":{"start":{"line":257,"column":0},"end":{"line":257,"column":55}},"257":{"start":{"line":258,"column":0},"end":{"line":258,"column":64}},"258":{"start":{"line":259,"column":0},"end":{"line":259,"column":45}},"259":{"start":{"line":260,"column":0},"end":{"line":260,"column":85}},"260":{"start":{"line":261,"column":0},"end":{"line":261,"column":7}},"261":{"start":{"line":262,"column":0},"end":{"line":262,"column":81}},"262":{"start":{"line":263,"column":0},"end":{"line":263,"column":60}},"263":{"start":{"line":264,"column":0},"end":{"line":264,"column":46}},"264":{"start":{"line":265,"column":0},"end":{"line":265,"column":73}},"265":{"start":{"line":266,"column":0},"end":{"line":266,"column":7}},"266":{"start":{"line":267,"column":0},"end":{"line":267,"column":18}},"267":{"start":{"line":268,"column":0},"end":{"line":268,"column":6}},"269":{"start":{"line":270,"column":0},"end":{"line":270,"column":57}},"270":{"start":{"line":271,"column":0},"end":{"line":271,"column":41}},"271":{"start":{"line":272,"column":0},"end":{"line":272,"column":19}},"272":{"start":{"line":273,"column":0},"end":{"line":273,"column":26}},"273":{"start":{"line":274,"column":0},"end":{"line":274,"column":97}},"274":{"start":{"line":275,"column":0},"end":{"line":275,"column":50}},"275":{"start":{"line":276,"column":0},"end":{"line":276,"column":10}},"276":{"start":{"line":277,"column":0},"end":{"line":277,"column":7}},"278":{"start":{"line":279,"column":0},"end":{"line":279,"column":42}},"279":{"start":{"line":280,"column":0},"end":{"line":280,"column":41}},"280":{"start":{"line":281,"column":0},"end":{"line":281,"column":19}},"281":{"start":{"line":282,"column":0},"end":{"line":282,"column":31}},"282":{"start":{"line":283,"column":0},"end":{"line":283,"column":91}},"283":{"start":{"line":284,"column":0},"end":{"line":284,"column":34}},"284":{"start":{"line":285,"column":0},"end":{"line":285,"column":50}},"285":{"start":{"line":286,"column":0},"end":{"line":286,"column":10}},"286":{"start":{"line":287,"column":0},"end":{"line":287,"column":7}},"288":{"start":{"line":289,"column":0},"end":{"line":289,"column":43}},"289":{"start":{"line":290,"column":0},"end":{"line":290,"column":23}},"290":{"start":{"line":291,"column":0},"end":{"line":291,"column":22}},"291":{"start":{"line":292,"column":0},"end":{"line":292,"column":40}},"292":{"start":{"line":293,"column":0},"end":{"line":293,"column":38}},"293":{"start":{"line":294,"column":0},"end":{"line":294,"column":32}},"294":{"start":{"line":295,"column":0},"end":{"line":295,"column":6}},"296":{"start":{"line":297,"column":0},"end":{"line":297,"column":21}},"297":{"start":{"line":298,"column":0},"end":{"line":298,"column":42}},"298":{"start":{"line":299,"column":0},"end":{"line":299,"column":43}},"299":{"start":{"line":300,"column":0},"end":{"line":300,"column":20}},"300":{"start":{"line":301,"column":0},"end":{"line":301,"column":32}},"301":{"start":{"line":302,"column":0},"end":{"line":302,"column":88}},"302":{"start":{"line":303,"column":0},"end":{"line":303,"column":35}},"303":{"start":{"line":304,"column":0},"end":{"line":304,"column":51}},"304":{"start":{"line":305,"column":0},"end":{"line":305,"column":11}},"305":{"start":{"line":306,"column":0},"end":{"line":306,"column":8}},"306":{"start":{"line":307,"column":0},"end":{"line":307,"column":6}},"307":{"start":{"line":308,"column":0},"end":{"line":308,"column":23}},"308":{"start":{"line":309,"column":0},"end":{"line":309,"column":45}},"309":{"start":{"line":310,"column":0},"end":{"line":310,"column":45}},"310":{"start":{"line":311,"column":0},"end":{"line":311,"column":20}},"311":{"start":{"line":312,"column":0},"end":{"line":312,"column":32}},"312":{"start":{"line":313,"column":0},"end":{"line":313,"column":90}},"313":{"start":{"line":314,"column":0},"end":{"line":314,"column":35}},"314":{"start":{"line":315,"column":0},"end":{"line":315,"column":51}},"315":{"start":{"line":316,"column":0},"end":{"line":316,"column":11}},"316":{"start":{"line":317,"column":0},"end":{"line":317,"column":8}},"317":{"start":{"line":318,"column":0},"end":{"line":318,"column":38}},"318":{"start":{"line":319,"column":0},"end":{"line":319,"column":38}},"319":{"start":{"line":320,"column":0},"end":{"line":320,"column":6}},"321":{"start":{"line":322,"column":0},"end":{"line":322,"column":75}},"322":{"start":{"line":323,"column":0},"end":{"line":323,"column":28}},"323":{"start":{"line":324,"column":0},"end":{"line":324,"column":26}},"324":{"start":{"line":325,"column":0},"end":{"line":325,"column":89}},"325":{"start":{"line":326,"column":0},"end":{"line":326,"column":50}},"326":{"start":{"line":327,"column":0},"end":{"line":327,"column":9}},"327":{"start":{"line":328,"column":0},"end":{"line":328,"column":7}},"328":{"start":{"line":329,"column":0},"end":{"line":329,"column":6}},"330":{"start":{"line":331,"column":0},"end":{"line":331,"column":41}},"332":{"start":{"line":333,"column":0},"end":{"line":333,"column":24}},"333":{"start":{"line":334,"column":0},"end":{"line":334,"column":38}},"334":{"start":{"line":335,"column":0},"end":{"line":335,"column":45}},"335":{"start":{"line":336,"column":0},"end":{"line":336,"column":48}},"336":{"start":{"line":337,"column":0},"end":{"line":337,"column":63}},"337":{"start":{"line":338,"column":0},"end":{"line":338,"column":52}},"338":{"start":{"line":339,"column":0},"end":{"line":339,"column":21}},"339":{"start":{"line":340,"column":0},"end":{"line":340,"column":47}},"340":{"start":{"line":341,"column":0},"end":{"line":341,"column":29}},"341":{"start":{"line":342,"column":0},"end":{"line":342,"column":33}},"342":{"start":{"line":343,"column":0},"end":{"line":343,"column":50}},"343":{"start":{"line":344,"column":0},"end":{"line":344,"column":9}},"344":{"start":{"line":345,"column":0},"end":{"line":345,"column":8}},"345":{"start":{"line":346,"column":0},"end":{"line":346,"column":17}},"346":{"start":{"line":347,"column":0},"end":{"line":347,"column":7}},"347":{"start":{"line":348,"column":0},"end":{"line":348,"column":79}},"349":{"start":{"line":350,"column":0},"end":{"line":350,"column":35}},"350":{"start":{"line":351,"column":0},"end":{"line":351,"column":33}},"351":{"start":{"line":352,"column":0},"end":{"line":352,"column":25}},"352":{"start":{"line":353,"column":0},"end":{"line":353,"column":90}},"353":{"start":{"line":354,"column":0},"end":{"line":354,"column":31}},"354":{"start":{"line":355,"column":0},"end":{"line":355,"column":56}},"355":{"start":{"line":356,"column":0},"end":{"line":356,"column":11}},"356":{"start":{"line":357,"column":0},"end":{"line":357,"column":8}},"357":{"start":{"line":358,"column":0},"end":{"line":358,"column":46}},"358":{"start":{"line":359,"column":0},"end":{"line":359,"column":33}},"359":{"start":{"line":360,"column":0},"end":{"line":360,"column":27}},"360":{"start":{"line":361,"column":0},"end":{"line":361,"column":48}},"361":{"start":{"line":362,"column":0},"end":{"line":362,"column":11}},"362":{"start":{"line":363,"column":0},"end":{"line":363,"column":8}},"363":{"start":{"line":364,"column":0},"end":{"line":364,"column":14}},"364":{"start":{"line":365,"column":0},"end":{"line":365,"column":33}},"365":{"start":{"line":366,"column":0},"end":{"line":366,"column":27}},"366":{"start":{"line":367,"column":0},"end":{"line":367,"column":72}},"367":{"start":{"line":368,"column":0},"end":{"line":368,"column":22}},"368":{"start":{"line":369,"column":0},"end":{"line":369,"column":11}},"369":{"start":{"line":370,"column":0},"end":{"line":370,"column":8}},"370":{"start":{"line":371,"column":0},"end":{"line":371,"column":7}},"371":{"start":{"line":372,"column":0},"end":{"line":372,"column":6}},"373":{"start":{"line":374,"column":0},"end":{"line":374,"column":75}},"374":{"start":{"line":375,"column":0},"end":{"line":375,"column":82}},"375":{"start":{"line":376,"column":0},"end":{"line":376,"column":74}},"376":{"start":{"line":377,"column":0},"end":{"line":377,"column":60}},"377":{"start":{"line":378,"column":0},"end":{"line":378,"column":59}},"378":{"start":{"line":379,"column":0},"end":{"line":379,"column":43}},"379":{"start":{"line":380,"column":0},"end":{"line":380,"column":44}},"380":{"start":{"line":381,"column":0},"end":{"line":381,"column":36}},"381":{"start":{"line":382,"column":0},"end":{"line":382,"column":7}},"383":{"start":{"line":384,"column":0},"end":{"line":384,"column":32}},"384":{"start":{"line":385,"column":0},"end":{"line":385,"column":29}},"385":{"start":{"line":386,"column":0},"end":{"line":386,"column":68}},"386":{"start":{"line":387,"column":0},"end":{"line":387,"column":49}},"387":{"start":{"line":388,"column":0},"end":{"line":388,"column":6}},"389":{"start":{"line":390,"column":0},"end":{"line":390,"column":18}},"390":{"start":{"line":391,"column":0},"end":{"line":391,"column":17}},"391":{"start":{"line":392,"column":0},"end":{"line":392,"column":6}},"393":{"start":{"line":394,"column":0},"end":{"line":394,"column":40}},"394":{"start":{"line":395,"column":0},"end":{"line":395,"column":62}},"395":{"start":{"line":396,"column":0},"end":{"line":396,"column":51}},"396":{"start":{"line":397,"column":0},"end":{"line":397,"column":20}},"397":{"start":{"line":398,"column":0},"end":{"line":398,"column":46}},"398":{"start":{"line":399,"column":0},"end":{"line":399,"column":28}},"399":{"start":{"line":400,"column":0},"end":{"line":400,"column":32}},"400":{"start":{"line":401,"column":0},"end":{"line":401,"column":49}},"401":{"start":{"line":402,"column":0},"end":{"line":402,"column":8}},"402":{"start":{"line":403,"column":0},"end":{"line":403,"column":7}},"403":{"start":{"line":404,"column":0},"end":{"line":404,"column":47}},"404":{"start":{"line":405,"column":0},"end":{"line":405,"column":6}},"406":{"start":{"line":407,"column":0},"end":{"line":407,"column":32}},"407":{"start":{"line":408,"column":0},"end":{"line":408,"column":63}},"408":{"start":{"line":409,"column":0},"end":{"line":409,"column":48}},"409":{"start":{"line":410,"column":0},"end":{"line":410,"column":37}},"410":{"start":{"line":411,"column":0},"end":{"line":411,"column":48}},"411":{"start":{"line":412,"column":0},"end":{"line":412,"column":38}},"412":{"start":{"line":413,"column":0},"end":{"line":413,"column":47}},"413":{"start":{"line":414,"column":0},"end":{"line":414,"column":46}},"414":{"start":{"line":415,"column":0},"end":{"line":415,"column":60}},"415":{"start":{"line":416,"column":0},"end":{"line":416,"column":46}},"416":{"start":{"line":417,"column":0},"end":{"line":417,"column":51}},"417":{"start":{"line":418,"column":0},"end":{"line":418,"column":105}},"418":{"start":{"line":419,"column":0},"end":{"line":419,"column":56}},"419":{"start":{"line":420,"column":0},"end":{"line":420,"column":29}},"420":{"start":{"line":421,"column":0},"end":{"line":421,"column":46}},"421":{"start":{"line":422,"column":0},"end":{"line":422,"column":57}},"422":{"start":{"line":423,"column":0},"end":{"line":423,"column":52}},"423":{"start":{"line":424,"column":0},"end":{"line":424,"column":50}},"424":{"start":{"line":425,"column":0},"end":{"line":425,"column":54}},"425":{"start":{"line":426,"column":0},"end":{"line":426,"column":46}},"426":{"start":{"line":427,"column":0},"end":{"line":427,"column":50}},"427":{"start":{"line":428,"column":0},"end":{"line":428,"column":34}},"428":{"start":{"line":429,"column":0},"end":{"line":429,"column":122}},"429":{"start":{"line":430,"column":0},"end":{"line":430,"column":39}},"430":{"start":{"line":431,"column":0},"end":{"line":431,"column":45}},"431":{"start":{"line":432,"column":0},"end":{"line":432,"column":56}},"432":{"start":{"line":433,"column":0},"end":{"line":433,"column":51}},"433":{"start":{"line":434,"column":0},"end":{"line":434,"column":70}},"434":{"start":{"line":435,"column":0},"end":{"line":435,"column":98}},"435":{"start":{"line":436,"column":0},"end":{"line":436,"column":54}},"436":{"start":{"line":437,"column":0},"end":{"line":437,"column":67}},"437":{"start":{"line":438,"column":0},"end":{"line":438,"column":69}},"438":{"start":{"line":439,"column":0},"end":{"line":439,"column":81}},"439":{"start":{"line":440,"column":0},"end":{"line":440,"column":55}},"440":{"start":{"line":441,"column":0},"end":{"line":441,"column":69}},"441":{"start":{"line":442,"column":0},"end":{"line":442,"column":43}},"442":{"start":{"line":443,"column":0},"end":{"line":443,"column":30}},"443":{"start":{"line":444,"column":0},"end":{"line":444,"column":30}},"444":{"start":{"line":445,"column":0},"end":{"line":445,"column":30}},"445":{"start":{"line":446,"column":0},"end":{"line":446,"column":117}},"446":{"start":{"line":447,"column":0},"end":{"line":447,"column":87}},"447":{"start":{"line":448,"column":0},"end":{"line":448,"column":124}},"448":{"start":{"line":449,"column":0},"end":{"line":449,"column":148}},"449":{"start":{"line":450,"column":0},"end":{"line":450,"column":136}},"450":{"start":{"line":451,"column":0},"end":{"line":451,"column":114}},"451":{"start":{"line":452,"column":0},"end":{"line":452,"column":10}},"452":{"start":{"line":453,"column":0},"end":{"line":453,"column":9}},"453":{"start":{"line":454,"column":0},"end":{"line":454,"column":80}},"454":{"start":{"line":455,"column":0},"end":{"line":455,"column":81}},"455":{"start":{"line":456,"column":0},"end":{"line":456,"column":7}},"456":{"start":{"line":457,"column":0},"end":{"line":457,"column":7}},"458":{"start":{"line":459,"column":0},"end":{"line":459,"column":30}},"459":{"start":{"line":460,"column":0},"end":{"line":460,"column":29}},"460":{"start":{"line":461,"column":0},"end":{"line":461,"column":75}},"461":{"start":{"line":462,"column":0},"end":{"line":462,"column":49}},"462":{"start":{"line":463,"column":0},"end":{"line":463,"column":6}},"464":{"start":{"line":465,"column":0},"end":{"line":465,"column":18}},"465":{"start":{"line":466,"column":0},"end":{"line":466,"column":17}},"466":{"start":{"line":467,"column":0},"end":{"line":467,"column":6}},"468":{"start":{"line":469,"column":0},"end":{"line":469,"column":40}},"469":{"start":{"line":470,"column":0},"end":{"line":470,"column":62}},"470":{"start":{"line":471,"column":0},"end":{"line":471,"column":51}},"471":{"start":{"line":472,"column":0},"end":{"line":472,"column":20}},"472":{"start":{"line":473,"column":0},"end":{"line":473,"column":46}},"473":{"start":{"line":474,"column":0},"end":{"line":474,"column":28}},"474":{"start":{"line":475,"column":0},"end":{"line":475,"column":32}},"475":{"start":{"line":476,"column":0},"end":{"line":476,"column":49}},"476":{"start":{"line":477,"column":0},"end":{"line":477,"column":8}},"477":{"start":{"line":478,"column":0},"end":{"line":478,"column":7}},"478":{"start":{"line":479,"column":0},"end":{"line":479,"column":47}},"479":{"start":{"line":480,"column":0},"end":{"line":480,"column":6}},"481":{"start":{"line":482,"column":0},"end":{"line":482,"column":32}},"482":{"start":{"line":483,"column":0},"end":{"line":483,"column":63}},"483":{"start":{"line":484,"column":0},"end":{"line":484,"column":48}},"484":{"start":{"line":485,"column":0},"end":{"line":485,"column":37}},"485":{"start":{"line":486,"column":0},"end":{"line":486,"column":48}},"486":{"start":{"line":487,"column":0},"end":{"line":487,"column":38}},"487":{"start":{"line":488,"column":0},"end":{"line":488,"column":47}},"488":{"start":{"line":489,"column":0},"end":{"line":489,"column":46}},"489":{"start":{"line":490,"column":0},"end":{"line":490,"column":60}},"490":{"start":{"line":491,"column":0},"end":{"line":491,"column":46}},"491":{"start":{"line":492,"column":0},"end":{"line":492,"column":51}},"492":{"start":{"line":493,"column":0},"end":{"line":493,"column":105}},"493":{"start":{"line":494,"column":0},"end":{"line":494,"column":56}},"494":{"start":{"line":495,"column":0},"end":{"line":495,"column":29}},"495":{"start":{"line":496,"column":0},"end":{"line":496,"column":46}},"496":{"start":{"line":497,"column":0},"end":{"line":497,"column":57}},"497":{"start":{"line":498,"column":0},"end":{"line":498,"column":52}},"498":{"start":{"line":499,"column":0},"end":{"line":499,"column":50}},"499":{"start":{"line":500,"column":0},"end":{"line":500,"column":54}},"500":{"start":{"line":501,"column":0},"end":{"line":501,"column":46}},"501":{"start":{"line":502,"column":0},"end":{"line":502,"column":50}},"502":{"start":{"line":503,"column":0},"end":{"line":503,"column":34}},"503":{"start":{"line":504,"column":0},"end":{"line":504,"column":122}},"504":{"start":{"line":505,"column":0},"end":{"line":505,"column":39}},"505":{"start":{"line":506,"column":0},"end":{"line":506,"column":45}},"506":{"start":{"line":507,"column":0},"end":{"line":507,"column":56}},"507":{"start":{"line":508,"column":0},"end":{"line":508,"column":51}},"508":{"start":{"line":509,"column":0},"end":{"line":509,"column":70}},"509":{"start":{"line":510,"column":0},"end":{"line":510,"column":98}},"510":{"start":{"line":511,"column":0},"end":{"line":511,"column":54}},"511":{"start":{"line":512,"column":0},"end":{"line":512,"column":67}},"512":{"start":{"line":513,"column":0},"end":{"line":513,"column":69}},"513":{"start":{"line":514,"column":0},"end":{"line":514,"column":81}},"514":{"start":{"line":515,"column":0},"end":{"line":515,"column":55}},"515":{"start":{"line":516,"column":0},"end":{"line":516,"column":69}},"516":{"start":{"line":517,"column":0},"end":{"line":517,"column":43}},"517":{"start":{"line":518,"column":0},"end":{"line":518,"column":30}},"518":{"start":{"line":519,"column":0},"end":{"line":519,"column":30}},"519":{"start":{"line":520,"column":0},"end":{"line":520,"column":30}},"520":{"start":{"line":521,"column":0},"end":{"line":521,"column":117}},"521":{"start":{"line":522,"column":0},"end":{"line":522,"column":87}},"522":{"start":{"line":523,"column":0},"end":{"line":523,"column":124}},"523":{"start":{"line":524,"column":0},"end":{"line":524,"column":148}},"524":{"start":{"line":525,"column":0},"end":{"line":525,"column":136}},"525":{"start":{"line":526,"column":0},"end":{"line":526,"column":114}},"526":{"start":{"line":527,"column":0},"end":{"line":527,"column":10}},"527":{"start":{"line":528,"column":0},"end":{"line":528,"column":9}},"528":{"start":{"line":529,"column":0},"end":{"line":529,"column":80}},"529":{"start":{"line":530,"column":0},"end":{"line":530,"column":81}},"530":{"start":{"line":531,"column":0},"end":{"line":531,"column":7}},"531":{"start":{"line":532,"column":0},"end":{"line":532,"column":7}},"533":{"start":{"line":534,"column":0},"end":{"line":534,"column":38}},"535":{"start":{"line":536,"column":0},"end":{"line":536,"column":60}},"537":{"start":{"line":538,"column":0},"end":{"line":538,"column":57}},"539":{"start":{"line":540,"column":0},"end":{"line":540,"column":35}},"540":{"start":{"line":541,"column":0},"end":{"line":541,"column":29}},"541":{"start":{"line":542,"column":0},"end":{"line":542,"column":31}},"542":{"start":{"line":543,"column":0},"end":{"line":543,"column":35}},"543":{"start":{"line":544,"column":0},"end":{"line":544,"column":51}},"544":{"start":{"line":545,"column":0},"end":{"line":545,"column":32}},"545":{"start":{"line":546,"column":0},"end":{"line":546,"column":31}},"546":{"start":{"line":547,"column":0},"end":{"line":547,"column":42}},"547":{"start":{"line":548,"column":0},"end":{"line":548,"column":28}},"548":{"start":{"line":549,"column":0},"end":{"line":549,"column":60}},"549":{"start":{"line":550,"column":0},"end":{"line":550,"column":10}},"550":{"start":{"line":551,"column":0},"end":{"line":551,"column":7}},"551":{"start":{"line":552,"column":0},"end":{"line":552,"column":6}},"552":{"start":{"line":553,"column":0},"end":{"line":553,"column":48}},"553":{"start":{"line":554,"column":0},"end":{"line":554,"column":32}},"554":{"start":{"line":555,"column":0},"end":{"line":555,"column":31}},"555":{"start":{"line":556,"column":0},"end":{"line":556,"column":42}},"556":{"start":{"line":557,"column":0},"end":{"line":557,"column":28}},"557":{"start":{"line":558,"column":0},"end":{"line":558,"column":106}},"558":{"start":{"line":559,"column":0},"end":{"line":559,"column":10}},"559":{"start":{"line":560,"column":0},"end":{"line":560,"column":7}},"560":{"start":{"line":561,"column":0},"end":{"line":561,"column":6}},"562":{"start":{"line":563,"column":0},"end":{"line":563,"column":54}},"563":{"start":{"line":564,"column":0},"end":{"line":564,"column":73}},"564":{"start":{"line":565,"column":0},"end":{"line":565,"column":32}},"565":{"start":{"line":566,"column":0},"end":{"line":566,"column":31}},"566":{"start":{"line":567,"column":0},"end":{"line":567,"column":42}},"567":{"start":{"line":568,"column":0},"end":{"line":568,"column":46}},"568":{"start":{"line":569,"column":0},"end":{"line":569,"column":107}},"569":{"start":{"line":570,"column":0},"end":{"line":570,"column":10}},"570":{"start":{"line":571,"column":0},"end":{"line":571,"column":7}},"571":{"start":{"line":572,"column":0},"end":{"line":572,"column":6}},"573":{"start":{"line":574,"column":0},"end":{"line":574,"column":38}},"574":{"start":{"line":575,"column":0},"end":{"line":575,"column":80}},"575":{"start":{"line":576,"column":0},"end":{"line":576,"column":22}},"576":{"start":{"line":577,"column":0},"end":{"line":577,"column":13}},"577":{"start":{"line":578,"column":0},"end":{"line":578,"column":27}},"578":{"start":{"line":579,"column":0},"end":{"line":579,"column":111}},"579":{"start":{"line":580,"column":0},"end":{"line":580,"column":52}},"580":{"start":{"line":581,"column":0},"end":{"line":581,"column":18}},"581":{"start":{"line":582,"column":0},"end":{"line":582,"column":11}},"582":{"start":{"line":583,"column":0},"end":{"line":583,"column":8}},"583":{"start":{"line":584,"column":0},"end":{"line":584,"column":6}},"585":{"start":{"line":586,"column":0},"end":{"line":586,"column":60}},"586":{"start":{"line":587,"column":0},"end":{"line":587,"column":32}},"587":{"start":{"line":588,"column":0},"end":{"line":588,"column":7}},"589":{"start":{"line":590,"column":0},"end":{"line":590,"column":24}},"590":{"start":{"line":591,"column":0},"end":{"line":591,"column":29}},"591":{"start":{"line":592,"column":0},"end":{"line":592,"column":97}},"592":{"start":{"line":593,"column":0},"end":{"line":593,"column":37}},"593":{"start":{"line":594,"column":0},"end":{"line":594,"column":77}},"594":{"start":{"line":595,"column":0},"end":{"line":595,"column":69}},"595":{"start":{"line":596,"column":0},"end":{"line":596,"column":50}},"596":{"start":{"line":597,"column":0},"end":{"line":597,"column":45}},"597":{"start":{"line":598,"column":0},"end":{"line":598,"column":93}},"598":{"start":{"line":599,"column":0},"end":{"line":599,"column":65}},"599":{"start":{"line":600,"column":0},"end":{"line":600,"column":7}},"600":{"start":{"line":601,"column":0},"end":{"line":601,"column":4}},"601":{"start":{"line":602,"column":0},"end":{"line":602,"column":3}},"602":{"start":{"line":603,"column":0},"end":{"line":603,"column":2}}},"s":{"0":1,"1":1,"2":1,"3":1,"5":1,"6":1,"7":1,"8":1,"9":1,"10":1,"11":1,"16":1,"17":1,"19":1,"20":1,"21":1,"22":1,"23":1,"24":1,"25":1,"26":1,"27":1,"28":1,"29":1,"30":1,"31":1,"32":1,"33":1,"34":1,"35":1,"36":1,"37":1,"38":1,"39":1,"40":1,"41":1,"42":1,"43":1,"44":1,"45":1,"46":1,"47":1,"48":1,"49":1,"50":1,"51":1,"52":1,"53":1,"54":1,"55":1,"56":1,"57":1,"58":1,"59":1,"60":1,"61":40,"62":40,"63":40,"64":40,"65":40,"66":40,"67":40,"68":40,"70":40,"71":40,"72":2,"73":2,"74":2,"75":2,"76":2,"77":1,"78":1,"79":1,"80":1,"81":2,"82":2,"83":1,"84":40,"86":40,"87":12,"88":12,"89":12,"90":12,"91":12,"92":12,"93":12,"94":12,"95":12,"96":12,"97":12,"98":12,"99":1,"100":1,"101":12,"102":12,"103":12,"104":20,"105":20,"106":10,"107":12,"109":12,"110":12,"111":12,"112":0,"113":0,"114":0,"115":12,"116":12,"118":12,"119":12,"120":12,"121":12,"122":1,"123":1,"124":1,"125":1,"126":12,"127":12,"129":11,"130":11,"131":11,"132":11,"133":12,"134":12,"135":12,"136":12,"137":12,"138":12,"139":11,"140":11,"141":11,"142":1,"143":1,"144":1,"145":1,"146":11,"147":11,"148":10,"149":12,"150":2,"151":2,"152":2,"153":1,"154":1,"155":1,"156":1,"157":2,"158":2,"159":1,"160":1,"161":1,"163":9,"164":9,"165":1,"166":1,"167":1,"168":1,"169":9,"170":9,"172":8,"173":8,"174":8,"175":3,"176":8,"177":8,"178":8,"179":8,"180":8,"181":8,"182":3,"183":8,"185":8,"187":8,"188":8,"189":12,"190":5,"191":5,"192":5,"194":5,"195":5,"196":2,"197":2,"198":2,"199":2,"200":2,"201":2,"202":2,"203":5,"204":1,"205":1,"206":1,"207":1,"208":1,"209":3,"210":1,"211":1,"212":1,"213":1,"214":1,"215":1,"216":1,"217":1,"218":1,"219":1,"220":1,"221":1,"222":1,"223":1,"224":1,"225":5,"227":12,"228":40,"230":40,"232":40,"233":1,"234":1,"235":1,"236":1,"237":1,"238":1,"239":40,"241":40,"243":40,"245":40,"247":40,"248":9,"249":9,"250":9,"251":9,"252":9,"253":9,"254":9,"255":9,"256":9,"257":9,"258":9,"259":1,"260":1,"261":9,"262":9,"263":9,"264":16,"265":16,"266":8,"267":9,"269":9,"270":9,"271":9,"272":0,"273":0,"274":0,"275":9,"276":9,"278":9,"279":9,"280":9,"281":1,"282":1,"283":1,"284":1,"285":9,"286":9,"288":8,"289":8,"290":8,"291":9,"292":9,"293":9,"294":9,"296":9,"297":8,"298":8,"299":8,"300":1,"301":1,"302":1,"303":1,"304":8,"305":8,"306":7,"307":9,"308":2,"309":2,"310":2,"311":1,"312":1,"313":1,"314":1,"315":2,"316":2,"317":1,"318":1,"319":1,"321":6,"322":6,"323":1,"324":1,"325":1,"326":1,"327":6,"328":6,"330":5,"332":5,"333":9,"334":3,"335":3,"336":3,"337":3,"338":1,"339":3,"340":4,"341":4,"342":4,"343":4,"344":4,"345":1,"346":3,"347":3,"349":3,"350":1,"351":1,"352":1,"353":1,"354":1,"355":1,"356":1,"357":3,"358":1,"359":1,"360":1,"361":1,"362":1,"363":1,"364":1,"365":1,"366":1,"367":1,"368":1,"369":1,"370":1,"371":3,"373":2,"374":2,"375":2,"376":9,"377":9,"378":9,"379":9,"380":9,"381":40,"383":40,"384":2,"385":2,"386":2,"387":2,"389":2,"390":1,"391":1,"393":1,"394":1,"395":9,"396":8,"397":9,"398":456,"399":456,"400":456,"401":456,"402":456,"403":8,"404":9,"406":1,"407":1,"408":1,"409":1,"410":1,"411":1,"412":1,"413":1,"414":1,"415":1,"416":1,"417":1,"418":1,"419":1,"420":1,"421":1,"422":1,"423":1,"424":1,"425":1,"426":2,"427":0,"428":0,"429":0,"430":0,"431":0,"432":0,"433":0,"434":0,"435":0,"436":0,"437":0,"438":0,"439":0,"440":0,"441":0,"442":0,"443":0,"444":0,"445":0,"446":0,"447":0,"448":0,"449":0,"450":0,"451":0,"452":0,"453":2,"454":2,"455":2,"456":40,"458":40,"459":2,"460":2,"461":2,"462":2,"464":2,"465":1,"466":1,"468":1,"469":1,"470":9,"471":8,"472":9,"473":456,"474":456,"475":456,"476":456,"477":456,"478":8,"479":9,"481":1,"482":1,"483":1,"484":1,"485":1,"486":1,"487":1,"488":1,"489":1,"490":1,"491":1,"492":1,"493":1,"494":1,"495":1,"496":1,"497":1,"498":1,"499":1,"500":1,"501":2,"502":0,"503":0,"504":0,"505":0,"506":0,"507":0,"508":0,"509":0,"510":0,"511":0,"512":0,"513":0,"514":0,"515":0,"516":0,"517":0,"518":0,"519":0,"520":0,"521":0,"522":0,"523":0,"524":0,"525":0,"526":0,"527":0,"528":2,"529":2,"530":2,"531":40,"533":40,"535":40,"537":40,"539":40,"540":4,"541":4,"542":4,"543":4,"544":0,"545":0,"546":0,"547":0,"548":0,"549":0,"550":0,"551":0,"552":4,"553":1,"554":1,"555":1,"556":1,"557":1,"558":1,"559":1,"560":1,"562":3,"563":4,"564":1,"565":1,"566":1,"567":1,"568":1,"569":1,"570":1,"571":1,"573":2,"574":2,"575":2,"576":2,"577":0,"578":0,"579":0,"580":0,"581":2,"582":2,"583":2,"585":2,"586":4,"587":40,"589":40,"590":1,"591":1,"592":1,"593":1,"594":1,"595":1,"596":1,"597":1,"598":1,"599":40,"600":40,"601":1,"602":1},"branchMap":{"0":{"type":"branch","line":61,"loc":{"start":{"line":61,"column":12},"end":{"line":602,"column":2}},"locations":[{"start":{"line":61,"column":12},"end":{"line":602,"column":2}}]},"1":{"type":"branch","line":72,"loc":{"start":{"line":72,"column":16},"end":{"line":85,"column":6}},"locations":[{"start":{"line":72,"column":16},"end":{"line":85,"column":6}}]},"2":{"type":"branch","line":73,"loc":{"start":{"line":73,"column":15},"end":{"line":85,"column":5}},"locations":[{"start":{"line":73,"column":15},"end":{"line":85,"column":5}}]},"3":{"type":"branch","line":83,"loc":{"start":{"line":83,"column":5},"end":{"line":85,"column":4}},"locations":[{"start":{"line":83,"column":5},"end":{"line":85,"column":4}}]},"4":{"type":"branch","line":77,"loc":{"start":{"line":77,"column":7},"end":{"line":81,"column":10}},"locations":[{"start":{"line":77,"column":7},"end":{"line":81,"column":10}}]},"5":{"type":"branch","line":79,"loc":{"start":{"line":79,"column":73},"end":{"line":79,"column":84}},"locations":[{"start":{"line":79,"column":73},"end":{"line":79,"column":84}}]},"6":{"type":"branch","line":80,"loc":{"start":{"line":80,"column":39},"end":{"line":80,"column":50}},"locations":[{"start":{"line":80,"column":39},"end":{"line":80,"column":50}}]},"7":{"type":"branch","line":87,"loc":{"start":{"line":87,"column":9},"end":{"line":229,"column":6}},"locations":[{"start":{"line":87,"column":9},"end":{"line":229,"column":6}}]},"8":{"type":"branch","line":88,"loc":{"start":{"line":88,"column":15},"end":{"line":229,"column":5}},"locations":[{"start":{"line":88,"column":15},"end":{"line":229,"column":5}}]},"9":{"type":"branch","line":128,"loc":{"start":{"line":128,"column":6},"end":{"line":134,"column":27}},"locations":[{"start":{"line":128,"column":6},"end":{"line":134,"column":27}}]},"10":{"type":"branch","line":134,"loc":{"start":{"line":134,"column":27},"end":{"line":134,"column":39}},"locations":[{"start":{"line":134,"column":27},"end":{"line":134,"column":39}}]},"11":{"type":"branch","line":135,"loc":{"start":{"line":135,"column":32},"end":{"line":135,"column":37}},"locations":[{"start":{"line":135,"column":32},"end":{"line":135,"column":37}}]},"12":{"type":"branch","line":136,"loc":{"start":{"line":136,"column":26},"end":{"line":136,"column":31}},"locations":[{"start":{"line":136,"column":26},"end":{"line":136,"column":31}}]},"13":{"type":"branch","line":139,"loc":{"start":{"line":139,"column":20},"end":{"line":149,"column":6}},"locations":[{"start":{"line":139,"column":20},"end":{"line":149,"column":6}}]},"14":{"type":"branch","line":148,"loc":{"start":{"line":148,"column":7},"end":{"line":149,"column":6}},"locations":[{"start":{"line":148,"column":7},"end":{"line":149,"column":6}}]},"15":{"type":"branch","line":149,"loc":{"start":{"line":149,"column":5},"end":{"line":150,"column":22}},"locations":[{"start":{"line":149,"column":5},"end":{"line":150,"column":22}}]},"16":{"type":"branch","line":150,"loc":{"start":{"line":150,"column":22},"end":{"line":162,"column":6}},"locations":[{"start":{"line":150,"column":22},"end":{"line":162,"column":6}}]},"17":{"type":"branch","line":159,"loc":{"start":{"line":159,"column":7},"end":{"line":162,"column":6}},"locations":[{"start":{"line":159,"column":7},"end":{"line":162,"column":6}}]},"18":{"type":"branch","line":162,"loc":{"start":{"line":162,"column":5},"end":{"line":171,"column":6}},"locations":[{"start":{"line":162,"column":5},"end":{"line":171,"column":6}}]},"19":{"type":"branch","line":171,"loc":{"start":{"line":171,"column":5},"end":{"line":190,"column":35}},"locations":[{"start":{"line":171,"column":5},"end":{"line":190,"column":35}}]},"20":{"type":"branch","line":190,"loc":{"start":{"line":190,"column":37},"end":{"line":226,"column":6}},"locations":[{"start":{"line":190,"column":37},"end":{"line":226,"column":6}}]},"21":{"type":"branch","line":192,"loc":{"start":{"line":192,"column":36},"end":{"line":192,"column":48}},"locations":[{"start":{"line":192,"column":36},"end":{"line":192,"column":48}}]},"22":{"type":"branch","line":193,"loc":{"start":{"line":193,"column":59},"end":{"line":193,"column":78}},"locations":[{"start":{"line":193,"column":59},"end":{"line":193,"column":78}}]},"23":{"type":"branch","line":196,"loc":{"start":{"line":196,"column":34},"end":{"line":204,"column":7}},"locations":[{"start":{"line":196,"column":34},"end":{"line":204,"column":7}}]},"24":{"type":"branch","line":199,"loc":{"start":{"line":199,"column":34},"end":{"line":199,"column":77}},"locations":[{"start":{"line":199,"column":34},"end":{"line":199,"column":77}}]},"25":{"type":"branch","line":199,"loc":{"start":{"line":199,"column":78},"end":{"line":199,"column":89}},"locations":[{"start":{"line":199,"column":78},"end":{"line":199,"column":89}}]},"26":{"type":"branch","line":201,"loc":{"start":{"line":201,"column":32},"end":{"line":201,"column":55}},"locations":[{"start":{"line":201,"column":32},"end":{"line":201,"column":55}}]},"27":{"type":"branch","line":204,"loc":{"start":{"line":204,"column":7},"end":{"line":225,"column":7}},"locations":[{"start":{"line":204,"column":7},"end":{"line":225,"column":7}}]},"28":{"type":"branch","line":204,"loc":{"start":{"line":204,"column":45},"end":{"line":210,"column":7}},"locations":[{"start":{"line":204,"column":45},"end":{"line":210,"column":7}}]},"29":{"type":"branch","line":207,"loc":{"start":{"line":207,"column":32},"end":{"line":207,"column":47}},"locations":[{"start":{"line":207,"column":32},"end":{"line":207,"column":47}}]},"30":{"type":"branch","line":210,"loc":{"start":{"line":210,"column":7},"end":{"line":225,"column":7}},"locations":[{"start":{"line":210,"column":7},"end":{"line":225,"column":7}}]},"31":{"type":"branch","line":210,"loc":{"start":{"line":210,"column":49},"end":{"line":225,"column":7}},"locations":[{"start":{"line":210,"column":49},"end":{"line":225,"column":7}}]},"32":{"type":"branch","line":214,"loc":{"start":{"line":214,"column":32},"end":{"line":214,"column":51}},"locations":[{"start":{"line":214,"column":32},"end":{"line":214,"column":51}}]},"33":{"type":"branch","line":221,"loc":{"start":{"line":221,"column":57},"end":{"line":221,"column":69}},"locations":[{"start":{"line":221,"column":57},"end":{"line":221,"column":69}}]},"34":{"type":"branch","line":226,"loc":{"start":{"line":226,"column":5},"end":{"line":228,"column":46}},"locations":[{"start":{"line":226,"column":5},"end":{"line":228,"column":46}}]},"35":{"type":"branch","line":228,"loc":{"start":{"line":228,"column":47},"end":{"line":228,"column":66}},"locations":[{"start":{"line":228,"column":47},"end":{"line":228,"column":66}}]},"36":{"type":"branch","line":95,"loc":{"start":{"line":95,"column":24},"end":{"line":108,"column":6}},"locations":[{"start":{"line":95,"column":24},"end":{"line":108,"column":6}}]},"37":{"type":"branch","line":96,"loc":{"start":{"line":96,"column":15},"end":{"line":96,"column":30}},"locations":[{"start":{"line":96,"column":15},"end":{"line":96,"column":30}}]},"38":{"type":"branch","line":96,"loc":{"start":{"line":96,"column":32},"end":{"line":96,"column":55}},"locations":[{"start":{"line":96,"column":32},"end":{"line":96,"column":55}}]},"39":{"type":"branch","line":96,"loc":{"start":{"line":96,"column":54},"end":{"line":97,"column":58}},"locations":[{"start":{"line":96,"column":54},"end":{"line":97,"column":58}}]},"40":{"type":"branch","line":97,"loc":{"start":{"line":97,"column":59},"end":{"line":97,"column":64}},"locations":[{"start":{"line":97,"column":59},"end":{"line":97,"column":64}}]},"41":{"type":"branch","line":99,"loc":{"start":{"line":99,"column":44},"end":{"line":101,"column":7}},"locations":[{"start":{"line":99,"column":44},"end":{"line":101,"column":7}}]},"42":{"type":"branch","line":101,"loc":{"start":{"line":101,"column":6},"end":{"line":102,"column":54}},"locations":[{"start":{"line":101,"column":6},"end":{"line":102,"column":54}}]},"43":{"type":"branch","line":102,"loc":{"start":{"line":102,"column":54},"end":{"line":102,"column":70}},"locations":[{"start":{"line":102,"column":54},"end":{"line":102,"column":70}}]},"44":{"type":"branch","line":102,"loc":{"start":{"line":102,"column":71},"end":{"line":102,"column":81}},"locations":[{"start":{"line":102,"column":71},"end":{"line":102,"column":81}}]},"45":{"type":"branch","line":104,"loc":{"start":{"line":104,"column":45},"end":{"line":106,"column":7}},"locations":[{"start":{"line":104,"column":45},"end":{"line":106,"column":7}}]},"46":{"type":"branch","line":106,"loc":{"start":{"line":106,"column":6},"end":{"line":108,"column":5}},"locations":[{"start":{"line":106,"column":6},"end":{"line":108,"column":5}}]},"47":{"type":"branch","line":111,"loc":{"start":{"line":111,"column":11},"end":{"line":111,"column":41}},"locations":[{"start":{"line":111,"column":11},"end":{"line":111,"column":41}}]},"48":{"type":"branch","line":121,"loc":{"start":{"line":121,"column":11},"end":{"line":121,"column":40}},"locations":[{"start":{"line":121,"column":11},"end":{"line":121,"column":40}}]},"49":{"type":"branch","line":122,"loc":{"start":{"line":122,"column":13},"end":{"line":127,"column":9}},"locations":[{"start":{"line":122,"column":13},"end":{"line":127,"column":9}}]},"50":{"type":"branch","line":124,"loc":{"start":{"line":124,"column":77},"end":{"line":124,"column":88}},"locations":[{"start":{"line":124,"column":77},"end":{"line":124,"column":88}}]},"51":{"type":"branch","line":126,"loc":{"start":{"line":126,"column":38},"end":{"line":126,"column":49}},"locations":[{"start":{"line":126,"column":38},"end":{"line":126,"column":49}}]},"52":{"type":"branch","line":141,"loc":{"start":{"line":141,"column":12},"end":{"line":141,"column":42}},"locations":[{"start":{"line":141,"column":12},"end":{"line":141,"column":42}}]},"53":{"type":"branch","line":142,"loc":{"start":{"line":142,"column":14},"end":{"line":147,"column":10}},"locations":[{"start":{"line":142,"column":14},"end":{"line":147,"column":10}}]},"54":{"type":"branch","line":144,"loc":{"start":{"line":144,"column":74},"end":{"line":144,"column":85}},"locations":[{"start":{"line":144,"column":74},"end":{"line":144,"column":85}}]},"55":{"type":"branch","line":146,"loc":{"start":{"line":146,"column":39},"end":{"line":146,"column":50}},"locations":[{"start":{"line":146,"column":39},"end":{"line":146,"column":50}}]},"56":{"type":"branch","line":152,"loc":{"start":{"line":152,"column":12},"end":{"line":152,"column":44}},"locations":[{"start":{"line":152,"column":12},"end":{"line":152,"column":44}}]},"57":{"type":"branch","line":153,"loc":{"start":{"line":153,"column":14},"end":{"line":158,"column":10}},"locations":[{"start":{"line":153,"column":14},"end":{"line":158,"column":10}}]},"58":{"type":"branch","line":155,"loc":{"start":{"line":155,"column":76},"end":{"line":155,"column":87}},"locations":[{"start":{"line":155,"column":76},"end":{"line":155,"column":87}}]},"59":{"type":"branch","line":157,"loc":{"start":{"line":157,"column":39},"end":{"line":157,"column":50}},"locations":[{"start":{"line":157,"column":39},"end":{"line":157,"column":50}}]},"60":{"type":"branch","line":165,"loc":{"start":{"line":165,"column":22},"end":{"line":169,"column":9}},"locations":[{"start":{"line":165,"column":22},"end":{"line":169,"column":9}}]},"61":{"type":"branch","line":167,"loc":{"start":{"line":167,"column":68},"end":{"line":167,"column":79}},"locations":[{"start":{"line":167,"column":68},"end":{"line":167,"column":79}}]},"62":{"type":"branch","line":168,"loc":{"start":{"line":168,"column":38},"end":{"line":168,"column":49}},"locations":[{"start":{"line":168,"column":38},"end":{"line":168,"column":49}}]},"63":{"type":"branch","line":174,"loc":{"start":{"line":174,"column":24},"end":{"line":184,"column":6}},"locations":[{"start":{"line":174,"column":24},"end":{"line":184,"column":6}}]},"64":{"type":"branch","line":175,"loc":{"start":{"line":175,"column":40},"end":{"line":175,"column":51}},"locations":[{"start":{"line":175,"column":40},"end":{"line":175,"column":51}}]},"65":{"type":"branch","line":175,"loc":{"start":{"line":175,"column":50},"end":{"line":177,"column":45}},"locations":[{"start":{"line":175,"column":50},"end":{"line":177,"column":45}}]},"66":{"type":"branch","line":182,"loc":{"start":{"line":182,"column":6},"end":{"line":184,"column":5}},"locations":[{"start":{"line":182,"column":6},"end":{"line":184,"column":5}}]},"67":{"type":"branch","line":231,"loc":{"start":{"line":231,"column":12},"end":{"line":231,"column":56}},"locations":[{"start":{"line":231,"column":12},"end":{"line":231,"column":56}}]},"68":{"type":"branch","line":233,"loc":{"start":{"line":233,"column":13},"end":{"line":240,"column":6}},"locations":[{"start":{"line":233,"column":13},"end":{"line":240,"column":6}}]},"69":{"type":"branch","line":234,"loc":{"start":{"line":234,"column":15},"end":{"line":240,"column":5}},"locations":[{"start":{"line":234,"column":15},"end":{"line":240,"column":5}}]},"70":{"type":"branch","line":242,"loc":{"start":{"line":242,"column":15},"end":{"line":242,"column":63}},"locations":[{"start":{"line":242,"column":15},"end":{"line":242,"column":63}}]},"71":{"type":"branch","line":244,"loc":{"start":{"line":244,"column":12},"end":{"line":244,"column":54}},"locations":[{"start":{"line":244,"column":12},"end":{"line":244,"column":54}}]},"72":{"type":"branch","line":246,"loc":{"start":{"line":246,"column":17},"end":{"line":246,"column":69}},"locations":[{"start":{"line":246,"column":17},"end":{"line":246,"column":69}}]},"73":{"type":"branch","line":248,"loc":{"start":{"line":248,"column":16},"end":{"line":382,"column":6}},"locations":[{"start":{"line":248,"column":16},"end":{"line":382,"column":6}}]},"74":{"type":"branch","line":249,"loc":{"start":{"line":249,"column":15},"end":{"line":382,"column":5}},"locations":[{"start":{"line":249,"column":15},"end":{"line":382,"column":5}}]},"75":{"type":"branch","line":287,"loc":{"start":{"line":287,"column":6},"end":{"line":292,"column":39}},"locations":[{"start":{"line":287,"column":6},"end":{"line":292,"column":39}}]},"76":{"type":"branch","line":293,"loc":{"start":{"line":293,"column":32},"end":{"line":293,"column":37}},"locations":[{"start":{"line":293,"column":32},"end":{"line":293,"column":37}}]},"77":{"type":"branch","line":294,"loc":{"start":{"line":294,"column":26},"end":{"line":294,"column":31}},"locations":[{"start":{"line":294,"column":26},"end":{"line":294,"column":31}}]},"78":{"type":"branch","line":297,"loc":{"start":{"line":297,"column":20},"end":{"line":307,"column":6}},"locations":[{"start":{"line":297,"column":20},"end":{"line":307,"column":6}}]},"79":{"type":"branch","line":306,"loc":{"start":{"line":306,"column":7},"end":{"line":307,"column":6}},"locations":[{"start":{"line":306,"column":7},"end":{"line":307,"column":6}}]},"80":{"type":"branch","line":307,"loc":{"start":{"line":307,"column":5},"end":{"line":308,"column":22}},"locations":[{"start":{"line":307,"column":5},"end":{"line":308,"column":22}}]},"81":{"type":"branch","line":308,"loc":{"start":{"line":308,"column":22},"end":{"line":320,"column":6}},"locations":[{"start":{"line":308,"column":22},"end":{"line":320,"column":6}}]},"82":{"type":"branch","line":317,"loc":{"start":{"line":317,"column":7},"end":{"line":320,"column":6}},"locations":[{"start":{"line":317,"column":7},"end":{"line":320,"column":6}}]},"83":{"type":"branch","line":320,"loc":{"start":{"line":320,"column":5},"end":{"line":329,"column":6}},"locations":[{"start":{"line":320,"column":5},"end":{"line":329,"column":6}}]},"84":{"type":"branch","line":329,"loc":{"start":{"line":329,"column":5},"end":{"line":334,"column":35}},"locations":[{"start":{"line":329,"column":5},"end":{"line":334,"column":35}}]},"85":{"type":"branch","line":334,"loc":{"start":{"line":334,"column":37},"end":{"line":372,"column":6}},"locations":[{"start":{"line":334,"column":37},"end":{"line":372,"column":6}}]},"86":{"type":"branch","line":336,"loc":{"start":{"line":336,"column":36},"end":{"line":336,"column":48}},"locations":[{"start":{"line":336,"column":36},"end":{"line":336,"column":48}}]},"87":{"type":"branch","line":348,"loc":{"start":{"line":348,"column":59},"end":{"line":348,"column":78}},"locations":[{"start":{"line":348,"column":59},"end":{"line":348,"column":78}}]},"88":{"type":"branch","line":350,"loc":{"start":{"line":350,"column":34},"end":{"line":358,"column":7}},"locations":[{"start":{"line":350,"column":34},"end":{"line":358,"column":7}}]},"89":{"type":"branch","line":353,"loc":{"start":{"line":353,"column":78},"end":{"line":353,"column":89}},"locations":[{"start":{"line":353,"column":78},"end":{"line":353,"column":89}}]},"90":{"type":"branch","line":355,"loc":{"start":{"line":355,"column":32},"end":{"line":355,"column":55}},"locations":[{"start":{"line":355,"column":32},"end":{"line":355,"column":55}}]},"91":{"type":"branch","line":358,"loc":{"start":{"line":358,"column":7},"end":{"line":371,"column":7}},"locations":[{"start":{"line":358,"column":7},"end":{"line":371,"column":7}}]},"92":{"type":"branch","line":358,"loc":{"start":{"line":358,"column":45},"end":{"line":371,"column":7}},"locations":[{"start":{"line":358,"column":45},"end":{"line":371,"column":7}}]},"93":{"type":"branch","line":361,"loc":{"start":{"line":361,"column":32},"end":{"line":361,"column":47}},"locations":[{"start":{"line":361,"column":32},"end":{"line":361,"column":47}}]},"94":{"type":"branch","line":367,"loc":{"start":{"line":367,"column":57},"end":{"line":367,"column":69}},"locations":[{"start":{"line":367,"column":57},"end":{"line":367,"column":69}}]},"95":{"type":"branch","line":372,"loc":{"start":{"line":372,"column":5},"end":{"line":377,"column":54}},"locations":[{"start":{"line":372,"column":5},"end":{"line":377,"column":54}}]},"96":{"type":"branch","line":377,"loc":{"start":{"line":377,"column":55},"end":{"line":377,"column":60}},"locations":[{"start":{"line":377,"column":55},"end":{"line":377,"column":60}}]},"97":{"type":"branch","line":256,"loc":{"start":{"line":256,"column":24},"end":{"line":268,"column":6}},"locations":[{"start":{"line":256,"column":24},"end":{"line":268,"column":6}}]},"98":{"type":"branch","line":257,"loc":{"start":{"line":257,"column":32},"end":{"line":257,"column":55}},"locations":[{"start":{"line":257,"column":32},"end":{"line":257,"column":55}}]},"99":{"type":"branch","line":258,"loc":{"start":{"line":258,"column":59},"end":{"line":258,"column":64}},"locations":[{"start":{"line":258,"column":59},"end":{"line":258,"column":64}}]},"100":{"type":"branch","line":259,"loc":{"start":{"line":259,"column":44},"end":{"line":261,"column":7}},"locations":[{"start":{"line":259,"column":44},"end":{"line":261,"column":7}}]},"101":{"type":"branch","line":261,"loc":{"start":{"line":261,"column":6},"end":{"line":262,"column":54}},"locations":[{"start":{"line":261,"column":6},"end":{"line":262,"column":54}}]},"102":{"type":"branch","line":262,"loc":{"start":{"line":262,"column":54},"end":{"line":262,"column":70}},"locations":[{"start":{"line":262,"column":54},"end":{"line":262,"column":70}}]},"103":{"type":"branch","line":262,"loc":{"start":{"line":262,"column":71},"end":{"line":262,"column":81}},"locations":[{"start":{"line":262,"column":71},"end":{"line":262,"column":81}}]},"104":{"type":"branch","line":264,"loc":{"start":{"line":264,"column":45},"end":{"line":266,"column":7}},"locations":[{"start":{"line":264,"column":45},"end":{"line":266,"column":7}}]},"105":{"type":"branch","line":266,"loc":{"start":{"line":266,"column":6},"end":{"line":268,"column":5}},"locations":[{"start":{"line":266,"column":6},"end":{"line":268,"column":5}}]},"106":{"type":"branch","line":271,"loc":{"start":{"line":271,"column":11},"end":{"line":271,"column":41}},"locations":[{"start":{"line":271,"column":11},"end":{"line":271,"column":41}}]},"107":{"type":"branch","line":280,"loc":{"start":{"line":280,"column":11},"end":{"line":280,"column":40}},"locations":[{"start":{"line":280,"column":11},"end":{"line":280,"column":40}}]},"108":{"type":"branch","line":281,"loc":{"start":{"line":281,"column":13},"end":{"line":286,"column":9}},"locations":[{"start":{"line":281,"column":13},"end":{"line":286,"column":9}}]},"109":{"type":"branch","line":283,"loc":{"start":{"line":283,"column":77},"end":{"line":283,"column":88}},"locations":[{"start":{"line":283,"column":77},"end":{"line":283,"column":88}}]},"110":{"type":"branch","line":285,"loc":{"start":{"line":285,"column":38},"end":{"line":285,"column":49}},"locations":[{"start":{"line":285,"column":38},"end":{"line":285,"column":49}}]},"111":{"type":"branch","line":299,"loc":{"start":{"line":299,"column":12},"end":{"line":299,"column":42}},"locations":[{"start":{"line":299,"column":12},"end":{"line":299,"column":42}}]},"112":{"type":"branch","line":300,"loc":{"start":{"line":300,"column":14},"end":{"line":305,"column":10}},"locations":[{"start":{"line":300,"column":14},"end":{"line":305,"column":10}}]},"113":{"type":"branch","line":302,"loc":{"start":{"line":302,"column":74},"end":{"line":302,"column":85}},"locations":[{"start":{"line":302,"column":74},"end":{"line":302,"column":85}}]},"114":{"type":"branch","line":304,"loc":{"start":{"line":304,"column":39},"end":{"line":304,"column":50}},"locations":[{"start":{"line":304,"column":39},"end":{"line":304,"column":50}}]},"115":{"type":"branch","line":310,"loc":{"start":{"line":310,"column":12},"end":{"line":310,"column":44}},"locations":[{"start":{"line":310,"column":12},"end":{"line":310,"column":44}}]},"116":{"type":"branch","line":311,"loc":{"start":{"line":311,"column":14},"end":{"line":316,"column":10}},"locations":[{"start":{"line":311,"column":14},"end":{"line":316,"column":10}}]},"117":{"type":"branch","line":313,"loc":{"start":{"line":313,"column":76},"end":{"line":313,"column":87}},"locations":[{"start":{"line":313,"column":76},"end":{"line":313,"column":87}}]},"118":{"type":"branch","line":315,"loc":{"start":{"line":315,"column":39},"end":{"line":315,"column":50}},"locations":[{"start":{"line":315,"column":39},"end":{"line":315,"column":50}}]},"119":{"type":"branch","line":323,"loc":{"start":{"line":323,"column":22},"end":{"line":327,"column":9}},"locations":[{"start":{"line":323,"column":22},"end":{"line":327,"column":9}}]},"120":{"type":"branch","line":325,"loc":{"start":{"line":325,"column":75},"end":{"line":325,"column":86}},"locations":[{"start":{"line":325,"column":75},"end":{"line":325,"column":86}}]},"121":{"type":"branch","line":326,"loc":{"start":{"line":326,"column":38},"end":{"line":326,"column":49}},"locations":[{"start":{"line":326,"column":38},"end":{"line":326,"column":49}}]},"122":{"type":"branch","line":337,"loc":{"start":{"line":337,"column":25},"end":{"line":347,"column":7}},"locations":[{"start":{"line":337,"column":25},"end":{"line":347,"column":7}}]},"123":{"type":"branch","line":338,"loc":{"start":{"line":338,"column":41},"end":{"line":338,"column":52}},"locations":[{"start":{"line":338,"column":41},"end":{"line":338,"column":52}}]},"124":{"type":"branch","line":338,"loc":{"start":{"line":338,"column":51},"end":{"line":340,"column":46}},"locations":[{"start":{"line":338,"column":51},"end":{"line":340,"column":46}}]},"125":{"type":"branch","line":340,"loc":{"start":{"line":340,"column":46},"end":{"line":345,"column":8}},"locations":[{"start":{"line":340,"column":46},"end":{"line":345,"column":8}}]},"126":{"type":"branch","line":345,"loc":{"start":{"line":345,"column":7},"end":{"line":347,"column":6}},"locations":[{"start":{"line":345,"column":7},"end":{"line":347,"column":6}}]},"127":{"type":"branch","line":384,"loc":{"start":{"line":384,"column":21},"end":{"line":457,"column":6}},"locations":[{"start":{"line":384,"column":21},"end":{"line":457,"column":6}}]},"128":{"type":"branch","line":385,"loc":{"start":{"line":385,"column":15},"end":{"line":457,"column":5}},"locations":[{"start":{"line":385,"column":15},"end":{"line":457,"column":5}}]},"129":{"type":"branch","line":390,"loc":{"start":{"line":390,"column":17},"end":{"line":427,"column":7}},"locations":[{"start":{"line":390,"column":17},"end":{"line":427,"column":7}}]},"130":{"type":"branch","line":427,"loc":{"start":{"line":427,"column":7},"end":{"line":453,"column":9}},"locations":[{"start":{"line":427,"column":7},"end":{"line":453,"column":9}}]},"131":{"type":"branch","line":454,"loc":{"start":{"line":454,"column":7},"end":{"line":454,"column":79}},"locations":[{"start":{"line":454,"column":7},"end":{"line":454,"column":79}}]},"132":{"type":"branch","line":455,"loc":{"start":{"line":455,"column":32},"end":{"line":455,"column":37}},"locations":[{"start":{"line":455,"column":32},"end":{"line":455,"column":37}}]},"133":{"type":"branch","line":455,"loc":{"start":{"line":455,"column":75},"end":{"line":455,"column":80}},"locations":[{"start":{"line":455,"column":75},"end":{"line":455,"column":80}}]},"134":{"type":"branch","line":387,"loc":{"start":{"line":387,"column":22},"end":{"line":387,"column":48}},"locations":[{"start":{"line":387,"column":22},"end":{"line":387,"column":48}}]},"135":{"type":"branch","line":395,"loc":{"start":{"line":395,"column":24},"end":{"line":405,"column":6}},"locations":[{"start":{"line":395,"column":24},"end":{"line":405,"column":6}}]},"136":{"type":"branch","line":396,"loc":{"start":{"line":396,"column":40},"end":{"line":396,"column":51}},"locations":[{"start":{"line":396,"column":40},"end":{"line":396,"column":51}}]},"137":{"type":"branch","line":396,"loc":{"start":{"line":396,"column":50},"end":{"line":398,"column":45}},"locations":[{"start":{"line":396,"column":50},"end":{"line":398,"column":45}}]},"138":{"type":"branch","line":398,"loc":{"start":{"line":398,"column":45},"end":{"line":403,"column":7}},"locations":[{"start":{"line":398,"column":45},"end":{"line":403,"column":7}}]},"139":{"type":"branch","line":403,"loc":{"start":{"line":403,"column":6},"end":{"line":405,"column":5}},"locations":[{"start":{"line":403,"column":6},"end":{"line":405,"column":5}}]},"140":{"type":"branch","line":418,"loc":{"start":{"line":418,"column":56},"end":{"line":418,"column":92}},"locations":[{"start":{"line":418,"column":56},"end":{"line":418,"column":92}}]},"141":{"type":"branch","line":459,"loc":{"start":{"line":459,"column":19},"end":{"line":532,"column":6}},"locations":[{"start":{"line":459,"column":19},"end":{"line":532,"column":6}}]},"142":{"type":"branch","line":460,"loc":{"start":{"line":460,"column":15},"end":{"line":532,"column":5}},"locations":[{"start":{"line":460,"column":15},"end":{"line":532,"column":5}}]},"143":{"type":"branch","line":465,"loc":{"start":{"line":465,"column":17},"end":{"line":502,"column":7}},"locations":[{"start":{"line":465,"column":17},"end":{"line":502,"column":7}}]},"144":{"type":"branch","line":502,"loc":{"start":{"line":502,"column":7},"end":{"line":528,"column":9}},"locations":[{"start":{"line":502,"column":7},"end":{"line":528,"column":9}}]},"145":{"type":"branch","line":529,"loc":{"start":{"line":529,"column":7},"end":{"line":529,"column":79}},"locations":[{"start":{"line":529,"column":7},"end":{"line":529,"column":79}}]},"146":{"type":"branch","line":530,"loc":{"start":{"line":530,"column":32},"end":{"line":530,"column":37}},"locations":[{"start":{"line":530,"column":32},"end":{"line":530,"column":37}}]},"147":{"type":"branch","line":530,"loc":{"start":{"line":530,"column":75},"end":{"line":530,"column":80}},"locations":[{"start":{"line":530,"column":75},"end":{"line":530,"column":80}}]},"148":{"type":"branch","line":462,"loc":{"start":{"line":462,"column":22},"end":{"line":462,"column":48}},"locations":[{"start":{"line":462,"column":22},"end":{"line":462,"column":48}}]},"149":{"type":"branch","line":470,"loc":{"start":{"line":470,"column":24},"end":{"line":480,"column":6}},"locations":[{"start":{"line":470,"column":24},"end":{"line":480,"column":6}}]},"150":{"type":"branch","line":471,"loc":{"start":{"line":471,"column":40},"end":{"line":471,"column":51}},"locations":[{"start":{"line":471,"column":40},"end":{"line":471,"column":51}}]},"151":{"type":"branch","line":471,"loc":{"start":{"line":471,"column":50},"end":{"line":473,"column":45}},"locations":[{"start":{"line":471,"column":50},"end":{"line":473,"column":45}}]},"152":{"type":"branch","line":473,"loc":{"start":{"line":473,"column":45},"end":{"line":478,"column":7}},"locations":[{"start":{"line":473,"column":45},"end":{"line":478,"column":7}}]},"153":{"type":"branch","line":478,"loc":{"start":{"line":478,"column":6},"end":{"line":480,"column":5}},"locations":[{"start":{"line":478,"column":6},"end":{"line":480,"column":5}}]},"154":{"type":"branch","line":493,"loc":{"start":{"line":493,"column":56},"end":{"line":493,"column":92}},"locations":[{"start":{"line":493,"column":56},"end":{"line":493,"column":92}}]},"155":{"type":"branch","line":534,"loc":{"start":{"line":534,"column":13},"end":{"line":534,"column":37}},"locations":[{"start":{"line":534,"column":13},"end":{"line":534,"column":37}}]},"156":{"type":"branch","line":536,"loc":{"start":{"line":536,"column":15},"end":{"line":536,"column":59}},"locations":[{"start":{"line":536,"column":15},"end":{"line":536,"column":59}}]},"157":{"type":"branch","line":538,"loc":{"start":{"line":538,"column":22},"end":{"line":538,"column":56}},"locations":[{"start":{"line":538,"column":22},"end":{"line":538,"column":56}}]},"158":{"type":"branch","line":540,"loc":{"start":{"line":540,"column":24},"end":{"line":588,"column":6}},"locations":[{"start":{"line":540,"column":24},"end":{"line":588,"column":6}}]},"159":{"type":"branch","line":541,"loc":{"start":{"line":541,"column":15},"end":{"line":588,"column":5}},"locations":[{"start":{"line":541,"column":15},"end":{"line":588,"column":5}}]},"160":{"type":"branch","line":544,"loc":{"start":{"line":544,"column":50},"end":{"line":552,"column":6}},"locations":[{"start":{"line":544,"column":50},"end":{"line":552,"column":6}}]},"161":{"type":"branch","line":553,"loc":{"start":{"line":553,"column":47},"end":{"line":561,"column":6}},"locations":[{"start":{"line":553,"column":47},"end":{"line":561,"column":6}}]},"162":{"type":"branch","line":561,"loc":{"start":{"line":561,"column":5},"end":{"line":564,"column":39}},"locations":[{"start":{"line":561,"column":5},"end":{"line":564,"column":39}}]},"163":{"type":"branch","line":564,"loc":{"start":{"line":564,"column":39},"end":{"line":564,"column":70}},"locations":[{"start":{"line":564,"column":39},"end":{"line":564,"column":70}}]},"164":{"type":"branch","line":564,"loc":{"start":{"line":564,"column":72},"end":{"line":572,"column":6}},"locations":[{"start":{"line":564,"column":72},"end":{"line":572,"column":6}}]},"165":{"type":"branch","line":572,"loc":{"start":{"line":572,"column":5},"end":{"line":587,"column":19}},"locations":[{"start":{"line":572,"column":5},"end":{"line":587,"column":19}}]},"166":{"type":"branch","line":587,"loc":{"start":{"line":587,"column":19},"end":{"line":587,"column":26}},"locations":[{"start":{"line":587,"column":19},"end":{"line":587,"column":26}}]},"167":{"type":"branch","line":587,"loc":{"start":{"line":587,"column":27},"end":{"line":587,"column":32}},"locations":[{"start":{"line":587,"column":27},"end":{"line":587,"column":32}}]},"168":{"type":"branch","line":590,"loc":{"start":{"line":590,"column":12},"end":{"line":600,"column":6}},"locations":[{"start":{"line":590,"column":12},"end":{"line":600,"column":6}}]},"169":{"type":"branch","line":591,"loc":{"start":{"line":591,"column":15},"end":{"line":600,"column":5}},"locations":[{"start":{"line":591,"column":15},"end":{"line":600,"column":5}}]}},"b":{"0":[40],"1":[2],"2":[2],"3":[1],"4":[1],"5":[0],"6":[0],"7":[12],"8":[12],"9":[11],"10":[10],"11":[10],"12":[10],"13":[11],"14":[10],"15":[10],"16":[2],"17":[1],"18":[9],"19":[8],"20":[5],"21":[0],"22":[0],"23":[2],"24":[1],"25":[1],"26":[1],"27":[3],"28":[1],"29":[0],"30":[2],"31":[1],"32":[0],"33":[0],"34":[3],"35":[0],"36":[12],"37":[11],"38":[1],"39":[11],"40":[0],"41":[1],"42":[10],"43":[1],"44":[9],"45":[20],"46":[10],"47":[12],"48":[12],"49":[1],"50":[0],"51":[0],"52":[11],"53":[1],"54":[0],"55":[0],"56":[2],"57":[1],"58":[0],"59":[0],"60":[1],"61":[0],"62":[0],"63":[8],"64":[5],"65":[3],"66":[3],"67":[1],"68":[1],"69":[1],"70":[1],"71":[1],"72":[1],"73":[9],"74":[9],"75":[8],"76":[8],"77":[8],"78":[8],"79":[7],"80":[7],"81":[2],"82":[1],"83":[6],"84":[5],"85":[3],"86":[0],"87":[0],"88":[1],"89":[0],"90":[0],"91":[2],"92":[1],"93":[0],"94":[0],"95":[2],"96":[0],"97":[9],"98":[0],"99":[0],"100":[1],"101":[8],"102":[0],"103":[8],"104":[16],"105":[8],"106":[9],"107":[9],"108":[1],"109":[0],"110":[0],"111":[8],"112":[1],"113":[0],"114":[0],"115":[2],"116":[1],"117":[0],"118":[0],"119":[1],"120":[0],"121":[0],"122":[3],"123":[2],"124":[1],"125":[4],"126":[1],"127":[2],"128":[2],"129":[1],"130":[0],"131":[1],"132":[1],"133":[0],"134":[1],"135":[9],"136":[1],"137":[8],"138":[456],"139":[8],"140":[20],"141":[2],"142":[2],"143":[1],"144":[0],"145":[1],"146":[1],"147":[0],"148":[1],"149":[9],"150":[1],"151":[8],"152":[456],"153":[8],"154":[20],"155":[1],"156":[1],"157":[1],"158":[4],"159":[4],"160":[0],"161":[1],"162":[3],"163":[1],"164":[1],"165":[2],"166":[1],"167":[1],"168":[1],"169":[1]},"fnMap":{"0":{"name":"blockNumber","decl":{"start":{"line":72,"column":16},"end":{"line":85,"column":6}},"loc":{"start":{"line":72,"column":16},"end":{"line":85,"column":6}},"line":72},"1":{"name":"call","decl":{"start":{"line":87,"column":9},"end":{"line":229,"column":6}},"loc":{"start":{"line":87,"column":9},"end":{"line":229,"column":6}},"line":87},"2":{"name":"hexToBytes","decl":{"start":{"line":95,"column":24},"end":{"line":108,"column":6}},"loc":{"start":{"line":95,"column":24},"end":{"line":108,"column":6}},"line":95},"3":{"name":"try","decl":{"start":{"line":111,"column":11},"end":{"line":111,"column":41}},"loc":{"start":{"line":111,"column":11},"end":{"line":111,"column":41}},"line":111},"4":{"name":"catch","decl":{"start":{"line":112,"column":13},"end":{"line":116,"column":9}},"loc":{"start":{"line":112,"column":13},"end":{"line":116,"column":9}},"line":112},"5":{"name":"try","decl":{"start":{"line":121,"column":11},"end":{"line":121,"column":40}},"loc":{"start":{"line":121,"column":11},"end":{"line":121,"column":40}},"line":121},"6":{"name":"catch","decl":{"start":{"line":122,"column":13},"end":{"line":127,"column":9}},"loc":{"start":{"line":122,"column":13},"end":{"line":127,"column":9}},"line":122},"7":{"name":"try","decl":{"start":{"line":141,"column":12},"end":{"line":141,"column":42}},"loc":{"start":{"line":141,"column":12},"end":{"line":141,"column":42}},"line":141},"8":{"name":"catch","decl":{"start":{"line":142,"column":14},"end":{"line":147,"column":10}},"loc":{"start":{"line":142,"column":14},"end":{"line":147,"column":10}},"line":142},"9":{"name":"try","decl":{"start":{"line":152,"column":12},"end":{"line":152,"column":44}},"loc":{"start":{"line":152,"column":12},"end":{"line":152,"column":44}},"line":152},"10":{"name":"catch","decl":{"start":{"line":153,"column":14},"end":{"line":158,"column":10}},"loc":{"start":{"line":153,"column":14},"end":{"line":158,"column":10}},"line":153},"11":{"name":"bytesToHex","decl":{"start":{"line":174,"column":24},"end":{"line":184,"column":6}},"loc":{"start":{"line":174,"column":24},"end":{"line":184,"column":6}},"line":174},"12":{"name":"chainId","decl":{"start":{"line":231,"column":12},"end":{"line":231,"column":56}},"loc":{"start":{"line":231,"column":12},"end":{"line":231,"column":56}},"line":231},"13":{"name":"gasPrice","decl":{"start":{"line":233,"column":13},"end":{"line":240,"column":6}},"loc":{"start":{"line":233,"column":13},"end":{"line":240,"column":6}},"line":233},"14":{"name":"getBalance","decl":{"start":{"line":242,"column":15},"end":{"line":242,"column":63}},"loc":{"start":{"line":242,"column":15},"end":{"line":242,"column":63}},"line":242},"15":{"name":"getCode","decl":{"start":{"line":244,"column":12},"end":{"line":244,"column":54}},"loc":{"start":{"line":244,"column":12},"end":{"line":244,"column":54}},"line":244},"16":{"name":"getStorageAt","decl":{"start":{"line":246,"column":17},"end":{"line":246,"column":69}},"loc":{"start":{"line":246,"column":17},"end":{"line":246,"column":69}},"line":246},"17":{"name":"estimateGas","decl":{"start":{"line":248,"column":16},"end":{"line":382,"column":6}},"loc":{"start":{"line":248,"column":16},"end":{"line":382,"column":6}},"line":248},"18":{"name":"hexToBytes","decl":{"start":{"li
[...]
ns":[{"start":{"line":301,"column":5},"end":{"line":302,"column":4}}]},"81":{"type":"branch","line":266,"loc":{"start":{"line":266,"column":12},"end":{"line":266,"column":45}},"locations":[{"start":{"line":266,"column":12},"end":{"line":266,"column":45}}]},"82":{"type":"branch","line":266,"loc":{"start":{"line":266,"column":36},"end":{"line":266,"column":44}},"locations":[{"start":{"line":266,"column":36},"end":{"line":266,"column":44}}]},"83":{"type":"branch","line":267,"loc":{"start":{"line":267,"column":14},"end":{"line":271,"column":10}},"locations":[{"start":{"line":267,"column":14},"end":{"line":271,"column":10}}]},"84":{"type":"branch","line":269,"loc":{"start":{"line":269,"column":102},"end":{"line":269,"column":113}},"locations":[{"start":{"line":269,"column":102},"end":{"line":269,"column":113}}]},"85":{"type":"branch","line":270,"loc":{"start":{"line":270,"column":39},"end":{"line":270,"column":50}},"locations":[{"start":{"line":270,"column":39},"end":{"line":270,"column":50}}]},"86":{"type":"branch","line":275,"loc":{"start":{"line":275,"column":12},"end":{"line":275,"column":47}},"locations":[{"start":{"line":275,"column":12},"end":{"line":275,"column":47}}]},"87":{"type":"branch","line":275,"loc":{"start":{"line":275,"column":38},"end":{"line":275,"column":46}},"locations":[{"start":{"line":275,"column":38},"end":{"line":275,"column":46}}]},"88":{"type":"branch","line":276,"loc":{"start":{"line":276,"column":14},"end":{"line":280,"column":10}},"locations":[{"start":{"line":276,"column":14},"end":{"line":280,"column":10}}]},"89":{"type":"branch","line":278,"loc":{"start":{"line":278,"column":104},"end":{"line":278,"column":115}},"locations":[{"start":{"line":278,"column":104},"end":{"line":278,"column":115}}]},"90":{"type":"branch","line":279,"loc":{"start":{"line":279,"column":39},"end":{"line":279,"column":50}},"locations":[{"start":{"line":279,"column":39},"end":{"line":279,"column":50}}]},"91":{"type":"branch","line":295,"loc":{"start":{"line":295,"column":7},"end":{"line":299,"column":10}},"locations":[{"start":{"line":295,"column":7},"end":{"line":299,"column":10}}]},"92":{"type":"branch","line":297,"loc":{"start":{"line":297,"column":74},"end":{"line":297,"column":85}},"locations":[{"start":{"line":297,"column":74},"end":{"line":297,"column":85}}]},"93":{"type":"branch","line":298,"loc":{"start":{"line":298,"column":39},"end":{"line":298,"column":50}},"locations":[{"start":{"line":298,"column":39},"end":{"line":298,"column":50}}]},"94":{"type":"branch","line":304,"loc":{"start":{"line":304,"column":9},"end":{"line":386,"column":6}},"locations":[{"start":{"line":304,"column":9},"end":{"line":386,"column":6}}]},"95":{"type":"branch","line":305,"loc":{"start":{"line":305,"column":15},"end":{"line":386,"column":5}},"locations":[{"start":{"line":305,"column":15},"end":{"line":386,"column":5}}]},"96":{"type":"branch","line":306,"loc":{"start":{"line":306,"column":35},"end":{"line":306,"column":39}},"locations":[{"start":{"line":306,"column":35},"end":{"line":306,"column":39}}]},"97":{"type":"branch","line":309,"loc":{"start":{"line":309,"column":65},"end":{"line":309,"column":78}},"locations":[{"start":{"line":309,"column":65},"end":{"line":309,"column":78}}]},"98":{"type":"branch","line":309,"loc":{"start":{"line":309,"column":80},"end":{"line":315,"column":6}},"locations":[{"start":{"line":309,"column":80},"end":{"line":315,"column":6}}]},"99":{"type":"branch","line":315,"loc":{"start":{"line":315,"column":5},"end":{"line":317,"column":24}},"locations":[{"start":{"line":315,"column":5},"end":{"line":317,"column":24}}]},"100":{"type":"branch","line":317,"loc":{"start":{"line":317,"column":24},"end":{"line":323,"column":6}},"locations":[{"start":{"line":317,"column":24},"end":{"line":323,"column":6}}]},"101":{"type":"branch","line":323,"loc":{"start":{"line":323,"column":5},"end":{"line":328,"column":38}},"locations":[{"start":{"line":323,"column":5},"end":{"line":328,"column":38}}]},"102":{"type":"branch","line":328,"loc":{"start":{"line":328,"column":38},"end":{"line":385,"column":6}},"locations":[{"start":{"line":328,"column":38},"end":{"line":385,"column":6}}]},"103":{"type":"branch","line":337,"loc":{"start":{"line":337,"column":6},"end":{"line":342,"column":59}},"locations":[{"start":{"line":337,"column":6},"end":{"line":342,"column":59}}]},"104":{"type":"branch","line":342,"loc":{"start":{"line":342,"column":59},"end":{"line":342,"column":81}},"locations":[{"start":{"line":342,"column":59},"end":{"line":342,"column":81}}]},"105":{"type":"branch","line":342,"loc":{"start":{"line":342,"column":82},"end":{"line":342,"column":95}},"locations":[{"start":{"line":342,"column":82},"end":{"line":342,"column":95}}]},"106":{"type":"branch","line":364,"loc":{"start":{"line":364,"column":6},"end":{"line":374,"column":8}},"locations":[{"start":{"line":364,"column":6},"end":{"line":374,"column":8}}]},"107":{"type":"branch","line":374,"loc":{"start":{"line":374,"column":7},"end":{"line":384,"column":7}},"locations":[{"start":{"line":374,"column":7},"end":{"line":384,"column":7}}]},"108":{"type":"branch","line":384,"loc":{"start":{"line":384,"column":6},"end":{"line":385,"column":6}},"locations":[{"start":{"line":384,"column":6},"end":{"line":385,"column":6}}]},"109":{"type":"branch","line":385,"loc":{"start":{"line":385,"column":5},"end":{"line":386,"column":4}},"locations":[{"start":{"line":385,"column":5},"end":{"line":386,"column":4}}]},"110":{"type":"branch","line":331,"loc":{"start":{"line":331,"column":23},"end":{"line":335,"column":10}},"locations":[{"start":{"line":331,"column":23},"end":{"line":335,"column":10}}]},"111":{"type":"branch","line":333,"loc":{"start":{"line":333,"column":81},"end":{"line":333,"column":92}},"locations":[{"start":{"line":333,"column":81},"end":{"line":333,"column":92}}]},"112":{"type":"branch","line":334,"loc":{"start":{"line":334,"column":39},"end":{"line":334,"column":50}},"locations":[{"start":{"line":334,"column":39},"end":{"line":334,"column":50}}]},"113":{"type":"branch","line":358,"loc":{"start":{"line":358,"column":23},"end":{"line":362,"column":10}},"locations":[{"start":{"line":358,"column":23},"end":{"line":362,"column":10}}]},"114":{"type":"branch","line":360,"loc":{"start":{"line":360,"column":75},"end":{"line":360,"column":86}},"locations":[{"start":{"line":360,"column":75},"end":{"line":360,"column":86}}]},"115":{"type":"branch","line":361,"loc":{"start":{"line":361,"column":39},"end":{"line":361,"column":50}},"locations":[{"start":{"line":361,"column":39},"end":{"line":361,"column":50}}]},"116":{"type":"branch","line":368,"loc":{"start":{"line":368,"column":12},"end":{"line":368,"column":38}},"locations":[{"start":{"line":368,"column":12},"end":{"line":368,"column":38}}]},"117":{"type":"branch","line":369,"loc":{"start":{"line":369,"column":14},"end":{"line":373,"column":10}},"locations":[{"start":{"line":369,"column":14},"end":{"line":373,"column":10}}]},"118":{"type":"branch","line":371,"loc":{"start":{"line":371,"column":78},"end":{"line":371,"column":89}},"locations":[{"start":{"line":371,"column":78},"end":{"line":371,"column":89}}]},"119":{"type":"branch","line":372,"loc":{"start":{"line":372,"column":39},"end":{"line":372,"column":50}},"locations":[{"start":{"line":372,"column":39},"end":{"line":372,"column":50}}]},"120":{"type":"branch","line":378,"loc":{"start":{"line":378,"column":23},"end":{"line":382,"column":10}},"locations":[{"start":{"line":378,"column":23},"end":{"line":382,"column":10}}]},"121":{"type":"branch","line":380,"loc":{"start":{"line":380,"column":89},"end":{"line":380,"column":100}},"locations":[{"start":{"line":380,"column":89},"end":{"line":380,"column":100}}]},"122":{"type":"branch","line":381,"loc":{"start":{"line":381,"column":39},"end":{"line":381,"column":50}},"locations":[{"start":{"line":381,"column":39},"end":{"line":381,"column":50}}]},"123":{"type":"branch","line":389,"loc":{"start":{"line":389,"column":13},"end":{"line":397,"column":5}},"locations":[{"start":{"line":389,"column":13},"end":{"line":397,"column":5}}]},"124":{"type":"branch","line":391,"loc":{"start":{"line":391,"column":21},"end":{"line":395,"column":8}},"locations":[{"start":{"line":391,"column":21},"end":{"line":395,"column":8}}]},"125":{"type":"branch","line":393,"loc":{"start":{"line":393,"column":75},"end":{"line":393,"column":86}},"locations":[{"start":{"line":393,"column":75},"end":{"line":393,"column":86}}]},"126":{"type":"branch","line":394,"loc":{"start":{"line":394,"column":37},"end":{"line":394,"column":48}},"locations":[{"start":{"line":394,"column":37},"end":{"line":394,"column":48}}]},"127":{"type":"branch","line":399,"loc":{"start":{"line":399,"column":11},"end":{"line":414,"column":5}},"locations":[{"start":{"line":399,"column":11},"end":{"line":414,"column":5}}]},"128":{"type":"branch","line":401,"loc":{"start":{"line":401,"column":21},"end":{"line":413,"column":6}},"locations":[{"start":{"line":401,"column":21},"end":{"line":413,"column":6}}]},"129":{"type":"branch","line":402,"loc":{"start":{"line":402,"column":91},"end":{"line":402,"column":128}},"locations":[{"start":{"line":402,"column":91},"end":{"line":402,"column":128}}]},"130":{"type":"branch","line":402,"loc":{"start":{"line":402,"column":131},"end":{"line":410,"column":79}},"locations":[{"start":{"line":402,"column":131},"end":{"line":410,"column":79}}]},"131":{"type":"branch","line":406,"loc":{"start":{"line":406,"column":34},"end":{"line":406,"column":37}},"locations":[{"start":{"line":406,"column":34},"end":{"line":406,"column":37}}]},"132":{"type":"branch","line":410,"loc":{"start":{"line":410,"column":80},"end":{"line":410,"column":91}},"locations":[{"start":{"line":410,"column":80},"end":{"line":410,"column":91}}]},"133":{"type":"branch","line":411,"loc":{"start":{"line":411,"column":33},"end":{"line":411,"column":36}},"locations":[{"start":{"line":411,"column":33},"end":{"line":411,"column":36}}]},"134":{"type":"branch","line":411,"loc":{"start":{"line":411,"column":37},"end":{"line":411,"column":48}},"locations":[{"start":{"line":411,"column":37},"end":{"line":411,"column":48}}]}},"b":{"0":[39],"1":[10],"2":[8],"3":[3],"4":[7],"5":[0],"6":[2],"7":[5],"8":[1],"9":[4],"10":[12],"11":[5],"12":[5],"13":[1],"14":[4],"15":[8],"16":[4],"17":[10],"18":[10],"19":[8],"20":[7],"21":[7],"22":[7],"23":[7],"24":[6],"25":[2],"26":[1],"27":[6],"28":[5],"29":[0],"30":[0],"31":[0],"32":[1],"33":[0],"34":[5],"35":[0],"36":[10],"37":[10],"38":[2],"39":[0],"40":[0],"41":[7],"42":[1],"43":[0],"44":[0],"45":[2],"46":[1],"47":[0],"48":[0],"49":[1],"50":[0],"51":[0],"52":[1],"53":[1],"54":[1],"55":[1],"56":[3],"57":[3],"58":[2],"59":[1],"60":[1],"61":[1],"62":[0],"63":[0],"64":[9],"65":[9],"66":[1],"67":[0],"68":[0],"69":[0],"70":[8],"71":[5],"72":[8],"73":[7],"74":[6],"75":[1],"76":[1],"77":[1],"78":[1],"79":[6],"80":[5],"81":[8],"82":[1],"83":[1],"84":[0],"85":[0],"86":[7],"87":[1],"88":[1],"89":[0],"90":[0],"91":[1],"92":[0],"93":[0],"94":[10],"95":[10],"96":[1],"97":[9],"98":[2],"99":[8],"100":[1],"101":[7],"102":[9],"103":[8],"104":[1],"105":[7],"106":[7],"107":[6],"108":[5],"109":[5],"110":[1],"111":[0],"112":[0],"113":[1],"114":[0],"115":[0],"116":[7],"117":[1],"118":[0],"119":[0],"120":[1],"121":[0],"122":[0],"123":[2],"124":[1],"125":[0],"126":[0],"127":[3],"128":[2],"129":[1],"130":[1],"131":[0],"132":[0],"133":[1],"134":[0]},"fnMap":{"0":{"name":"hexToBytes","decl":{"start":{"line":71,"column":21},"end":{"line":84,"column":3}},"loc":{"start":{"line":71,"column":21},"end":{"line":84,"column":3}},"line":71},"1":{"name":"bytesToHex","decl":{"start":{"line":91,"column":21},"end":{"line":101,"column":3}},"loc":{"start":{"line":91,"column":21},"end":{"line":101,"column":3}},"line":91},"2":{"name":"call","decl":{"start":{"line":104,"column":9},"end":{"line":180,"column":6}},"loc":{"start":{"line":104,"column":9},"end":{"line":180,"column":6}},"line":104},"3":{"name":"try","decl":{"start":{"line":109,"column":11},"end":{"line":109,"column":41}},"loc":{"start":{"line":109,"column":11},"end":{"line":109,"column":41}},"line":109},"4":{"name":"catch","decl":{"start":{"line":110,"column":13},"end":{"line":114,"column":9}},"loc":{"start":{"line":110,"column":13},"end":{"line":114,"column":9}},"line":110},"5":{"name":"try","decl":{"start":{"line":120,"column":11},"end":{"line":120,"column":40}},"loc":{"start":{"line":120,"column":11},"end":{"line":120,"column":40}},"line":120},"6":{"name":"catch","decl":{"start":{"line":121,"column":13},"end":{"line":126,"column":9}},"loc":{"start":{"line":121,"column":13},"end":{"line":126,"column":9}},"line":121},"7":{"name":"try","decl":{"start":{"line":139,"column":12},"end":{"line":139,"column":42}},"loc":{"start":{"line":139,"column":12},"end":{"line":139,"column":42}},"line":139},"8":{"name":"catch","decl":{"start":{"line":140,"column":14},"end":{"line":145,"column":10}},"loc":{"start":{"line":140,"column":14},"end":{"line":145,"column":10}},"line":140},"9":{"name":"try","decl":{"start":{"line":150,"column":12},"end":{"line":150,"column":44}},"loc":{"start":{"line":150,"column":12},"end":{"line":150,"column":44}},"line":150},"10":{"name":"catch","decl":{"start":{"line":151,"column":14},"end":{"line":156,"column":10}},"loc":{"start":{"line":151,"column":14},"end":{"line":156,"column":10}},"line":151},"11":{"name":"getAccount","decl":{"start":{"line":182,"column":15},"end":{"line":195,"column":5}},"loc":{"start":{"line":182,"column":15},"end":{"line":195,"column":5}},"line":182},"12":{"name":"setAccount","decl":{"start":{"line":197,"column":15},"end":{"line":202,"column":5}},"loc":{"start":{"line":197,"column":15},"end":{"line":202,"column":5}},"line":197},"13":{"name":"dumpState","decl":{"start":{"line":204,"column":14},"end":{"line":238,"column":6}},"loc":{"start":{"line":204,"column":14},"end":{"line":238,"column":6}},"line":204},"14":{"name":"loadState","decl":{"start":{"line":240,"column":14},"end":{"line":302,"column":6}},"loc":{"start":{"line":240,"column":14},"end":{"line":302,"column":6}},"line":240},"15":{"name":"try","decl":{"start":{"line":266,"column":12},"end":{"line":266,"column":45}},"loc":{"start":{"line":266,"column":12},"end":{"line":266,"column":45}},"line":266},"16":{"name":"catch","decl":{"start":{"line":267,"column":14},"end":{"line":271,"column":10}},"loc":{"start":{"line":267,"column":14},"end":{"line":271,"column":10}},"line":267},"17":{"name":"try","decl":{"start":{"line":275,"column":12},"end":{"line":275,"column":47}},"loc":{"start":{"line":275,"column":12},"end":{"line":275,"column":47}},"line":275},"18":{"name":"catch","decl":{"start":{"line":276,"column":14},"end":{"line":280,"column":10}},"loc":{"start":{"line":276,"column":14},"end":{"line":280,"column":10}},"line":276},"19":{"name":"mine","decl":{"start":{"line":304,"column":9},"end":{"line":386,"column":6}},"loc":{"start":{"line":304,"column":9},"end":{"line":386,"column":6}},"line":304},"20":{"name":"try","decl":{"start":{"line":368,"column":12},"end":{"line":368,"column":38}},"loc":{"start":{"line":368,"column":12},"end":{"line":368,"column":38}},"line":368},"21":{"name":"catch","decl":{"start":{"line":369,"column":14},"end":{"line":373,"column":10}},"loc":{"start":{"line":369,"column":14},"end":{"line":373,"column":10}},"line":369},"22":{"name":"snapshot","decl":{"start":{"line":389,"column":13},"end":{"line":397,"column":5}},"loc":{"start":{"line":389,"column":13},"end":{"line":397,"column":5}},"line":389},"23":{"name":"revert","decl":{"start":{"line":399,"column":11},"end":{"line":414,"column":5}},"loc":{"start":{"line":399,"column":11},"end":{"line":414,"column":5}},"line":399}},"f":{"0":10,"1":5,"2":10,"3":10,"4":0,"5":10,"6":2,"7":7,"8":1,"9":2,"10":1,"11":1,"12":1,"13":3,"14":9,"15":8,"16":1,"17":7,"18":1,"19":10,"20":7,"21":1,"22":2,"23":3}}
,"/Users/colinnielsen/code/tevm-monorepo/packages/decorators-effect/src/TevmActionsService.js": {"path":"/Users/colinnielsen/code/tevm-monorepo/packages/decorators-effect/src/TevmActionsService.js","all":false,"statementMap":{"0":{"start":{"line":1,"column":0},"end":{"line":1,"column":3}},"1":{"start":{"line":2,"column":0},"end":{"line":2,"column":53}},"2":{"start":{"line":3,"column":0},"end":{"line":3,"column":60}},"3":{"start":{"line":4,"column":0},"end":{"line":4,"column":3}},"5":{"start":{"line":6,"column":0},"end":{"line":6,"column":32}},"7":{"start":{"line":8,"column":0},"end":{"line":8,"column":3}},"8":{"start":{"line":9,"column":0},"end":{"line":9,"column":68}},"9":{"start":{"line":10,"column":0},"end":{"line":10,"column":3}},"11":{"start":{"line":12,"column":0},"end":{"line":12,"column":3}},"12":{"start":{"line":13,"column":0},"end":{"line":13,"column":60}},"13":{"start":{"line":14,"column":0},"end":{"line":14,"column":98}},"14":{"start":{"line":15,"column":0},"end":{"line":15,"column":3}},"16":{"start":{"line":17,"column":0},"end":{"line":17,"column":3}},"17":{"start":{"line":18,"column":0},"end":{"line":18,"column":66}},"18":{"start":{"line":19,"column":0},"end":{"line":19,"column":2}},"19":{"start":{"line":20,"column":0},"end":{"line":20,"column":54}},"20":{"start":{"line":21,"column":0},"end":{"line":21,"column":53}},"21":{"start":{"line":22,"column":0},"end":{"line":22,"column":46}},"22":{"start":{"line":23,"column":0},"end":{"line":23,"column":37}},"23":{"start":{"line":24,"column":0},"end":{"line":24,"column":39}},"24":{"start":{"line":25,"column":0},"end":{"line":25,"column":47}},"25":{"start":{"line":26,"column":0},"end":{"line":26,"column":25}},"26":{"start":{"line":27,"column":0},"end":{"line":27,"column":50}},"27":{"start":{"line":28,"column":0},"end":{"line":28,"column":49}},"28":{"start":{"line":29,"column":0},"end":{"line":29,"column":2}},"29":{"start":{"line":30,"column":0},"end":{"line":30,"column":11}},"30":{"start":{"line":31,"column":0},"end":{"line":31,"column":16}},"31":{"start":{"line":32,"column":0},"end":{"line":32,"column":34}},"32":{"start":{"line":33,"column":0},"end":{"line":33,"column":63}},"33":{"start":{"line":34,"column":0},"end":{"line":34,"column":2}},"34":{"start":{"line":35,"column":0},"end":{"line":35,"column":44}},"35":{"start":{"line":36,"column":0},"end":{"line":36,"column":50}},"36":{"start":{"line":37,"column":0},"end":{"line":37,"column":2}},"37":{"start":{"line":38,"column":0},"end":{"line":38,"column":22}},"38":{"start":{"line":39,"column":0},"end":{"line":39,"column":36}},"39":{"start":{"line":40,"column":0},"end":{"line":40,"column":61}},"40":{"start":{"line":41,"column":0},"end":{"line":41,"column":36}},"41":{"start":{"line":42,"column":0},"end":{"line":42,"column":7}},"42":{"start":{"line":43,"column":0},"end":{"line":43,"column":2}},"43":{"start":{"line":44,"column":0},"end":{"line":44,"column":25}},"44":{"start":{"line":45,"column":0},"end":{"line":45,"column":52}},"45":{"start":{"line":46,"column":0},"end":{"line":46,"column":60}},"46":{"start":{"line":47,"column":0},"end":{"line":47,"column":7}},"47":{"start":{"line":48,"column":0},"end":{"line":48,"column":2}},"48":{"start":{"line":49,"column":0},"end":{"line":49,"column":19}},"49":{"start":{"line":50,"column":0},"end":{"line":50,"column":5}},"50":{"start":{"line":51,"column":0},"end":{"line":51,"column":6}},"51":{"start":{"line":52,"column":0},"end":{"line":52,"column":2}},"52":{"start":{"line":53,"column":0},"end":{"line":53,"column":62}},"53":{"start":{"line":54,"column":0},"end":{"line":54,"column":3}},"54":{"start":{"line":55,"column":0},"end":{"line":55,"column":102}},"55":{"start":{"line":56,"column":0},"end":{"line":56,"column":65}},"56":{"start":{"line":57,"column":0},"end":{"line":57,"column":1}}},"s":{"0":1,"1":1,"2":1,"3":1,"5":1,"7":1,"8":1,"9":1,"11":1,"12":1,"13":1,"14":1,"16":1,"17":1,"18":1,"19":1,"20":1,"21":1,"22":1,"23":1,"24":1,"25":1,"26":1,"27":1,"28":1,"29":1,"30":1,"31":1,"32":1,"33":1,"34":1,"35":1,"36":1,"37":1,"38":1,"39":1,"40":1,"41":1,"42":1,"43":1,"44":1,"45":1,"46":1,"47":1,"48":1,"49":1,"50":1,"51":1,"52":1,"53":1,"54":1,"55":1,"56":1},"branchMap":{},"b":{},"fnMap":{},"f":{}}
}
